Building DAG of jobs...
Using shell: /usr/bin/bash
Provided cluster nodes: 12
Job counts:
	count	jobs
	1	annotANNOVAR
	1	annotINTERVAR
	1	annotVEP
	3	bgzip
	1	combineGVCF
	1	combineVCF
	1	createGVCFList
	1	extractGNOMAD
	1	extractGNOMADVEP
	1	filterIndels
	1	filterSNVs
	1	filtrationVEP
	1	freqGNOMAD
	1	genotypeGVCF
	1	gunzipCADD
	1	scoreCADD
	1	selectIndels
	1	selectSNVs
	3	tabix
	1	target
	24

[Thu Aug 20 13:24:01 2020]
rule createGVCFList:
    input: Samples/Sample1/VCF/Sample1.hapcaller.g.vcf
    output: VCF/gvcf.list
    jobid: 51
    reason: Missing output files: VCF/gvcf.list

Submitted job 51 with external jobid 'Your job 4087466 ("snakejob.createGVCFList.51.sh") has been submitted'.
[Thu Aug 20 13:24:11 2020]
Finished job 51.
1 of 24 steps (4%) done

[Thu Aug 20 13:24:11 2020]
rule combineGVCF:
    input: /sandbox/users/mguillout/pipeline/REFERENCES/human_g1k_v37.fasta, VCF/gvcf.list, /sandbox/users/mguillout/pipeline/REFERENCES/human_g1k_v37.dict, gatkPresent.txt
    output: VCF/hapcaller.combined.g.vcf.gz, VCF/hapcaller.combined.g.vcf.gz.tbi
    jobid: 50
    reason: Missing output files: VCF/hapcaller.combined.g.vcf.gz, VCF/hapcaller.combined.g.vcf.gz.tbi; Input files updated by another job: VCF/gvcf.list

gatk -Djava.io.tmpdir=VCF -XX:ParallelGCThreads=3 -Xmx10g -T CombineGVCFs 		-R /sandbox/users/mguillout/pipeline/REFERENCES/human_g1k_v37.fasta 		--variant VCF/gvcf.list 		-S SILENT 		-o VCF/hapcaller.combined.g.vcf.gz
Submitted job 50 with external jobid 'Your job 4087467 ("snakejob.combineGVCF.50.sh") has been submitted'.
Removing temporary output file VCF/gvcf.list.
[Thu Aug 20 13:28:01 2020]
Finished job 50.
2 of 24 steps (8%) done

[Thu Aug 20 13:28:01 2020]
rule genotypeGVCF:
    input: /sandbox/users/mguillout/pipeline/REFERENCES/human_g1k_v37.fasta, VCF/hapcaller.combined.g.vcf.gz, VCF/hapcaller.combined.g.vcf.gz.tbi, /sandbox/users/mguillout/pipeline/REFERENCES/human_g1k_v37.dict, gatkPresent.txt
    output: VCF/hapcaller.genotyped.vcf.gz, VCF/hapcaller.genotyped.vcf.gz.tbi
    jobid: 49
    reason: Missing output files: VCF/hapcaller.genotyped.vcf.gz, VCF/hapcaller.genotyped.vcf.gz.tbi; Input files updated by another job: VCF/hapcaller.combined.g.vcf.gz, VCF/hapcaller.combined.g.vcf.gz.tbi

gatk -Djava.io.tmpdir=VCF -XX:ParallelGCThreads=3 -Xmx3g -T GenotypeGVCFs 		-R /sandbox/users/mguillout/pipeline/REFERENCES/human_g1k_v37.fasta 		--variant VCF/hapcaller.combined.g.vcf.gz 		-S SILENT 		-o VCF/hapcaller.genotyped.vcf.gz
Submitted job 49 with external jobid 'Your job 4087473 ("snakejob.genotypeGVCF.49.sh") has been submitted'.
Removing temporary output file VCF/hapcaller.combined.g.vcf.gz.
Removing temporary output file VCF/hapcaller.combined.g.vcf.gz.tbi.
[Thu Aug 20 13:30:52 2020]
Finished job 49.
3 of 24 steps (12%) done

[Thu Aug 20 13:30:52 2020]
rule selectSNVs:
    input: /sandbox/users/mguillout/pipeline/REFERENCES/human_g1k_v37.fasta, VCF/hapcaller.genotyped.vcf.gz, VCF/hapcaller.genotyped.vcf.gz.tbi, /sandbox/users/mguillout/pipeline/REFERENCES/human_g1k_v37.dict, gatkPresent.txt
    output: VCF/hapcaller.snv.recal.select.vcf.gz, VCF/hapcaller.snv.recal.select.vcf.gz.tbi
    jobid: 47
    reason: Missing output files: VCF/hapcaller.snv.recal.select.vcf.gz, VCF/hapcaller.snv.recal.select.vcf.gz.tbi; Input files updated by another job: VCF/hapcaller.genotyped.vcf.gz, VCF/hapcaller.genotyped.vcf.gz.tbi

gatk -Djava.io.tmpdir=VCF -XX:ParallelGCThreads=3 -Xmx3g -T SelectVariants 		-R /sandbox/users/mguillout/pipeline/REFERENCES/human_g1k_v37.fasta 		--logging_level FATAL 		-selectType SNP 		--variant VCF/hapcaller.genotyped.vcf.gz 		-o VCF/hapcaller.snv.recal.select.vcf.gz
Submitted job 47 with external jobid 'Your job 4087477 ("snakejob.selectSNVs.47.sh") has been submitted'.

[Thu Aug 20 13:30:52 2020]
rule selectIndels:
    input: /sandbox/users/mguillout/pipeline/REFERENCES/human_g1k_v37.fasta, VCF/hapcaller.genotyped.vcf.gz, VCF/hapcaller.genotyped.vcf.gz.tbi, /sandbox/users/mguillout/pipeline/REFERENCES/human_g1k_v37.dict, gatkPresent.txt
    output: VCF/hapcaller.indel.recal.select.vcf.gz, VCF/hapcaller.indel.recal.select.vcf.gz.tbi
    jobid: 48
    reason: Missing output files: VCF/hapcaller.indel.recal.select.vcf.gz.tbi, VCF/hapcaller.indel.recal.select.vcf.gz; Input files updated by another job: VCF/hapcaller.genotyped.vcf.gz, VCF/hapcaller.genotyped.vcf.gz.tbi

gatk -Djava.io.tmpdir=VCF -XX:ParallelGCThreads=3 -Xmx3g -T SelectVariants 		-R /sandbox/users/mguillout/pipeline/REFERENCES/human_g1k_v37.fasta 		--logging_level FATAL 		-selectType INDEL 		--variant VCF/hapcaller.genotyped.vcf.gz 		-o VCF/hapcaller.indel.recal.select.vcf.gz
Submitted job 48 with external jobid 'Your job 4087478 ("snakejob.selectIndels.48.sh") has been submitted'.
[Thu Aug 20 13:31:22 2020]
Finished job 47.
4 of 24 steps (17%) done
Removing temporary output file VCF/hapcaller.genotyped.vcf.gz.
Removing temporary output file VCF/hapcaller.genotyped.vcf.gz.tbi.
[Thu Aug 20 13:31:22 2020]
Finished job 48.
5 of 24 steps (21%) done

[Thu Aug 20 13:31:22 2020]
rule filterSNVs:
    input: /sandbox/users/mguillout/pipeline/REFERENCES/human_g1k_v37.fasta, VCF/hapcaller.snv.recal.select.vcf.gz, VCF/hapcaller.snv.recal.select.vcf.gz.tbi, /sandbox/users/mguillout/pipeline/REFERENCES/human_g1k_v37.dict, gatkPresent.txt
    output: VCF/hapcaller.snv.recal.filter.vcf.gz, VCF/hapcaller.snv.recal.filter.vcf.gz.tbi
    jobid: 44
    reason: Missing output files: VCF/hapcaller.snv.recal.filter.vcf.gz, VCF/hapcaller.snv.recal.filter.vcf.gz.tbi; Input files updated by another job: VCF/hapcaller.snv.recal.select.vcf.gz, VCF/hapcaller.snv.recal.select.vcf.gz.tbi

gatk -Djava.io.tmpdir=VCF -XX:ParallelGCThreads=3 -Xmx3g -T VariantFiltration 		-R /sandbox/users/mguillout/pipeline/REFERENCES/human_g1k_v37.fasta 		--logging_level FATAL  		--filterExpression 'QD < 2.0' --filterName 'FAILS_HARD_FILTER_SNP_QD' 		--filterExpression 'FS > 60.0' --filterName 'FAILS_HARD_FILTER_SNP_FS' 		--filterExpression 'MQ < 30.0' --filterName 'FAILS_HARD_FILTER_SNP_MQ' 		--filterExpression 'MQRankSum < -12.5' --filterName 'FAILS_HARD_FILTER_SNP_MQRankSum' 		--filterExpression 'ReadPosRankSum < -8.0' --filterName 'FAILS_HARD_FILTER_SNP_ReadPosRankSum' 		--variant VCF/hapcaller.snv.recal.select.vcf.gz 		-o VCF/hapcaller.snv.recal.filter.vcf.gz
Submitted job 44 with external jobid 'Your job 4087480 ("snakejob.filterSNVs.44.sh") has been submitted'.

[Thu Aug 20 13:31:22 2020]
rule filterIndels:
    input: /sandbox/users/mguillout/pipeline/REFERENCES/human_g1k_v37.fasta, VCF/hapcaller.indel.recal.select.vcf.gz, VCF/hapcaller.indel.recal.select.vcf.gz.tbi, /sandbox/users/mguillout/pipeline/REFERENCES/human_g1k_v37.dict, gatkPresent.txt
    output: VCF/hapcaller.indel.recal.filter.vcf.gz, VCF/hapcaller.indel.recal.filter.vcf.gz.tbi
    jobid: 45
    reason: Missing output files: VCF/hapcaller.indel.recal.filter.vcf.gz, VCF/hapcaller.indel.recal.filter.vcf.gz.tbi; Input files updated by another job: VCF/hapcaller.indel.recal.select.vcf.gz.tbi, VCF/hapcaller.indel.recal.select.vcf.gz

gatk -Djava.io.tmpdir=VCF -XX:ParallelGCThreads=3 -Xmx3g -T VariantFiltration 		-R /sandbox/users/mguillout/pipeline/REFERENCES/human_g1k_v37.fasta 		--logging_level FATAL  		--filterExpression 'QD < 2.0' --filterName 'FAILS_HARD_FILTER_INDEL_QD' 		--filterExpression 'FS > 200.0' --filterName 'FAILS_HARD_FILTER_INDEL_FS' 		--filterExpression 'ReadPosRankSum < -20.0' --filterName 'FAILS_HARD_FILTER_INDEL_ReadPosRankSum' 		--filterExpression 'SOR > 10.0' --filterName 'FAILS_HARD_FILTER_INDEL_SOR' 		--variant VCF/hapcaller.indel.recal.select.vcf.gz 		-o VCF/hapcaller.indel.recal.filter.vcf.gz
Submitted job 45 with external jobid 'Your job 4087481 ("snakejob.filterIndels.45.sh") has been submitted'.
Removing temporary output file VCF/hapcaller.snv.recal.select.vcf.gz.
Removing temporary output file VCF/hapcaller.snv.recal.select.vcf.gz.tbi.
[Thu Aug 20 13:31:52 2020]
Finished job 44.
6 of 24 steps (25%) done
Removing temporary output file VCF/hapcaller.indel.recal.select.vcf.gz.tbi.
Removing temporary output file VCF/hapcaller.indel.recal.select.vcf.gz.
[Thu Aug 20 13:31:52 2020]
Finished job 45.
7 of 24 steps (29%) done

[Thu Aug 20 13:31:52 2020]
rule combineVCF:
    input: /sandbox/users/mguillout/pipeline/REFERENCES/human_g1k_v37.fasta, VCF/hapcaller.snv.recal.filter.vcf.gz, VCF/hapcaller.snv.recal.filter.vcf.gz.tbi, VCF/hapcaller.indel.recal.filter.vcf.gz, VCF/hapcaller.indel.recal.filter.vcf.gz.tbi, /sandbox/users/mguillout/pipeline/REFERENCES/human_g1k_v37.dict, gatkPresent.txt
    output: VCF/hapcaller.recal.combined.vcf.gz, VCF/hapcaller.recal.combined.vcf.gz.tbi
    jobid: 41
    reason: Missing output files: VCF/hapcaller.recal.combined.vcf.gz.tbi, VCF/hapcaller.recal.combined.vcf.gz; Input files updated by another job: VCF/hapcaller.indel.recal.filter.vcf.gz.tbi, VCF/hapcaller.snv.recal.filter.vcf.gz.tbi, VCF/hapcaller.indel.recal.filter.vcf.gz, VCF/hapcaller.snv.recal.filter.vcf.gz

gatk -Djava.io.tmpdir=VCF -XX:ParallelGCThreads=3 -Xmx3g -T CombineVariants 		-R /sandbox/users/mguillout/pipeline/REFERENCES/human_g1k_v37.fasta 		--genotypemergeoption PRIORITIZE 		--rod_priority_list SNP,INDEL 		--variant:SNP VCF/hapcaller.snv.recal.filter.vcf.gz 		--variant:INDEL VCF/hapcaller.indel.recal.filter.vcf.gz 		-o VCF/hapcaller.recal.combined.vcf.gz
Submitted job 41 with external jobid 'Your job 4087482 ("snakejob.combineVCF.41.sh") has been submitted'.
Removing temporary output file VCF/hapcaller.snv.recal.filter.vcf.gz.
Removing temporary output file VCF/hapcaller.snv.recal.filter.vcf.gz.tbi.
Removing temporary output file VCF/hapcaller.indel.recal.filter.vcf.gz.
Removing temporary output file VCF/hapcaller.indel.recal.filter.vcf.gz.tbi.
[Thu Aug 20 13:32:32 2020]
Finished job 41.
8 of 24 steps (33%) done

[Thu Aug 20 13:32:32 2020]
rule freqGNOMAD:
    input: /sandbox/users/mguillout/pipeline/REFERENCES/human_g1k_v37.fasta, VCF/hapcaller.recal.combined.vcf.gz, VCF/hapcaller.recal.combined.vcf.gz.tbi, /sandbox/users/mguillout/pipeline/REFERENCES/gnomad.exomes.r2.0.1.sites.vcf.gz, /sandbox/users/mguillout/pipeline/REFERENCES/dbsnp_138.b37.vcf.gz, /sandbox/users/mguillout/pipeline/REFERENCES/human_g1k_v37.dict, gatkPresent.txt
    output: VCF/hapcaller.recal.combined.annot.gnomad.vcf.gz, VCF/hapcaller.recal.combined.annot.gnomad.vcf.gz.tbi
    jobid: 38
    reason: Missing output files: VCF/hapcaller.recal.combined.annot.gnomad.vcf.gz.tbi, VCF/hapcaller.recal.combined.annot.gnomad.vcf.gz; Input files updated by another job: VCF/hapcaller.recal.combined.vcf.gz.tbi, VCF/hapcaller.recal.combined.vcf.gz

gatk -Djava.io.tmpdir=VCF		-XX:ParallelGCThreads=3 		-Xmx3g 		-T VariantAnnotator 		-R /sandbox/users/mguillout/pipeline/REFERENCES/human_g1k_v37.fasta 		--variant VCF/hapcaller.recal.combined.vcf.gz 		-L VCF/hapcaller.recal.combined.vcf.gz 		--resource:gnomad /sandbox/users/mguillout/pipeline/REFERENCES/gnomad.exomes.r2.0.1.sites.vcf.gz 		--resourceAlleleConcordance 		-E gnomad.AF_AFR 		-E gnomad.AF_ASJ 		-E gnomad.AF_AMR 		-E gnomad.AF_EAS 		-E gnomad.AF_FIN 		-E gnomad.AF_NFE 		-E gnomad.AF_OTH 		-E gnomad.AF_SAS 		--dbsnp /sandbox/users/mguillout/pipeline/REFERENCES/dbsnp_138.b37.vcf.gz 		-o VCF/hapcaller.recal.combined.annot.gnomad.vcf.gz
Submitted job 38 with external jobid 'Your job 4087484 ("snakejob.freqGNOMAD.38.sh") has been submitted'.
Removing temporary output file VCF/hapcaller.recal.combined.vcf.gz.tbi.
Removing temporary output file VCF/hapcaller.recal.combined.vcf.gz.
Removing temporary output file gatkPresent.txt.
[Thu Aug 20 13:33:22 2020]
Finished job 38.
9 of 24 steps (38%) done

[Thu Aug 20 13:33:22 2020]
rule annotVEP:
    input: /sandbox/users/mguillout/pipeline/REFERENCES/human_g1k_v37.fasta, VCF/hapcaller.recal.combined.annot.gnomad.vcf.gz, VCF/hapcaller.recal.combined.annot.gnomad.vcf.gz.tbi, /sandbox/users/mguillout/pipeline/REFERENCES/VEP/CACHE/homo_sapiens_merged_86_GRCh37_cache.done
    output: VCF/hapcaller.recal.combined.annot.gnomad.vep.vcf
    jobid: 36
    reason: Missing output files: VCF/hapcaller.recal.combined.annot.gnomad.vep.vcf; Input files updated by another job: VCF/hapcaller.recal.combined.annot.gnomad.vcf.gz.tbi, VCF/hapcaller.recal.combined.annot.gnomad.vcf.gz

variant_effect_predictor.pl 		--pick 		--cache --dir /sandbox/users/mguillout/pipeline/REFERENCES/VEP/CACHE 		--dir_plugins /sandbox/users/mguillout/tools/VEP_plugins 		--species homo_sapiens_merged 		--assembly GRCh37 		--db_version 86 		--fasta /sandbox/users/mguillout/pipeline/REFERENCES/human_g1k_v37.fasta 		--offline 		--symbol 		--format vcf 		--force_overwrite 		--sift=b 		--polyphen=b 		--xref_refseq 		-i VCF/hapcaller.recal.combined.annot.gnomad.vcf.gz 		-o VCF/hapcaller.recal.combined.annot.gnomad.vep.vcf 		--quiet 		--vcf 		--gmaf 		--pubmed 		--hgvs 		--no_stats
Submitted job 36 with external jobid 'Your job 4087485 ("snakejob.annotVEP.36.sh") has been submitted'.
Write-protecting output file VCF/hapcaller.recal.combined.annot.gnomad.vep.vcf.
[Thu Aug 20 13:59:54 2020]
Finished job 36.
10 of 24 steps (42%) done

[Thu Aug 20 13:59:54 2020]
rule bgzip:
    input: VCF/hapcaller.recal.combined.annot.gnomad.vep.vcf
    output: VCF/hapcaller.recal.combined.annot.gnomad.vep.vcf.gz
    jobid: 31
    reason: Missing output files: VCF/hapcaller.recal.combined.annot.gnomad.vep.vcf.gz; Input files updated by another job: VCF/hapcaller.recal.combined.annot.gnomad.vep.vcf
    wildcards: base=VCF/hapcaller.recal.combined.annot.gnomad.vep

bgzip -f VCF/hapcaller.recal.combined.annot.gnomad.vep.vcf
Submitted job 31 with external jobid 'Your job 4087495 ("snakejob.bgzip.31.sh") has been submitted'.
[Thu Aug 20 14:00:04 2020]
Finished job 31.
11 of 24 steps (46%) done

[Thu Aug 20 14:00:04 2020]
rule tabix:
    input: VCF/hapcaller.recal.combined.annot.gnomad.vep.vcf.gz
    output: VCF/hapcaller.recal.combined.annot.gnomad.vep.vcf.gz.tbi
    jobid: 32
    reason: Missing output files: VCF/hapcaller.recal.combined.annot.gnomad.vep.vcf.gz.tbi; Input files updated by another job: VCF/hapcaller.recal.combined.annot.gnomad.vep.vcf.gz
    wildcards: base=VCF/hapcaller.recal.combined.annot.gnomad.vep.vcf.gz

tabix -f -p vcf VCF/hapcaller.recal.combined.annot.gnomad.vep.vcf.gz
Submitted job 32 with external jobid 'Your job 4087496 ("snakejob.tabix.32.sh") has been submitted'.
[Thu Aug 20 14:00:24 2020]
Finished job 32.
12 of 24 steps (50%) done

[Thu Aug 20 14:00:24 2020]
rule filtrationVEP:
    input: /sandbox/users/mguillout/pipeline/REFERENCES/human_g1k_v37.fasta, VCF/hapcaller.recal.combined.annot.gnomad.vep.vcf.gz, VCF/hapcaller.recal.combined.annot.gnomad.vep.vcf.gz.tbi
    output: VCF/hapcaller.recal.combined.annot.gnomad.vep.filtered.vcf
    jobid: 26
    reason: Missing output files: VCF/hapcaller.recal.combined.annot.gnomad.vep.filtered.vcf; Input files updated by another job: VCF/hapcaller.recal.combined.annot.gnomad.vep.vcf.gz, VCF/hapcaller.recal.combined.annot.gnomad.vep.vcf.gz.tbi

filter_vep.pl 		-i VCF/hapcaller.recal.combined.annot.gnomad.vep.vcf.gz 		-o VCF/hapcaller.recal.combined.annot.gnomad.vep.filtered.vcf 		-filter '(Gene is ENSG00000205403 or ENSG00000000971 or ENSG00000117335 or ENSG00000134389 or ENSG00000243649) and (GMAF < 0.1 or not GMAF)'
Submitted job 26 with external jobid 'Your job 4087497 ("snakejob.filtrationVEP.26.sh") has been submitted'.
Write-protecting output file VCF/hapcaller.recal.combined.annot.gnomad.vep.filtered.vcf.
[Thu Aug 20 14:00:34 2020]
Finished job 26.
13 of 24 steps (54%) done

[Thu Aug 20 14:00:34 2020]
rule bgzip:
    input: VCF/hapcaller.recal.combined.annot.gnomad.vep.filtered.vcf
    output: VCF/hapcaller.recal.combined.annot.gnomad.vep.filtered.vcf.gz
    jobid: 13
    reason: Missing output files: VCF/hapcaller.recal.combined.annot.gnomad.vep.filtered.vcf.gz; Input files updated by another job: VCF/hapcaller.recal.combined.annot.gnomad.vep.filtered.vcf
    wildcards: base=VCF/hapcaller.recal.combined.annot.gnomad.vep.filtered

bgzip -f VCF/hapcaller.recal.combined.annot.gnomad.vep.filtered.vcf
Submitted job 13 with external jobid 'Your job 4087498 ("snakejob.bgzip.13.sh") has been submitted'.
[Thu Aug 20 14:00:54 2020]
Finished job 13.
14 of 24 steps (58%) done

[Thu Aug 20 14:00:54 2020]
rule tabix:
    input: VCF/hapcaller.recal.combined.annot.gnomad.vep.filtered.vcf.gz
    output: VCF/hapcaller.recal.combined.annot.gnomad.vep.filtered.vcf.gz.tbi
    jobid: 25
    reason: Missing output files: VCF/hapcaller.recal.combined.annot.gnomad.vep.filtered.vcf.gz.tbi; Input files updated by another job: VCF/hapcaller.recal.combined.annot.gnomad.vep.filtered.vcf.gz
    wildcards: base=VCF/hapcaller.recal.combined.annot.gnomad.vep.filtered.vcf.gz

tabix -f -p vcf VCF/hapcaller.recal.combined.annot.gnomad.vep.filtered.vcf.gz
Submitted job 25 with external jobid 'Your job 4087499 ("snakejob.tabix.25.sh") has been submitted'.

[Thu Aug 20 14:00:54 2020]
rule extractGNOMAD:
    input: /sandbox/users/mguillout/pipeline/REFERENCES/human_g1k_v37.fasta, VCF/hapcaller.recal.combined.annot.gnomad.vep.filtered.vcf.gz
    output: CSV/gnomad_freq.tsv
    jobid: 14
    reason: Missing output files: CSV/gnomad_freq.tsv; Input files updated by another job: VCF/hapcaller.recal.combined.annot.gnomad.vep.filtered.vcf.gz

gatk -T VariantsToTable 		-R /sandbox/users/mguillout/pipeline/REFERENCES/human_g1k_v37.fasta 		-V VCF/hapcaller.recal.combined.annot.gnomad.vep.filtered.vcf.gz 		-o CSV/gnomad_freq.tsv 		-F CHROM 		-F POS 		-F REF 		-F ALT 		-F END 		-F ID 		-F DP 		--allowMissingData 		-F gnomad.AF_AFR 		-F gnomad.AF_ASJ 		-F gnomad.AF_AMR 		-F gnomad.AF_EAS 		-F gnomad.AF_FIN 		-F gnomad.AF_NFE 		-F gnomad.AF_OTH 		-F gnomad.AF_SAS 
Submitted job 14 with external jobid 'Your job 4087500 ("snakejob.extractGNOMAD.14.sh") has been submitted'.

[Thu Aug 20 14:00:54 2020]
rule scoreCADD:
    input: VCF/hapcaller.recal.combined.annot.gnomad.vep.filtered.vcf.gz
    output: CSV/cadd.tsv.gz
    jobid: 15
    reason: Missing output files: CSV/cadd.tsv.gz; Input files updated by another job: VCF/hapcaller.recal.combined.annot.gnomad.vep.filtered.vcf.gz

/sandbox/users/mguillout/tools/CADD-scripts/CADD.sh 		-o CSV/cadd.tsv.gz 		-a 		-g GRCh37 		-v v1.6 VCF/hapcaller.recal.combined.annot.gnomad.vep.filtered.vcf.gz
Submitted job 15 with external jobid 'Your job 4087501 ("snakejob.scoreCADD.15.sh") has been submitted'.
[Thu Aug 20 14:01:04 2020]
Finished job 25.
15 of 24 steps (62%) done

[Thu Aug 20 14:01:04 2020]
rule annotANNOVAR:
    input: VCF/hapcaller.recal.combined.annot.gnomad.vep.filtered.vcf.gz, VCF/hapcaller.recal.combined.annot.gnomad.vep.filtered.vcf.gz.tbi, /sandbox/users/mguillout/tools/annovar/humandb/
    output: VCF/hapcaller.recal.combined.annot.gnomad.vep.filtered.annovar.vcf.hg19_multianno.vcf, VCF/hapcaller.recal.combined.annot.gnomad.vep.filtered.annovar.vcf.avinput
    jobid: 12
    reason: Missing output files: VCF/hapcaller.recal.combined.annot.gnomad.vep.filtered.annovar.vcf.avinput, VCF/hapcaller.recal.combined.annot.gnomad.vep.filtered.annovar.vcf.hg19_multianno.vcf; Input files updated by another job: VCF/hapcaller.recal.combined.annot.gnomad.vep.filtered.vcf.gz.tbi, VCF/hapcaller.recal.combined.annot.gnomad.vep.filtered.vcf.gz

perl ANNOVAR_script VCF/hapcaller.recal.combined.annot.gnomad.vep.filtered.vcf.gz  		/sandbox/users/mguillout/tools/annovar/humandb/ 		-buildver hg19 		-out VCF/hapcaller.recal.combined.annot.gnomad.vep.filtered.annovar.vcf 		-remove 		-protocol refGene,knownGene,cytoBand,dgvMerged,gwasCatalog,dbnsfp35a,gnomad211_exome,clinvar_20190305 		-operation gx,g,r,r,r,f,f,f 		-nastring . 		-polish 		-otherinfo 		-xref /sandbox/users/mguillout/tools/annovar/humandb/hg19_refGene.txt 		-vcfinput
Submitted job 12 with external jobid 'Your job 4087502 ("snakejob.annotANNOVAR.12.sh") has been submitted'.
Write-protecting output file CSV/gnomad_freq.tsv.
[Thu Aug 20 14:01:14 2020]
Finished job 14.
16 of 24 steps (67%) done

[Thu Aug 20 14:01:14 2020]
rule extractGNOMADVEP:
    input: VCF/hapcaller.recal.combined.annot.gnomad.vep.filtered.vcf.gz, CSV/gnomad_freq.tsv
    output: CSV/gnomad_vep.tsv
    jobid: 4
    reason: Missing output files: CSV/gnomad_vep.tsv; Input files updated by another job: CSV/gnomad_freq.tsv, VCF/hapcaller.recal.combined.annot.gnomad.vep.filtered.vcf.gz

vep-annotation-reporter  VCF/hapcaller.recal.combined.annot.gnomad.vep.filtered.vcf.gz 	Feature HGVSc HGVSp Protein_position Amino_acids Codons CLIN_SIG PUBMED 		-t CSV/gnomad_freq.tsv 		-o CSV/gnomad_vep.tsv 		
Submitted job 4 with external jobid 'Your job 4087503 ("snakejob.extractGNOMADVEP.4.sh") has been submitted'.
[Thu Aug 20 14:01:24 2020]
Error in rule annotANNOVAR:
    jobid: 12
    output: VCF/hapcaller.recal.combined.annot.gnomad.vep.filtered.annovar.vcf.hg19_multianno.vcf, VCF/hapcaller.recal.combined.annot.gnomad.vep.filtered.annovar.vcf.avinput
    shell:
        perl ANNOVAR_script VCF/hapcaller.recal.combined.annot.gnomad.vep.filtered.vcf.gz  		/sandbox/users/mguillout/tools/annovar/humandb/ 		-buildver hg19 		-out VCF/hapcaller.recal.combined.annot.gnomad.vep.filtered.annovar.vcf 		-remove 		-protocol refGene,knownGene,cytoBand,dgvMerged,gwasCatalog,dbnsfp35a,gnomad211_exome,clinvar_20190305 		-operation gx,g,r,r,r,f,f,f 		-nastring . 		-polish 		-otherinfo 		-xref /sandbox/users/mguillout/tools/annovar/humandb/hg19_refGene.txt 		-vcfinput
        (one of the commands exited with non-zero exit code; note that snakemake uses bash strict mode!)
    cluster_jobid: Your job 4087502 ("snakejob.annotANNOVAR.12.sh") has been submitted

Error executing rule annotANNOVAR on cluster (jobid: 12, external: Your job 4087502 ("snakejob.annotANNOVAR.12.sh") has been submitted, jobscript: /sandbox/shares/nextcloud/mguillout/files/Application/pipeline/testPipeline2/.snakemake/tmp.2rjonqhh/snakejob.annotANNOVAR.12.sh). For error details see the cluster log and the log files of the involved rule(s).
[Thu Aug 20 14:01:24 2020]
Finished job 4.
17 of 24 steps (71%) done
[Thu Aug 20 14:03:34 2020]
Finished job 15.
18 of 24 steps (75%) done
Shutting down, this might take some time.
Exiting because a job execution failed. Look above for error message
Complete log: /sandbox/shares/nextcloud/mguillout/files/Application/pipeline/.snakemake/log/2020-08-20T132401.222428.snakemake.log
