Building DAG of jobs...
Using shell: /usr/bin/bash
Provided cluster nodes: 12
Job counts:
	count	jobs
	1	align
	1	annotANNOVAR
	1	annotINTERVAR
	1	annotVEP
	1	baseRecalibration
	1	bedToPicardInterval
	3	bgzip
	1	combineGVCF
	1	combineVCF
	2	concatFastq
	1	copyBed
	1	createBaseRecalibrationTable
	1	createGVCFList
	3	depthOfCoverage
	1	downloadGATK
	1	extendBed
	1	extractGNOMAD
	1	extractGNOMADVEP
	2	fastQC
	1	filterIndels
	1	filterSNVs
	1	filtrationVEP
	1	freqGNOMAD
	1	genotypeGVCF
	1	gunzipCADD
	1	haplotypeCaller
	1	indelRealign
	1	makeAutosomesBed
	1	makeChrXBed
	1	makeChrYBed
	1	markDuplicates
	1	merge
	1	picardMetrics
	1	realignTargetCreator
	1	scoreCADD
	1	selectIndels
	1	selectSNVs
	1	sort
	3	tabix
	1	target
	48

[Thu Aug 20 13:00:53 2020]
rule copyBed:
    input: /sandbox/users/mguillout/pipeline/REFERENCES/Broad.human.exome.b37.bed, /sandbox/users/mguillout/pipeline/REFERENCES/human_g1k_v37.fasta.fai
    output: BED/capture.bed
    jobid: 30
    reason: Missing output files: BED/capture.bed

tr -d '\r' < /sandbox/users/mguillout/pipeline/REFERENCES/Broad.human.exome.b37.bed | grep -v '^browser'  | grep -v '^track' | cut -f1,2,3 | sed 's/^chr//' | LC_ALL=C sort -t '	' -k1,1 -k2,2n -k3,3n | bedtools merge | bedtools sort -faidx /sandbox/users/mguillout/pipeline/REFERENCES/human_g1k_v37.fasta.fai > BED/capture.bed
Submitted job 30 with external jobid 'Your job 4087440 ("snakejob.copyBed.30.sh") has been submitted'.

[Thu Aug 20 13:00:53 2020]
rule concatFastq:
    input: /sandbox/users/mguillout/fastQ-APHP/P10-BL_S10_L001_R2_001.fastq.gz
    output: Samples/Sample1/QC/Sample1.fastqc.reverse.gz
    jobid: 24
    reason: Missing output files: Samples/Sample1/QC/Sample1.fastqc.reverse.gz
    wildcards: sample=Sample1, strand=reverse

cat /sandbox/users/mguillout/fastQ-APHP/P10-BL_S10_L001_R2_001.fastq.gz > Samples/Sample1/QC/Sample1.fastqc.reverse.gz
Submitted job 24 with external jobid 'Your job 4087441 ("snakejob.concatFastq.24.sh") has been submitted'.

[Thu Aug 20 13:00:53 2020]
rule concatFastq:
    input: /sandbox/users/mguillout/fastQ-APHP/P10-BL_S10_L001_R1_001.fastq.gz
    output: Samples/Sample1/QC/Sample1.fastqc.forward.gz
    jobid: 23
    reason: Missing output files: Samples/Sample1/QC/Sample1.fastqc.forward.gz
    wildcards: sample=Sample1, strand=forward

cat /sandbox/users/mguillout/fastQ-APHP/P10-BL_S10_L001_R1_001.fastq.gz > Samples/Sample1/QC/Sample1.fastqc.forward.gz
Submitted job 23 with external jobid 'Your job 4087442 ("snakejob.concatFastq.23.sh") has been submitted'.

[Thu Aug 20 13:00:53 2020]
rule align:
    input: /sandbox/users/mguillout/pipeline/REFERENCES/human_g1k_v37.fasta, /sandbox/users/mguillout/fastQ-APHP/P10-BL_S10_L001_R1_001.fastq.gz, /sandbox/users/mguillout/fastQ-APHP/P10-BL_S10_L001_R2_001.fastq.gz, /sandbox/users/mguillout/pipeline/REFERENCES/human_g1k_v37.fasta.bwt
    output: Samples/Sample1/BAM/Sample1.p1.sam
    jobid: 43
    reason: Missing output files: Samples/Sample1/BAM/Sample1.p1.sam
    wildcards: sample=Sample1, pairID=p1

bwa mem -t 1 -M 		-H '@CO\tProject:pipelineTest Sample:Sample1 Date:2020-08-20 CWD:/sandbox/users/mguillout/externalshares/Application/pipeline/testPipeline4 Capture:{ name : captureName , description : exome capture 1 , path : /sandbox/users/mguillout/pipeline/REFERENCES/Broad.human.exome.b37.bed}' 		-R '@RG\tID:Sample1\tLB:Sample1\tSM:Sample1\tPL:Illumina\tCN:CENTER' 		/sandbox/users/mguillout/pipeline/REFERENCES/human_g1k_v37.fasta /sandbox/users/mguillout/fastQ-APHP/P10-BL_S10_L001_R1_001.fastq.gz /sandbox/users/mguillout/fastQ-APHP/P10-BL_S10_L001_R2_001.fastq.gz > Samples/Sample1/BAM/Sample1.p1.sam
Submitted job 43 with external jobid 'Your job 4087443 ("snakejob.align.43.sh") has been submitted'.

[Thu Aug 20 13:00:53 2020]
rule downloadGATK:
    output: gatkPresent.txt
    jobid: 19
    reason: Missing output files: gatkPresent.txt

Submitted job 19 with external jobid 'Your job 4087444 ("snakejob.downloadGATK.19.sh") has been submitted'.
Terminating processes on user request, this might take some time.
Will exit after finishing currently running jobs.
Cancelling snakemake on user request.
