Building DAG of jobs...
Using shell: /usr/bin/bash
Provided cluster nodes: 12
Job counts:
	count	jobs
	1	annotINTERVAR
	1	merge_fields
	1	target
	3

[Tue Oct 27 21:22:34 2020]
rule annotINTERVAR:
    input: VCF/hapcaller.recal.combined.annot.gnomad.vep.filtered.annovar.vcf.hg19_multianno.vcf.gz, /sandbox/users/mguillout/tools/annovar, /sandbox/users/mguillout/tools/annovar/humandb, /sandbox/users/mguillout/tools/InterVar-master
    output: CSV/res_intervar.hg19_multianno.txt.intervar
    jobid: 11
    reason: Missing output files: CSV/res_intervar.hg19_multianno.txt.intervar

python /sandbox/users/mguillout/tools/InterVar-master/Intervar.py 		-i VCF/hapcaller.recal.combined.annot.gnomad.vep.filtered.annovar.vcf.hg19_multianno.vcf.gz 		-o CSV/res_intervar 		--buildver hg19 		--input_type VCF 		--database_intervar /sandbox/users/mguillout/tools/InterVar-master/intervardb 		--config=/sandbox/users/mguillout/tools/InterVar-master/config.ini 		--convert2annovar /sandbox/users/mguillout/tools/annovar/convert2annovar.pl 		--table_annovar /sandbox/users/mguillout/tools/annovar/table_annovar.pl 		--annotate_variation /sandbox/users/mguillout/tools/annovar/annotate_variation.pl 		--database_locat /sandbox/users/mguillout/tools/annovar/humandb
Submitted job 11 with external jobid 'Your job 4305772 ("snakejob.annotINTERVAR.11.sh") has been submitted'.
[Tue Oct 27 21:36:45 2020]
Finished job 11.
1 of 3 steps (33%) done

[Tue Oct 27 21:36:45 2020]
rule merge_fields:
    input: VCF/hapcaller.recal.combined.annot.gnomad.vep.filtered.annovar.vcf.hg19_multianno.txt, CSV/res_intervar.hg19_multianno.txt.intervar, CSV/gnomad_vep.tsv, CSV/cadd.tsv
    output: CSV/individual_results.tsv
    jobid: 3
    reason: Missing output files: CSV/individual_results.tsv; Input files updated by another job: CSV/res_intervar.hg19_multianno.txt.intervar

Submitted job 3 with external jobid 'Your job 4305773 ("snakejob.merge_fields.3.sh") has been submitted'.
[Tue Oct 27 21:36:55 2020]
Error in rule merge_fields:
    jobid: 3
    output: CSV/individual_results.tsv
    cluster_jobid: Your job 4305773 ("snakejob.merge_fields.3.sh") has been submitted

Error executing rule merge_fields on cluster (jobid: 3, external: Your job 4305773 ("snakejob.merge_fields.3.sh") has been submitted, jobscript: /sandbox/shares/nextcloud/mguillout/files/Application/pipeline/testVB_10/.snakemake/tmp.8zqnykuk/snakejob.merge_fields.3.sh). For error details see the cluster log and the log files of the involved rule(s).
Shutting down, this might take some time.
Exiting because a job execution failed. Look above for error message
Complete log: /sandbox/shares/nextcloud/mguillout/files/Application/pipeline/.snakemake/log/2020-10-27T212233.921181.snakemake.log
