Building DAG of jobs...
Using shell: /usr/bin/bash
Provided cluster nodes: 12
Job counts:
	count	jobs
	1	annotINTERVAR
	1	target
	2

[Fri Aug 21 10:46:46 2020]
rule annotINTERVAR:
    input: VCF/hapcaller.recal.combined.annot.gnomad.vep.filtered.annovar.vcf.avinput, /sandbox/users/mguillout/tools/annovar, /sandbox/users/mguillout/tools/InterVar-master
    output: CSV/res_intervar.hg19_multianno.txt.intervar
    jobid: 3
    reason: Missing output files: CSV/res_intervar.hg19_multianno.txt.intervar

python /sandbox/users/mguillout/tools/InterVar-master/Intervar.py 		-i VCF/hapcaller.recal.combined.annot.gnomad.vep.filtered.annovar.vcf.avinput 		-o CSV/res_intervar 		--buildver hg19 		--input_type AVinput 		--database_intervar /sandbox/users/mguillout/tools/InterVar-master/intervardb 		--config=/sandbox/users/mguillout/tools/InterVar-master/config.ini 		--convert2annovar /sandbox/users/mguillout/tools/annovar/convert2annovar.pl 		--table_annovar /sandbox/users/mguillout/tools/annovar/table_annovar.pl 		--annotate_variation /sandbox/users/mguillout/tools/annovar/annotate_variation.pl 		--database_locat /sandbox/users/mguillout/tools/annovar/humandb
Submitted job 3 with external jobid 'Your job 4088374 ("snakejob.annotINTERVAR.3.sh") has been submitted'.
[Fri Aug 21 10:49:17 2020]
Finished job 3.
1 of 2 steps (50%) done

[Fri Aug 21 10:49:17 2020]
localrule target:
    input: VCF/hapcaller.recal.combined.annot.gnomad.vep.filtered.annovar.vcf.hg19_multianno.vcf.gz, VCF/hapcaller.recal.combined.annot.gnomad.vep.filtered.annovar.vcf.hg19_multianno.vcf.gz.tbi, CSV/res_intervar.hg19_multianno.txt.intervar, CSV/gnomad_vep.tsv, CSV/cadd.tsv, Samples/Sample1/QC/Sample1.gatk_doc.autosomes.sample_cumulative_coverage_counts, Samples/Sample1/QC/Sample1.gatk_doc.autosomes.sample_cumulative_coverage_proportions, Samples/Sample1/QC/Sample1.gatk_doc.autosomes.sample_statistics, Samples/Sample1/QC/Sample1.gatk_doc.autosomes.sample_summary, Samples/Sample1/QC/Sample1.gatk_doc.chrX.sample_cumulative_coverage_counts, Samples/Sample1/QC/Sample1.gatk_doc.chrX.sample_cumulative_coverage_proportions, Samples/Sample1/QC/Sample1.gatk_doc.chrX.sample_statistics, Samples/Sample1/QC/Sample1.gatk_doc.chrX.sample_summary, Samples/Sample1/QC/Sample1.gatk_doc.chrY.sample_cumulative_coverage_counts, Samples/Sample1/QC/Sample1.gatk_doc.chrY.sample_cumulative_coverage_proportions, Samples/Sample1/QC/Sample1.gatk_doc.chrY.sample_statistics, Samples/Sample1/QC/Sample1.gatk_doc.chrY.sample_summary, Samples/Sample1/QC/Sample1.picard_metrics.alignment_summary_metrics, Samples/Sample1/QC/Sample1.picard_metrics.base_distribution_by_cycle_metrics, Samples/Sample1/QC/Sample1.picard_metrics.base_distribution_by_cycle.pdf, Samples/Sample1/QC/Sample1.picard_metrics.insert_size_histogram.pdf, Samples/Sample1/QC/Sample1.picard_metrics.insert_size_metrics, Samples/Sample1/QC/Sample1.picard_metrics.quality_by_cycle_metrics, Samples/Sample1/QC/Sample1.picard_metrics.quality_by_cycle.pdf, Samples/Sample1/QC/Sample1.picard_metrics.quality_distribution_metrics, Samples/Sample1/QC/Sample1.picard_metrics.quality_distribution.pdf, Samples/Sample1/QC/Sample1.fastqc.forward_fastqc.zip, Samples/Sample1/QC/Sample1.fastqc.reverse_fastqc.zip
    jobid: 0
    reason: Input files updated by another job: CSV/res_intervar.hg19_multianno.txt.intervar

[Fri Aug 21 10:49:17 2020]
Finished job 0.
2 of 2 steps (100%) done
Complete log: /sandbox/shares/nextcloud/mguillout/files/Application/pipeline/.snakemake/log/2020-08-21T104646.235566.snakemake.log
