Building DAG of jobs...
Using shell: /usr/bin/bash
Provided cluster nodes: 12
Job counts:
	count	jobs
	1	annotANNOVAR
	1	annotINTERVAR
	1	annotVEP
	3	bgzip
	1	combineGVCF
	1	combineVCF
	1	createGVCFList
	1	extractGNOMAD
	1	extractGNOMADVEP
	1	filterIndels
	1	filterSNVs
	1	filtration_freq_and_genes
	1	freqGNOMAD
	1	genotypeGVCF
	1	gunzipCADD
	1	merge_fields
	1	scoreCADD
	1	selectIndels
	1	selectSNVs
	3	tabix
	1	target
	25

[Thu Sep 17 08:53:59 2020]
rule createGVCFList:
    input: Samples/Sample1/VCF/Sample1.hapcaller.g.vcf
    output: VCF/gvcf.list
    jobid: 52
    reason: Missing output files: VCF/gvcf.list

Submitted job 52 with external jobid 'Your job 4150345 ("snakejob.createGVCFList.52.sh") has been submitted'.
[Thu Sep 17 08:54:19 2020]
Finished job 52.
1 of 25 steps (4%) done

[Thu Sep 17 08:54:19 2020]
rule combineGVCF:
    input: /sandbox/users/mguillout/pipeline/REFERENCES/human_g1k_v37.fasta, VCF/gvcf.list, /sandbox/users/mguillout/pipeline/REFERENCES/human_g1k_v37.dict, gatkPresent.txt
    output: VCF/hapcaller.combined.g.vcf.gz, VCF/hapcaller.combined.g.vcf.gz.tbi
    jobid: 51
    reason: Missing output files: VCF/hapcaller.combined.g.vcf.gz, VCF/hapcaller.combined.g.vcf.gz.tbi; Input files updated by another job: VCF/gvcf.list

gatk -Djava.io.tmpdir=VCF -XX:ParallelGCThreads=3 -Xmx10g -T CombineGVCFs 		-R /sandbox/users/mguillout/pipeline/REFERENCES/human_g1k_v37.fasta 		--variant VCF/gvcf.list 		-S SILENT 		-o VCF/hapcaller.combined.g.vcf.gz
Submitted job 51 with external jobid 'Your job 4150346 ("snakejob.combineGVCF.51.sh") has been submitted'.
Removing temporary output file VCF/gvcf.list.
[Thu Sep 17 08:58:29 2020]
Finished job 51.
2 of 25 steps (8%) done

[Thu Sep 17 08:58:29 2020]
rule genotypeGVCF:
    input: /sandbox/users/mguillout/pipeline/REFERENCES/human_g1k_v37.fasta, VCF/hapcaller.combined.g.vcf.gz, VCF/hapcaller.combined.g.vcf.gz.tbi, /sandbox/users/mguillout/pipeline/REFERENCES/human_g1k_v37.dict, gatkPresent.txt
    output: VCF/hapcaller.genotyped.vcf.gz, VCF/hapcaller.genotyped.vcf.gz.tbi
    jobid: 50
    reason: Missing output files: VCF/hapcaller.genotyped.vcf.gz.tbi, VCF/hapcaller.genotyped.vcf.gz; Input files updated by another job: VCF/hapcaller.combined.g.vcf.gz, VCF/hapcaller.combined.g.vcf.gz.tbi

gatk -Djava.io.tmpdir=VCF -XX:ParallelGCThreads=3 -Xmx3g -T GenotypeGVCFs 		-R /sandbox/users/mguillout/pipeline/REFERENCES/human_g1k_v37.fasta 		--variant VCF/hapcaller.combined.g.vcf.gz 		-S SILENT 		-o VCF/hapcaller.genotyped.vcf.gz
Submitted job 50 with external jobid 'Your job 4150347 ("snakejob.genotypeGVCF.50.sh") has been submitted'.
Removing temporary output file VCF/hapcaller.combined.g.vcf.gz.
Removing temporary output file VCF/hapcaller.combined.g.vcf.gz.tbi.
[Thu Sep 17 09:01:09 2020]
Finished job 50.
3 of 25 steps (12%) done

[Thu Sep 17 09:01:09 2020]
rule selectSNVs:
    input: /sandbox/users/mguillout/pipeline/REFERENCES/human_g1k_v37.fasta, VCF/hapcaller.genotyped.vcf.gz, VCF/hapcaller.genotyped.vcf.gz.tbi, /sandbox/users/mguillout/pipeline/REFERENCES/human_g1k_v37.dict, gatkPresent.txt
    output: VCF/hapcaller.snv.recal.select.vcf.gz, VCF/hapcaller.snv.recal.select.vcf.gz.tbi
    jobid: 48
    reason: Missing output files: VCF/hapcaller.snv.recal.select.vcf.gz, VCF/hapcaller.snv.recal.select.vcf.gz.tbi; Input files updated by another job: VCF/hapcaller.genotyped.vcf.gz.tbi, VCF/hapcaller.genotyped.vcf.gz

gatk -Djava.io.tmpdir=VCF -XX:ParallelGCThreads=3 -Xmx3g -T SelectVariants 		-R /sandbox/users/mguillout/pipeline/REFERENCES/human_g1k_v37.fasta 		--logging_level FATAL 		-selectType SNP 		--variant VCF/hapcaller.genotyped.vcf.gz 		-o VCF/hapcaller.snv.recal.select.vcf.gz
Submitted job 48 with external jobid 'Your job 4150348 ("snakejob.selectSNVs.48.sh") has been submitted'.

[Thu Sep 17 09:01:10 2020]
rule selectIndels:
    input: /sandbox/users/mguillout/pipeline/REFERENCES/human_g1k_v37.fasta, VCF/hapcaller.genotyped.vcf.gz, VCF/hapcaller.genotyped.vcf.gz.tbi, /sandbox/users/mguillout/pipeline/REFERENCES/human_g1k_v37.dict, gatkPresent.txt
    output: VCF/hapcaller.indel.recal.select.vcf.gz, VCF/hapcaller.indel.recal.select.vcf.gz.tbi
    jobid: 49
    reason: Missing output files: VCF/hapcaller.indel.recal.select.vcf.gz; Input files updated by another job: VCF/hapcaller.genotyped.vcf.gz.tbi, VCF/hapcaller.genotyped.vcf.gz

gatk -Djava.io.tmpdir=VCF -XX:ParallelGCThreads=3 -Xmx3g -T SelectVariants 		-R /sandbox/users/mguillout/pipeline/REFERENCES/human_g1k_v37.fasta 		--logging_level FATAL 		-selectType INDEL 		--variant VCF/hapcaller.genotyped.vcf.gz 		-o VCF/hapcaller.indel.recal.select.vcf.gz
Submitted job 49 with external jobid 'Your job 4150349 ("snakejob.selectIndels.49.sh") has been submitted'.
[Thu Sep 17 09:01:39 2020]
Finished job 48.
4 of 25 steps (16%) done

[Thu Sep 17 09:01:39 2020]
rule filterSNVs:
    input: /sandbox/users/mguillout/pipeline/REFERENCES/human_g1k_v37.fasta, VCF/hapcaller.snv.recal.select.vcf.gz, VCF/hapcaller.snv.recal.select.vcf.gz.tbi, /sandbox/users/mguillout/pipeline/REFERENCES/human_g1k_v37.dict, gatkPresent.txt
    output: VCF/hapcaller.snv.recal.filter.vcf.gz, VCF/hapcaller.snv.recal.filter.vcf.gz.tbi
    jobid: 46
    reason: Input files updated by another job: VCF/hapcaller.snv.recal.select.vcf.gz, VCF/hapcaller.snv.recal.select.vcf.gz.tbi

gatk -Djava.io.tmpdir=VCF -XX:ParallelGCThreads=3 -Xmx3g -T VariantFiltration 		-R /sandbox/users/mguillout/pipeline/REFERENCES/human_g1k_v37.fasta 		--logging_level FATAL  		--filterExpression 'QD < 2.0' --filterName 'FAILS_HARD_FILTER_SNP_QD' 		--filterExpression 'FS > 60.0' --filterName 'FAILS_HARD_FILTER_SNP_FS' 		--filterExpression 'MQ < 30.0' --filterName 'FAILS_HARD_FILTER_SNP_MQ' 		--filterExpression 'MQRankSum < -12.5' --filterName 'FAILS_HARD_FILTER_SNP_MQRankSum' 		--filterExpression 'ReadPosRankSum < -8.0' --filterName 'FAILS_HARD_FILTER_SNP_ReadPosRankSum' 		--variant VCF/hapcaller.snv.recal.select.vcf.gz 		-o VCF/hapcaller.snv.recal.filter.vcf.gz
Submitted job 46 with external jobid 'Your job 4150350 ("snakejob.filterSNVs.46.sh") has been submitted'.
Terminating processes on user request, this might take some time.
Will exit after finishing currently running jobs.
Cancelling snakemake on user request.
