Building DAG of jobs...
Using shell: /usr/bin/bash
Provided cluster nodes: 12
Job counts:
	count	jobs
	1	annotANNOVAR
	1	annotINTERVAR
	1	bgzip
	1	extractGNOMAD
	1	extractGNOMADVEP
	1	gunzipCADD
	1	scoreCADD
	1	tabix
	1	target
	9

[Thu Aug 20 19:33:36 2020]
rule scoreCADD:
    input: VCF/hapcaller.recal.combined.annot.gnomad.vep.filtered.vcf.gz, /sandbox/users/mguillout/tools/CADD-scripts/CADD.sh
    output: CSV/cadd.tsv.gz
    jobid: 15
    reason: Missing output files: CSV/cadd.tsv.gz

 /sandbox/users/mguillout/tools/CADD-scripts/CADD.sh 		-o CSV/cadd.tsv.gz 		-a 		-g GRCh37 		-v v1.6 VCF/hapcaller.recal.combined.annot.gnomad.vep.filtered.vcf.gz
Submitted job 15 with external jobid 'Your job 4087744 ("snakejob.scoreCADD.15.sh") has been submitted'.

[Thu Aug 20 19:33:37 2020]
rule extractGNOMAD:
    input: /sandbox/users/mguillout/pipeline/REFERENCES/human_g1k_v37.fasta, VCF/hapcaller.recal.combined.annot.gnomad.vep.filtered.vcf.gz
    output: CSV/gnomad_freq.tsv
    jobid: 14
    reason: Missing output files: CSV/gnomad_freq.tsv

gatk -T VariantsToTable 		-R /sandbox/users/mguillout/pipeline/REFERENCES/human_g1k_v37.fasta 		-V VCF/hapcaller.recal.combined.annot.gnomad.vep.filtered.vcf.gz 		-o CSV/gnomad_freq.tsv 		-F CHROM 		-F POS 		-F REF 		-F ALT 		-F END 		-F ID 		-F DP 		--allowMissingData 		-F gnomad.AF_AFR 		-F gnomad.AF_ASJ 		-F gnomad.AF_AMR 		-F gnomad.AF_EAS 		-F gnomad.AF_FIN 		-F gnomad.AF_NFE 		-F gnomad.AF_OTH 		-F gnomad.AF_SAS 
Submitted job 14 with external jobid 'Your job 4087745 ("snakejob.extractGNOMAD.14.sh") has been submitted'.

[Thu Aug 20 19:33:37 2020]
rule annotANNOVAR:
    input: VCF/hapcaller.recal.combined.annot.gnomad.vep.filtered.vcf.gz, VCF/hapcaller.recal.combined.annot.gnomad.vep.filtered.vcf.gz.tbi, /sandbox/users/mguillout/tools/annovar/humandb, ../TOOLS/annovar/table_annovar.pl
    output: VCF/hapcaller.recal.combined.annot.gnomad.vep.filtered.annovar.vcf.hg19_multianno.vcf, VCF/hapcaller.recal.combined.annot.gnomad.vep.filtered.annovar.vcf.avinput
    jobid: 12
    reason: Missing output files: VCF/hapcaller.recal.combined.annot.gnomad.vep.filtered.annovar.vcf.hg19_multianno.vcf, VCF/hapcaller.recal.combined.annot.gnomad.vep.filtered.annovar.vcf.avinput

perl ../TOOLS/annovar/table_annovar.pl VCF/hapcaller.recal.combined.annot.gnomad.vep.filtered.vcf.gz  		/sandbox/users/mguillout/tools/annovar/humandb 		-buildver hg19 		-out VCF/hapcaller.recal.combined.annot.gnomad.vep.filtered.annovar.vcf 		-remove 		-protocol refGene,knownGene,cytoBand,dgvMerged,gwasCatalog,dbnsfp35a,gnomad211_exome,clinvar_20190305 		-operation gx,g,r,r,r,f,f,f 		-nastring . 		-polish 		-otherinfo 		-xref /sandbox/users/mguillout/tools/annovar/humandb/hg19_refGene.txt 		-vcfinput
Submitted job 12 with external jobid 'Your job 4087746 ("snakejob.annotANNOVAR.12.sh") has been submitted'.
Write-protecting output file CSV/gnomad_freq.tsv.
[Thu Aug 20 19:34:07 2020]
Finished job 14.
1 of 9 steps (11%) done

[Thu Aug 20 19:34:07 2020]
rule extractGNOMADVEP:
    input: VCF/hapcaller.recal.combined.annot.gnomad.vep.filtered.vcf.gz, CSV/gnomad_freq.tsv
    output: CSV/gnomad_vep.tsv
    jobid: 4
    reason: Missing output files: CSV/gnomad_vep.tsv; Input files updated by another job: CSV/gnomad_freq.tsv

vep-annotation-reporter  VCF/hapcaller.recal.combined.annot.gnomad.vep.filtered.vcf.gz 	Feature HGVSc HGVSp Protein_position Amino_acids Codons CLIN_SIG PUBMED 		-t CSV/gnomad_freq.tsv 		-o CSV/gnomad_vep.tsv 		
Submitted job 4 with external jobid 'Your job 4087747 ("snakejob.extractGNOMADVEP.4.sh") has been submitted'.
Write-protecting output file VCF/hapcaller.recal.combined.annot.gnomad.vep.filtered.annovar.vcf.hg19_multianno.vcf.
[Thu Aug 20 19:34:17 2020]
Finished job 12.
2 of 9 steps (22%) done

[Thu Aug 20 19:34:17 2020]
rule bgzip:
    input: VCF/hapcaller.recal.combined.annot.gnomad.vep.filtered.annovar.vcf.hg19_multianno.vcf
    output: VCF/hapcaller.recal.combined.annot.gnomad.vep.filtered.annovar.vcf.hg19_multianno.vcf.gz
    jobid: 1
    reason: Missing output files: VCF/hapcaller.recal.combined.annot.gnomad.vep.filtered.annovar.vcf.hg19_multianno.vcf.gz; Input files updated by another job: VCF/hapcaller.recal.combined.annot.gnomad.vep.filtered.annovar.vcf.hg19_multianno.vcf
    wildcards: base=VCF/hapcaller.recal.combined.annot.gnomad.vep.filtered.annovar.vcf.hg19_multianno

bgzip -f VCF/hapcaller.recal.combined.annot.gnomad.vep.filtered.annovar.vcf.hg19_multianno.vcf
Submitted job 1 with external jobid 'Your job 4087748 ("snakejob.bgzip.1.sh") has been submitted'.

[Thu Aug 20 19:34:17 2020]
rule annotINTERVAR:
    input: VCF/hapcaller.recal.combined.annot.gnomad.vep.filtered.annovar.vcf.avinput, /sandbox/users/mguillout/tools/annovar/humandb, ../TOOLS/Intervar-master/Intervar.py
    output: CSV/res_intervar.hg19_multianno.txt.intervar
    jobid: 3
    reason: Missing output files: CSV/res_intervar.hg19_multianno.txt.intervar; Input files updated by another job: VCF/hapcaller.recal.combined.annot.gnomad.vep.filtered.annovar.vcf.avinput

python ../TOOLS/Intervar-master/Intervar.py/Intervar.py  		-i VCF/hapcaller.recal.combined.annot.gnomad.vep.filtered.annovar.vcf.avinput 		-o CSV/res_intervar 		--buildver hg19 		--input_type AVinput 		--database_intervar ../TOOLS/Intervar-master/Intervar.py/intervardb 		--config=../TOOLS/Intervar-master/Intervar.py/config.ini 		--convert2annovar ../TOOLS/Intervar-master/Intervar.py/convert2annovar.pl 		--table_annovar ../TOOLS/Intervar-master/Intervar.py/table_annovar.pl 		--annotate_variation ../TOOLS/Intervar-master/Intervar.py/annotate_variation.pl 		--database_locat /sandbox/users/mguillout/tools/annovar/humandb
Submitted job 3 with external jobid 'Your job 4087749 ("snakejob.annotINTERVAR.3.sh") has been submitted'.
[Thu Aug 20 19:34:27 2020]
Finished job 4.
3 of 9 steps (33%) done
[Thu Aug 20 19:34:37 2020]
Finished job 1.
4 of 9 steps (44%) done

[Thu Aug 20 19:34:37 2020]
rule tabix:
    input: VCF/hapcaller.recal.combined.annot.gnomad.vep.filtered.annovar.vcf.hg19_multianno.vcf.gz
    output: VCF/hapcaller.recal.combined.annot.gnomad.vep.filtered.annovar.vcf.hg19_multianno.vcf.gz.tbi
    jobid: 2
    reason: Missing output files: VCF/hapcaller.recal.combined.annot.gnomad.vep.filtered.annovar.vcf.hg19_multianno.vcf.gz.tbi; Input files updated by another job: VCF/hapcaller.recal.combined.annot.gnomad.vep.filtered.annovar.vcf.hg19_multianno.vcf.gz
    wildcards: base=VCF/hapcaller.recal.combined.annot.gnomad.vep.filtered.annovar.vcf.hg19_multianno.vcf.gz
[Thu Aug 20 19:34:37 2020]

Error in rule annotINTERVAR:
tabix -f -p vcf VCF/hapcaller.recal.combined.annot.gnomad.vep.filtered.annovar.vcf.hg19_multianno.vcf.gz
    jobid: 3
    output: CSV/res_intervar.hg19_multianno.txt.intervar
    shell:
        python ../TOOLS/Intervar-master/Intervar.py/Intervar.py  		-i VCF/hapcaller.recal.combined.annot.gnomad.vep.filtered.annovar.vcf.avinput 		-o CSV/res_intervar 		--buildver hg19 		--input_type AVinput 		--database_intervar ../TOOLS/Intervar-master/Intervar.py/intervardb 		--config=../TOOLS/Intervar-master/Intervar.py/config.ini 		--convert2annovar ../TOOLS/Intervar-master/Intervar.py/convert2annovar.pl 		--table_annovar ../TOOLS/Intervar-master/Intervar.py/table_annovar.pl 		--annotate_variation ../TOOLS/Intervar-master/Intervar.py/annotate_variation.pl 		--database_locat /sandbox/users/mguillout/tools/annovar/humandb
        (one of the commands exited with non-zero exit code; note that snakemake uses bash strict mode!)
    cluster_jobid: Your job 4087749 ("snakejob.annotINTERVAR.3.sh") has been submitted

Error executing rule annotINTERVAR on cluster (jobid: 3, external: Your job 4087749 ("snakejob.annotINTERVAR.3.sh") has been submitted, jobscript: /sandbox/shares/nextcloud/mguillout/files/Application/pipeline/testPipeline2/.snakemake/tmp.jes5av5u/snakejob.annotINTERVAR.3.sh). For error details see the cluster log and the log files of the involved rule(s).
Submitted job 2 with external jobid 'Your job 4087750 ("snakejob.tabix.2.sh") has been submitted'.
[Thu Aug 20 19:34:47 2020]
Finished job 2.
5 of 9 steps (56%) done
[Thu Aug 20 19:35:57 2020]
Finished job 15.
6 of 9 steps (67%) done
Shutting down, this might take some time.
Exiting because a job execution failed. Look above for error message
Complete log: /sandbox/shares/nextcloud/mguillout/files/Application/pipeline/.snakemake/log/2020-08-20T193336.315582.snakemake.log
