Building DAG of jobs...
Using shell: /usr/bin/bash
Provided cluster nodes: 12
Job counts:
	count	jobs
	2	align
	1	annotANNOVAR
	1	annotINTERVAR
	1	annotVEP
	2	baseRecalibration
	3	bgzip
	1	combineGVCF
	1	combineVCF
	4	concatFastq
	2	createBaseRecalibrationTable
	1	createGVCFList
	6	depthOfCoverage
	1	downloadGATK
	1	extractGNOMAD
	1	extractGNOMADVEP
	4	fastQC
	1	filterIndels
	1	filterSNVs
	1	filtration_freq_and_genes
	1	freqGNOMAD
	1	genotypeGVCF
	1	gunzipCADD
	2	haplotypeCaller
	2	indelRealign
	2	markDuplicates
	2	merge
	1	merge_fields
	2	picardMetrics
	2	realignTargetCreator
	1	scoreCADD
	1	selectIndels
	1	selectSNVs
	2	sort
	3	tabix
	1	target
	60

[Mon Aug 24 02:39:29 2020]
rule concatFastq:
    input: /sandbox/users/mguillout/fastQ-APHP/P29-HC_S29_L001_R1_001.fastq.gz
    output: Samples/Sample29/QC/Sample29.fastqc.forward.gz
    jobid: 30
    reason: Missing output files: Samples/Sample29/QC/Sample29.fastqc.forward.gz
    wildcards: sample=Sample29, strand=forward

cat /sandbox/users/mguillout/fastQ-APHP/P29-HC_S29_L001_R1_001.fastq.gz > Samples/Sample29/QC/Sample29.fastqc.forward.gz
Submitted job 30 with external jobid 'Your job 4090851 ("snakejob.concatFastq.30.sh") has been submitted'.

[Mon Aug 24 02:39:32 2020]
rule align:
    input: /sandbox/users/mguillout/pipeline/REFERENCES/human_g1k_v37.fasta, /sandbox/users/mguillout/fastQ-APHP/P10-BL_S10_L001_R1_001.fastq.gz, /sandbox/users/mguillout/fastQ-APHP/P10-BL_S10_L001_R2_001.fastq.gz, /sandbox/users/mguillout/pipeline/REFERENCES/human_g1k_v37.fasta.bwt
    output: Samples/Sample10/BAM/Sample10.p1.sam
    jobid: 57
    reason: Missing output files: Samples/Sample10/BAM/Sample10.p1.sam
    wildcards: sample=Sample10, pairID=p1

bwa mem -t 1 -M 		-H '@CO\tProject:pipelineTest Sample:Sample10 Date:2020-08-24 CWD:/sandbox/users/mguillout/externalshares/Application/pipeline/testPipeline2 Capture:{ name : captureName , description : exome capture 1 , path : /sandbox/users/mguillout/pipeline/REFERENCES/Broad.human.exome.b37.bed}' 		-R '@RG\tID:Sample10\tLB:Sample10\tSM:Sample10\tPL:Illumina\tCN:CENTER' 		/sandbox/users/mguillout/pipeline/REFERENCES/human_g1k_v37.fasta /sandbox/users/mguillout/fastQ-APHP/P10-BL_S10_L001_R1_001.fastq.gz /sandbox/users/mguillout/fastQ-APHP/P10-BL_S10_L001_R2_001.fastq.gz > Samples/Sample10/BAM/Sample10.p1.sam
Submitted job 57 with external jobid 'Your job 4090852 ("snakejob.align.57.sh") has been submitted'.

[Mon Aug 24 02:39:32 2020]
rule concatFastq:
    input: /sandbox/users/mguillout/fastQ-APHP/P10-BL_S10_L001_R2_001.fastq.gz
    output: Samples/Sample10/QC/Sample10.fastqc.reverse.gz
    jobid: 29
    reason: Missing output files: Samples/Sample10/QC/Sample10.fastqc.reverse.gz
    wildcards: sample=Sample10, strand=reverse

cat /sandbox/users/mguillout/fastQ-APHP/P10-BL_S10_L001_R2_001.fastq.gz > Samples/Sample10/QC/Sample10.fastqc.reverse.gz
Submitted job 29 with external jobid 'Your job 4090853 ("snakejob.concatFastq.29.sh") has been submitted'.

[Mon Aug 24 02:39:32 2020]
rule concatFastq:
    input: /sandbox/users/mguillout/fastQ-APHP/P10-BL_S10_L001_R1_001.fastq.gz
    output: Samples/Sample10/QC/Sample10.fastqc.forward.gz
    jobid: 28
    reason: Missing output files: Samples/Sample10/QC/Sample10.fastqc.forward.gz
    wildcards: sample=Sample10, strand=forward

cat /sandbox/users/mguillout/fastQ-APHP/P10-BL_S10_L001_R1_001.fastq.gz > Samples/Sample10/QC/Sample10.fastqc.forward.gz
Submitted job 28 with external jobid 'Your job 4090854 ("snakejob.concatFastq.28.sh") has been submitted'.

[Mon Aug 24 02:39:32 2020]
rule align:
    input: /sandbox/users/mguillout/pipeline/REFERENCES/human_g1k_v37.fasta, /sandbox/users/mguillout/fastQ-APHP/P29-HC_S29_L001_R1_001.fastq.gz, /sandbox/users/mguillout/fastQ-APHP/P29-HC_S29_L001_R2_001.fastq.gz, /sandbox/users/mguillout/pipeline/REFERENCES/human_g1k_v37.fasta.bwt
    output: Samples/Sample29/BAM/Sample29.p1.sam
    jobid: 58
    reason: Missing output files: Samples/Sample29/BAM/Sample29.p1.sam
    wildcards: sample=Sample29, pairID=p1

bwa mem -t 1 -M 		-H '@CO\tProject:pipelineTest Sample:Sample29 Date:2020-08-24 CWD:/sandbox/users/mguillout/externalshares/Application/pipeline/testPipeline2 Capture:{ name : captureName , description : exome capture 1 , path : /sandbox/users/mguillout/pipeline/REFERENCES/Broad.human.exome.b37.bed}' 		-R '@RG\tID:Sample29\tLB:Sample29\tSM:Sample29\tPL:Illumina\tCN:CENTER' 		/sandbox/users/mguillout/pipeline/REFERENCES/human_g1k_v37.fasta /sandbox/users/mguillout/fastQ-APHP/P29-HC_S29_L001_R1_001.fastq.gz /sandbox/users/mguillout/fastQ-APHP/P29-HC_S29_L001_R2_001.fastq.gz > Samples/Sample29/BAM/Sample29.p1.sam
Submitted job 58 with external jobid 'Your job 4090855 ("snakejob.align.58.sh") has been submitted'.

[Mon Aug 24 02:39:32 2020]
rule downloadGATK:
    output: gatkPresent.txt
    jobid: 23
    reason: Missing output files: gatkPresent.txt

Submitted job 23 with external jobid 'Your job 4090856 ("snakejob.downloadGATK.23.sh") has been submitted'.

[Mon Aug 24 02:39:32 2020]
rule concatFastq:
    input: /sandbox/users/mguillout/fastQ-APHP/P29-HC_S29_L001_R2_001.fastq.gz
    output: Samples/Sample29/QC/Sample29.fastqc.reverse.gz
    jobid: 31
    reason: Missing output files: Samples/Sample29/QC/Sample29.fastqc.reverse.gz
    wildcards: sample=Sample29, strand=reverse

cat /sandbox/users/mguillout/fastQ-APHP/P29-HC_S29_L001_R2_001.fastq.gz > Samples/Sample29/QC/Sample29.fastqc.reverse.gz
Submitted job 31 with external jobid 'Your job 4090857 ("snakejob.concatFastq.31.sh") has been submitted'.
[Mon Aug 24 02:39:49 2020]
Finished job 30.
1 of 60 steps (2%) done

[Mon Aug 24 02:39:49 2020]
rule fastQC:
    input: Samples/Sample29/QC/Sample29.fastqc.forward.gz
    output: Samples/Sample29/QC/Sample29.fastqc.forward_fastqc.zip
    jobid: 14
    reason: Missing output files: Samples/Sample29/QC/Sample29.fastqc.forward_fastqc.zip; Input files updated by another job: Samples/Sample29/QC/Sample29.fastqc.forward.gz
    wildcards: sample=Sample29, strand=forward

fastqc -o Samples/Sample29/QC --format fastq --noextract Samples/Sample29/QC/Sample29.fastqc.forward.gz
[Mon Aug 24 02:39:49 2020]
Finished job 29.
2 of 60 steps (3%) done
[Mon Aug 24 02:39:49 2020]
Finished job 28.
3 of 60 steps (5%) done
[Mon Aug 24 02:39:49 2020]
Finished job 31.
Submitted job 14 with external jobid 'Your job 4090858 ("snakejob.fastQC.14.sh") has been submitted'.
4 of 60 steps (7%) done

[Mon Aug 24 02:39:49 2020]
rule fastQC:
    input: Samples/Sample10/QC/Sample10.fastqc.reverse.gz
    output: Samples/Sample10/QC/Sample10.fastqc.reverse_fastqc.zip
    jobid: 13
    reason: Missing output files: Samples/Sample10/QC/Sample10.fastqc.reverse_fastqc.zip; Input files updated by another job: Samples/Sample10/QC/Sample10.fastqc.reverse.gz
    wildcards: sample=Sample10, strand=reverse

fastqc -o Samples/Sample10/QC --format fastq --noextract Samples/Sample10/QC/Sample10.fastqc.reverse.gz
Submitted job 13 with external jobid 'Your job 4090859 ("snakejob.fastQC.13.sh") has been submitted'.

[Mon Aug 24 02:39:50 2020]
rule fastQC:
    input: Samples/Sample29/QC/Sample29.fastqc.reverse.gz
    output: Samples/Sample29/QC/Sample29.fastqc.reverse_fastqc.zip
    jobid: 15
    reason: Missing output files: Samples/Sample29/QC/Sample29.fastqc.reverse_fastqc.zip; Input files updated by another job: Samples/Sample29/QC/Sample29.fastqc.reverse.gz
    wildcards: sample=Sample29, strand=reverse

fastqc -o Samples/Sample29/QC --format fastq --noextract Samples/Sample29/QC/Sample29.fastqc.reverse.gz
Submitted job 15 with external jobid 'Your job 4090860 ("snakejob.fastQC.15.sh") has been submitted'.

[Mon Aug 24 02:39:50 2020]
rule fastQC:
    input: Samples/Sample10/QC/Sample10.fastqc.forward.gz
    output: Samples/Sample10/QC/Sample10.fastqc.forward_fastqc.zip
    jobid: 12
    reason: Missing output files: Samples/Sample10/QC/Sample10.fastqc.forward_fastqc.zip; Input files updated by another job: Samples/Sample10/QC/Sample10.fastqc.forward.gz
    wildcards: sample=Sample10, strand=forward

fastqc -o Samples/Sample10/QC --format fastq --noextract Samples/Sample10/QC/Sample10.fastqc.forward.gz
Submitted job 12 with external jobid 'Your job 4090861 ("snakejob.fastQC.12.sh") has been submitted'.
[Mon Aug 24 02:39:59 2020]
Finished job 23.
5 of 60 steps (8%) done
[Mon Aug 24 02:40:20 2020]
Finished job 14.
6 of 60 steps (10%) done
[Mon Aug 24 02:40:20 2020]
Finished job 13.
7 of 60 steps (12%) done
[Mon Aug 24 02:40:20 2020]
Finished job 15.
8 of 60 steps (13%) done
[Mon Aug 24 02:40:30 2020]
Finished job 12.
9 of 60 steps (15%) done
[Mon Aug 24 02:43:50 2020]
Finished job 57.
10 of 60 steps (17%) done

[Mon Aug 24 02:43:50 2020]
rule sort:
    input: /sandbox/users/mguillout/pipeline/REFERENCES/human_g1k_v37.fasta, Samples/Sample10/BAM/Sample10.p1.sam, /sandbox/users/mguillout/pipeline/REFERENCES/human_g1k_v37.fasta.fai
    output: Samples/Sample10/BAM/Sample10.p1.sorted.bam
    jobid: 53
    reason: Missing output files: Samples/Sample10/BAM/Sample10.p1.sorted.bam; Input files updated by another job: Samples/Sample10/BAM/Sample10.p1.sam
    wildcards: sample=Sample10, pairID=p1

samtools sort --reference /sandbox/users/mguillout/pipeline/REFERENCES/human_g1k_v37.fasta -l 9 -@ 1 -O bam -o Samples/Sample10/BAM/Sample10.p1.sorted.bam -T Samples/Sample10/BAM/Sample10.p1.sorted.bam.tmp Samples/Sample10/BAM/Sample10.p1.sam
Submitted job 53 with external jobid 'Your job 4090862 ("snakejob.sort.53.sh") has been submitted'.
Removing temporary output file Samples/Sample10/BAM/Sample10.p1.sam.
[Mon Aug 24 02:44:30 2020]
Finished job 53.
11 of 60 steps (18%) done

[Mon Aug 24 02:44:30 2020]
rule merge:
    input: Samples/Sample10/BAM/Sample10.p1.sorted.bam
    output: Samples/Sample10/BAM/Sample10.merged.bam, Samples/Sample10/BAM/Sample10.merged.bai
    jobid: 50
    reason: Missing output files: Samples/Sample10/BAM/Sample10.merged.bam, Samples/Sample10/BAM/Sample10.merged.bai; Input files updated by another job: Samples/Sample10/BAM/Sample10.p1.sorted.bam
    wildcards: sample=Sample10

Submitted job 50 with external jobid 'Your job 4090863 ("snakejob.merge.50.sh") has been submitted'.
[Mon Aug 24 02:45:50 2020]
Finished job 58.
12 of 60 steps (20%) done
Removing temporary output file Samples/Sample10/BAM/Sample10.p1.sorted.bam.
[Mon Aug 24 02:45:50 2020]
Finished job 50.
13 of 60 steps (22%) done

[Mon Aug 24 02:45:50 2020]
rule sort:
    input: /sandbox/users/mguillout/pipeline/REFERENCES/human_g1k_v37.fasta, Samples/Sample29/BAM/Sample29.p1.sam, /sandbox/users/mguillout/pipeline/REFERENCES/human_g1k_v37.fasta.fai
    output: Samples/Sample29/BAM/Sample29.p1.sorted.bam
    jobid: 54
    reason: Missing output files: Samples/Sample29/BAM/Sample29.p1.sorted.bam; Input files updated by another job: Samples/Sample29/BAM/Sample29.p1.sam
    wildcards: sample=Sample29, pairID=p1

samtools sort --reference /sandbox/users/mguillout/pipeline/REFERENCES/human_g1k_v37.fasta -l 9 -@ 1 -O bam -o Samples/Sample29/BAM/Sample29.p1.sorted.bam -T Samples/Sample29/BAM/Sample29.p1.sorted.bam.tmp Samples/Sample29/BAM/Sample29.p1.sam
Submitted job 54 with external jobid 'Your job 4090868 ("snakejob.sort.54.sh") has been submitted'.

[Mon Aug 24 02:45:50 2020]
rule markDuplicates:
    input: Samples/Sample10/BAM/Sample10.merged.bam, Samples/Sample10/BAM/Sample10.merged.bai
    output: Samples/Sample10/BAM/Sample10.markdup.bam, Samples/Sample10/BAM/Sample10.markdup.bai, Samples/Sample10/QC/Sample10.markdup.metrics
    jobid: 45
    reason: Missing output files: Samples/Sample10/BAM/Sample10.markdup.bai, Samples/Sample10/BAM/Sample10.markdup.bam; Input files updated by another job: Samples/Sample10/BAM/Sample10.merged.bam, Samples/Sample10/BAM/Sample10.merged.bai
    wildcards: sample=Sample10

picard MarkDuplicates -Xmx5g TMP_DIR=Samples/Sample10/BAM MAX_RECORDS_IN_RAM=1000000 COMPRESSION_LEVEL=9 AS=true PG=PMD  VALIDATION_STRINGENCY=SILENT CREATE_INDEX=true O=Samples/Sample10/BAM/Sample10.markdup.bam I=Samples/Sample10/BAM/Sample10.merged.bam M=Samples/Sample10/QC/Sample10.markdup.metrics
Submitted job 45 with external jobid 'Your job 4090869 ("snakejob.markDuplicates.45.sh") has been submitted'.
Removing temporary output file Samples/Sample29/BAM/Sample29.p1.sam.
[Mon Aug 24 02:46:30 2020]
Finished job 54.
14 of 60 steps (23%) done

[Mon Aug 24 02:46:30 2020]
rule merge:
    input: Samples/Sample29/BAM/Sample29.p1.sorted.bam
    output: Samples/Sample29/BAM/Sample29.merged.bam, Samples/Sample29/BAM/Sample29.merged.bai
    jobid: 51
    reason: Missing output files: Samples/Sample29/BAM/Sample29.merged.bam, Samples/Sample29/BAM/Sample29.merged.bai; Input files updated by another job: Samples/Sample29/BAM/Sample29.p1.sorted.bam
    wildcards: sample=Sample29

Submitted job 51 with external jobid 'Your job 4090872 ("snakejob.merge.51.sh") has been submitted'.
Removing temporary output file Samples/Sample29/BAM/Sample29.p1.sorted.bam.
[Mon Aug 24 02:47:40 2020]
Finished job 51.
15 of 60 steps (25%) done

[Mon Aug 24 02:47:40 2020]
rule markDuplicates:
    input: Samples/Sample29/BAM/Sample29.merged.bam, Samples/Sample29/BAM/Sample29.merged.bai
    output: Samples/Sample29/BAM/Sample29.markdup.bam, Samples/Sample29/BAM/Sample29.markdup.bai, Samples/Sample29/QC/Sample29.markdup.metrics
    jobid: 47
    reason: Missing output files: Samples/Sample29/BAM/Sample29.markdup.bai, Samples/Sample29/BAM/Sample29.markdup.bam; Input files updated by another job: Samples/Sample29/BAM/Sample29.merged.bam, Samples/Sample29/BAM/Sample29.merged.bai
    wildcards: sample=Sample29

picard MarkDuplicates -Xmx5g TMP_DIR=Samples/Sample29/BAM MAX_RECORDS_IN_RAM=1000000 COMPRESSION_LEVEL=9 AS=true PG=PMD  VALIDATION_STRINGENCY=SILENT CREATE_INDEX=true O=Samples/Sample29/BAM/Sample29.markdup.bam I=Samples/Sample29/BAM/Sample29.merged.bam M=Samples/Sample29/QC/Sample29.markdup.metrics
Submitted job 47 with external jobid 'Your job 4090873 ("snakejob.markDuplicates.47.sh") has been submitted'.
Removing temporary output file Samples/Sample10/BAM/Sample10.merged.bam.
Removing temporary output file Samples/Sample10/BAM/Sample10.merged.bai.
[Mon Aug 24 02:49:40 2020]
Finished job 45.
16 of 60 steps (27%) done

[Mon Aug 24 02:49:40 2020]
rule realignTargetCreator:
    input: Samples/Sample10/BAM/Sample10.markdup.bam, Samples/Sample10/BAM/Sample10.markdup.bai, BED/capture.extended1000.bed, /sandbox/users/mguillout/pipeline/REFERENCES/human_g1k_v37.fasta, /sandbox/users/mguillout/pipeline/REFERENCES/1000G_phase1.indels.b37.vcf.gz, /sandbox/users/mguillout/pipeline/REFERENCES/Mills_and_1000G_gold_standard.indels.b37.vcf.gz, /sandbox/users/mguillout/pipeline/REFERENCES/human_g1k_v37.dict, gatkPresent.txt
    output: Samples/Sample10/BAM/Sample10.realign.intervals
    jobid: 44
    reason: Missing output files: Samples/Sample10/BAM/Sample10.realign.intervals; Input files updated by another job: gatkPresent.txt, Samples/Sample10/BAM/Sample10.markdup.bam, Samples/Sample10/BAM/Sample10.markdup.bai
    wildcards: sample=Sample10
    threads: 8

gatk -Djava.io.tmpdir=Samples/Sample10/BAM -Xmx5g -T RealignerTargetCreator 		-nt 8 		-R /sandbox/users/mguillout/pipeline/REFERENCES/human_g1k_v37.fasta 		-L:capture,BED BED/capture.extended1000.bed 		-I Samples/Sample10/BAM/Sample10.markdup.bam 		-o Samples/Sample10/BAM/Sample10.realign.intervals 		--known:onekindels,VCF /sandbox/users/mguillout/pipeline/REFERENCES/1000G_phase1.indels.b37.vcf.gz 		--known:millsindels,VCF /sandbox/users/mguillout/pipeline/REFERENCES/Mills_and_1000G_gold_standard.indels.b37.vcf.gz 		-S SILENT
Submitted job 44 with external jobid 'Your job 4090879 ("snakejob.realignTargetCreator.44.sh") has been submitted'.
[Mon Aug 24 02:50:50 2020]
Finished job 44.
17 of 60 steps (28%) done

[Mon Aug 24 02:50:50 2020]
rule indelRealign:
    input: Samples/Sample10/BAM/Sample10.realign.intervals, /sandbox/users/mguillout/pipeline/REFERENCES/human_g1k_v37.fasta, Samples/Sample10/BAM/Sample10.markdup.bam, Samples/Sample10/BAM/Sample10.markdup.bai, /sandbox/users/mguillout/pipeline/REFERENCES/1000G_phase1.indels.b37.vcf.gz, /sandbox/users/mguillout/pipeline/REFERENCES/Mills_and_1000G_gold_standard.indels.b37.vcf.gz, /sandbox/users/mguillout/pipeline/REFERENCES/human_g1k_v37.dict, gatkPresent.txt
    output: Samples/Sample10/BAM/Sample10.realign.bam, Samples/Sample10/BAM/Sample10.realign.bai
    jobid: 37
    reason: Missing output files: Samples/Sample10/BAM/Sample10.realign.bai, Samples/Sample10/BAM/Sample10.realign.bam; Input files updated by another job: gatkPresent.txt, Samples/Sample10/BAM/Sample10.markdup.bam, Samples/Sample10/BAM/Sample10.markdup.bai, Samples/Sample10/BAM/Sample10.realign.intervals
    wildcards: sample=Sample10

gatk -Djava.io.tmpdir=Samples/Sample10/BAM -XX:ParallelGCThreads=5 -Xmx2g -T IndelRealigner 		-R /sandbox/users/mguillout/pipeline/REFERENCES/human_g1k_v37.fasta 		--bam_compression 9 		-I Samples/Sample10/BAM/Sample10.markdup.bam 		-o Samples/Sample10/BAM/Sample10.realign.bam 		-targetIntervals Samples/Sample10/BAM/Sample10.realign.intervals 		-known:onekindels,VCF /sandbox/users/mguillout/pipeline/REFERENCES/1000G_phase1.indels.b37.vcf.gz 		-known:millsindels,VCF /sandbox/users/mguillout/pipeline/REFERENCES/Mills_and_1000G_gold_standard.indels.b37.vcf.gz 		-S SILENT
Submitted job 37 with external jobid 'Your job 4090880 ("snakejob.indelRealign.37.sh") has been submitted'.
Removing temporary output file Samples/Sample29/BAM/Sample29.merged.bam.
Removing temporary output file Samples/Sample29/BAM/Sample29.merged.bai.
[Mon Aug 24 02:51:31 2020]
Finished job 47.
18 of 60 steps (30%) done

[Mon Aug 24 02:51:31 2020]
rule realignTargetCreator:
    input: Samples/Sample29/BAM/Sample29.markdup.bam, Samples/Sample29/BAM/Sample29.markdup.bai, BED/capture.extended1000.bed, /sandbox/users/mguillout/pipeline/REFERENCES/human_g1k_v37.fasta, /sandbox/users/mguillout/pipeline/REFERENCES/1000G_phase1.indels.b37.vcf.gz, /sandbox/users/mguillout/pipeline/REFERENCES/Mills_and_1000G_gold_standard.indels.b37.vcf.gz, /sandbox/users/mguillout/pipeline/REFERENCES/human_g1k_v37.dict, gatkPresent.txt
    output: Samples/Sample29/BAM/Sample29.realign.intervals
    jobid: 46
    reason: Missing output files: Samples/Sample29/BAM/Sample29.realign.intervals; Input files updated by another job: Samples/Sample29/BAM/Sample29.markdup.bai, gatkPresent.txt, Samples/Sample29/BAM/Sample29.markdup.bam
    wildcards: sample=Sample29
    threads: 8

gatk -Djava.io.tmpdir=Samples/Sample29/BAM -Xmx5g -T RealignerTargetCreator 		-nt 8 		-R /sandbox/users/mguillout/pipeline/REFERENCES/human_g1k_v37.fasta 		-L:capture,BED BED/capture.extended1000.bed 		-I Samples/Sample29/BAM/Sample29.markdup.bam 		-o Samples/Sample29/BAM/Sample29.realign.intervals 		--known:onekindels,VCF /sandbox/users/mguillout/pipeline/REFERENCES/1000G_phase1.indels.b37.vcf.gz 		--known:millsindels,VCF /sandbox/users/mguillout/pipeline/REFERENCES/Mills_and_1000G_gold_standard.indels.b37.vcf.gz 		-S SILENT
Submitted job 46 with external jobid 'Your job 4090881 ("snakejob.realignTargetCreator.46.sh") has been submitted'.
[Mon Aug 24 02:52:31 2020]
Finished job 46.
19 of 60 steps (32%) done

[Mon Aug 24 02:52:31 2020]
rule indelRealign:
    input: Samples/Sample29/BAM/Sample29.realign.intervals, /sandbox/users/mguillout/pipeline/REFERENCES/human_g1k_v37.fasta, Samples/Sample29/BAM/Sample29.markdup.bam, Samples/Sample29/BAM/Sample29.markdup.bai, /sandbox/users/mguillout/pipeline/REFERENCES/1000G_phase1.indels.b37.vcf.gz, /sandbox/users/mguillout/pipeline/REFERENCES/Mills_and_1000G_gold_standard.indels.b37.vcf.gz, /sandbox/users/mguillout/pipeline/REFERENCES/human_g1k_v37.dict, gatkPresent.txt
    output: Samples/Sample29/BAM/Sample29.realign.bam, Samples/Sample29/BAM/Sample29.realign.bai
    jobid: 41
    reason: Missing output files: Samples/Sample29/BAM/Sample29.realign.bai, Samples/Sample29/BAM/Sample29.realign.bam; Input files updated by another job: Samples/Sample29/BAM/Sample29.markdup.bai, gatkPresent.txt, Samples/Sample29/BAM/Sample29.markdup.bam, Samples/Sample29/BAM/Sample29.realign.intervals
    wildcards: sample=Sample29

gatk -Djava.io.tmpdir=Samples/Sample29/BAM -XX:ParallelGCThreads=5 -Xmx2g -T IndelRealigner 		-R /sandbox/users/mguillout/pipeline/REFERENCES/human_g1k_v37.fasta 		--bam_compression 9 		-I Samples/Sample29/BAM/Sample29.markdup.bam 		-o Samples/Sample29/BAM/Sample29.realign.bam 		-targetIntervals Samples/Sample29/BAM/Sample29.realign.intervals 		-known:onekindels,VCF /sandbox/users/mguillout/pipeline/REFERENCES/1000G_phase1.indels.b37.vcf.gz 		-known:millsindels,VCF /sandbox/users/mguillout/pipeline/REFERENCES/Mills_and_1000G_gold_standard.indels.b37.vcf.gz 		-S SILENT
Submitted job 41 with external jobid 'Your job 4090882 ("snakejob.indelRealign.41.sh") has been submitted'.
Removing temporary output file Samples/Sample29/BAM/Sample29.realign.intervals.
Removing temporary output file Samples/Sample29/BAM/Sample29.markdup.bai.
Removing temporary output file Samples/Sample29/BAM/Sample29.markdup.bam.
[Mon Aug 24 02:57:51 2020]
Finished job 41.
20 of 60 steps (33%) done

[Mon Aug 24 02:57:51 2020]
rule createBaseRecalibrationTable:
    input: /sandbox/users/mguillout/pipeline/REFERENCES/human_g1k_v37.fasta, Samples/Sample29/BAM/Sample29.realign.bam, Samples/Sample29/BAM/Sample29.realign.bai, /sandbox/users/mguillout/pipeline/REFERENCES/dbsnp_138.b37.vcf.gz, BED/capture.extended1000.bed, /sandbox/users/mguillout/pipeline/REFERENCES/human_g1k_v37.dict, gatkPresent.txt
    output: Samples/Sample29/BAM/Sample29.recal.table
    jobid: 40
    reason: Missing output files: Samples/Sample29/BAM/Sample29.recal.table; Input files updated by another job: gatkPresent.txt, Samples/Sample29/BAM/Sample29.realign.bai, Samples/Sample29/BAM/Sample29.realign.bam
    wildcards: sample=Sample29
    threads: 8

gatk -Djava.io.tmpdir=Samples/Sample29/BAM -XX:ParallelGCThreads=5 -Xmx2g -T BaseRecalibrator 		-nct 8 		-R /sandbox/users/mguillout/pipeline/REFERENCES/human_g1k_v37.fasta 		--validation_strictness LENIENT 		-I Samples/Sample29/BAM/Sample29.realign.bam 		-l INFO 		-o Samples/Sample29/BAM/Sample29.recal.table 		-knownSites:dbsnp,VCF /sandbox/users/mguillout/pipeline/REFERENCES/dbsnp_138.b37.vcf.gz 		-L:capture,BED BED/capture.extended1000.bed 		-cov QualityScoreCovariate 		-cov CycleCovariate 		-cov ContextCovariate
Submitted job 40 with external jobid 'Your job 4090883 ("snakejob.createBaseRecalibrationTable.40.sh") has been submitted'.
Removing temporary output file Samples/Sample10/BAM/Sample10.realign.intervals.
Removing temporary output file Samples/Sample10/BAM/Sample10.markdup.bai.
Removing temporary output file Samples/Sample10/BAM/Sample10.markdup.bam.
[Mon Aug 24 03:10:33 2020]
Finished job 37.
21 of 60 steps (35%) done

[Mon Aug 24 03:10:33 2020]
rule createBaseRecalibrationTable:
    input: /sandbox/users/mguillout/pipeline/REFERENCES/human_g1k_v37.fasta, Samples/Sample10/BAM/Sample10.realign.bam, Samples/Sample10/BAM/Sample10.realign.bai, /sandbox/users/mguillout/pipeline/REFERENCES/dbsnp_138.b37.vcf.gz, BED/capture.extended1000.bed, /sandbox/users/mguillout/pipeline/REFERENCES/human_g1k_v37.dict, gatkPresent.txt
    output: Samples/Sample10/BAM/Sample10.recal.table
    jobid: 36
    reason: Missing output files: Samples/Sample10/BAM/Sample10.recal.table; Input files updated by another job: gatkPresent.txt, Samples/Sample10/BAM/Sample10.realign.bai, Samples/Sample10/BAM/Sample10.realign.bam
    wildcards: sample=Sample10
    threads: 8

gatk -Djava.io.tmpdir=Samples/Sample10/BAM -XX:ParallelGCThreads=5 -Xmx2g -T BaseRecalibrator 		-nct 8 		-R /sandbox/users/mguillout/pipeline/REFERENCES/human_g1k_v37.fasta 		--validation_strictness LENIENT 		-I Samples/Sample10/BAM/Sample10.realign.bam 		-l INFO 		-o Samples/Sample10/BAM/Sample10.recal.table 		-knownSites:dbsnp,VCF /sandbox/users/mguillout/pipeline/REFERENCES/dbsnp_138.b37.vcf.gz 		-L:capture,BED BED/capture.extended1000.bed 		-cov QualityScoreCovariate 		-cov CycleCovariate 		-cov ContextCovariate
Submitted job 36 with external jobid 'Your job 4090988 ("snakejob.createBaseRecalibrationTable.36.sh") has been submitted'.
[Mon Aug 24 03:17:04 2020]
Finished job 36.
22 of 60 steps (37%) done

[Mon Aug 24 03:17:04 2020]
rule baseRecalibration:
    input: Samples/Sample10/BAM/Sample10.recal.table, /sandbox/users/mguillout/pipeline/REFERENCES/human_g1k_v37.fasta, Samples/Sample10/BAM/Sample10.realign.bam, Samples/Sample10/BAM/Sample10.realign.bai, /sandbox/users/mguillout/pipeline/REFERENCES/human_g1k_v37.dict, gatkPresent.txt
    output: Samples/Sample10/BAM/Sample10.final.bam, Samples/Sample10/BAM/Sample10.final.bai
    jobid: 20
    reason: Missing output files: Samples/Sample10/BAM/Sample10.final.bam, Samples/Sample10/BAM/Sample10.final.bai; Input files updated by another job: gatkPresent.txt, Samples/Sample10/BAM/Sample10.realign.bai, Samples/Sample10/BAM/Sample10.realign.bam, Samples/Sample10/BAM/Sample10.recal.table
    wildcards: sample=Sample10
    threads: 8

gatk -Djava.io.tmpdir=Samples/Sample10/BAM -XX:ParallelGCThreads=5 -Xmx4g -T PrintReads 		-nct 8 		-R /sandbox/users/mguillout/pipeline/REFERENCES/human_g1k_v37.fasta 		--bam_compression 9 		-BQSR Samples/Sample10/BAM/Sample10.recal.table 		--disable_indel_quals 		-I Samples/Sample10/BAM/Sample10.realign.bam 		-o Samples/Sample10/BAM/Sample10.final.bam 		--validation_strictness LENIENT 		-l INFO
Submitted job 20 with external jobid 'Your job 4091015 ("snakejob.baseRecalibration.20.sh") has been submitted'.
[Mon Aug 24 03:18:04 2020]
Finished job 40.
23 of 60 steps (38%) done

[Mon Aug 24 03:18:04 2020]
rule baseRecalibration:
    input: Samples/Sample29/BAM/Sample29.recal.table, /sandbox/users/mguillout/pipeline/REFERENCES/human_g1k_v37.fasta, Samples/Sample29/BAM/Sample29.realign.bam, Samples/Sample29/BAM/Sample29.realign.bai, /sandbox/users/mguillout/pipeline/REFERENCES/human_g1k_v37.dict, gatkPresent.txt
    output: Samples/Sample29/BAM/Sample29.final.bam, Samples/Sample29/BAM/Sample29.final.bai
    jobid: 26
    reason: Missing output files: Samples/Sample29/BAM/Sample29.final.bam, Samples/Sample29/BAM/Sample29.final.bai; Input files updated by another job: Samples/Sample29/BAM/Sample29.recal.table, gatkPresent.txt, Samples/Sample29/BAM/Sample29.realign.bai, Samples/Sample29/BAM/Sample29.realign.bam
    wildcards: sample=Sample29
    threads: 8

gatk -Djava.io.tmpdir=Samples/Sample29/BAM -XX:ParallelGCThreads=5 -Xmx4g -T PrintReads 		-nct 8 		-R /sandbox/users/mguillout/pipeline/REFERENCES/human_g1k_v37.fasta 		--bam_compression 9 		-BQSR Samples/Sample29/BAM/Sample29.recal.table 		--disable_indel_quals 		-I Samples/Sample29/BAM/Sample29.realign.bam 		-o Samples/Sample29/BAM/Sample29.final.bam 		--validation_strictness LENIENT 		-l INFO
Submitted job 26 with external jobid 'Your job 4091020 ("snakejob.baseRecalibration.26.sh") has been submitted'.
Write-protecting output file Samples/Sample10/BAM/Sample10.final.bam.
Write-protecting output file Samples/Sample10/BAM/Sample10.final.bai.
Removing temporary output file Samples/Sample10/BAM/Sample10.recal.table.
Removing temporary output file Samples/Sample10/BAM/Sample10.realign.bai.
Removing temporary output file Samples/Sample10/BAM/Sample10.realign.bam.
[Mon Aug 24 03:18:44 2020]
Finished job 20.
24 of 60 steps (40%) done

[Mon Aug 24 03:18:44 2020]
rule picardMetrics:
    input: Samples/Sample10/BAM/Sample10.final.bam, Samples/Sample10/BAM/Sample10.final.bai, BED/capture.interval_list, /sandbox/users/mguillout/pipeline/REFERENCES/human_g1k_v37.fasta
    output: Samples/Sample10/QC/Sample10.picard_metrics.alignment_summary_metrics, Samples/Sample10/QC/Sample10.picard_metrics.base_distribution_by_cycle_metrics, Samples/Sample10/QC/Sample10.picard_metrics.base_distribution_by_cycle.pdf, Samples/Sample10/QC/Sample10.picard_metrics.insert_size_histogram.pdf, Samples/Sample10/QC/Sample10.picard_metrics.insert_size_metrics, Samples/Sample10/QC/Sample10.picard_metrics.quality_by_cycle_metrics, Samples/Sample10/QC/Sample10.picard_metrics.quality_by_cycle.pdf, Samples/Sample10/QC/Sample10.picard_metrics.quality_distribution_metrics, Samples/Sample10/QC/Sample10.picard_metrics.quality_distribution.pdf
    jobid: 10
    reason: Missing output files: Samples/Sample10/QC/Sample10.picard_metrics.base_distribution_by_cycle.pdf, Samples/Sample10/QC/Sample10.picard_metrics.quality_by_cycle.pdf, Samples/Sample10/QC/Sample10.picard_metrics.base_distribution_by_cycle_metrics, Samples/Sample10/QC/Sample10.picard_metrics.quality_by_cycle_metrics, Samples/Sample10/QC/Sample10.picard_metrics.quality_distribution.pdf, Samples/Sample10/QC/Sample10.picard_metrics.insert_size_histogram.pdf, Samples/Sample10/QC/Sample10.picard_metrics.alignment_summary_metrics, Samples/Sample10/QC/Sample10.picard_metrics.insert_size_metrics, Samples/Sample10/QC/Sample10.picard_metrics.quality_distribution_metrics; Input files updated by another job: Samples/Sample10/BAM/Sample10.final.bam, Samples/Sample10/BAM/Sample10.final.bai
    wildcards: sample=Sample10

picard -Xmx2g CollectMultipleMetrics 		I=Samples/Sample10/BAM/Sample10.final.bam 		O=Samples/Sample10/QC/Sample10.picard_metrics 		R=/sandbox/users/mguillout/pipeline/REFERENCES/human_g1k_v37.fasta 		INTERVALS=BED/capture.interval_list
Submitted job 10 with external jobid 'Your job 4091021 ("snakejob.picardMetrics.10.sh") has been submitted'.

[Mon Aug 24 03:18:45 2020]
rule depthOfCoverage:
    input: /sandbox/users/mguillout/pipeline/REFERENCES/human_g1k_v37.fasta, Samples/Sample10/BAM/Sample10.final.bam, Samples/Sample10/BAM/Sample10.final.bai, BED/chrX.bed, /sandbox/users/mguillout/pipeline/REFERENCES/human_g1k_v37.fasta.fai, gatkPresent.txt
    output: Samples/Sample10/QC/Sample10.gatk_doc.chrX.sample_cumulative_coverage_counts, Samples/Sample10/QC/Sample10.gatk_doc.chrX.sample_cumulative_coverage_proportions, Samples/Sample10/QC/Sample10.gatk_doc.chrX.sample_statistics, Samples/Sample10/QC/Sample10.gatk_doc.chrX.sample_summary
    jobid: 5
    reason: Missing output files: Samples/Sample10/QC/Sample10.gatk_doc.chrX.sample_summary, Samples/Sample10/QC/Sample10.gatk_doc.chrX.sample_statistics, Samples/Sample10/QC/Sample10.gatk_doc.chrX.sample_cumulative_coverage_proportions, Samples/Sample10/QC/Sample10.gatk_doc.chrX.sample_cumulative_coverage_counts; Input files updated by another job: gatkPresent.txt, Samples/Sample10/BAM/Sample10.final.bai, Samples/Sample10/BAM/Sample10.final.bam
    wildcards: sample=Sample10, capture=chrX

gatk -Djava.io.tmpdir=Samples/Sample10/QC -XX:ParallelGCThreads=3 -Xmx5g -T DepthOfCoverage 		-R /sandbox/users/mguillout/pipeline/REFERENCES/human_g1k_v37.fasta 		--validation_strictness LENIENT 		-L:capture,BED BED/chrX.bed 		--minMappingQuality 30 		-ct 1 -ct 5 -ct 10 -ct 15 -ct 20 -ct 25 -ct 30 		-I Samples/Sample10/BAM/Sample10.final.bam 		-o Samples/Sample10/QC/Sample10.gatk_doc.chrX 		-omitIntervals 		-omitBaseOutput
Submitted job 5 with external jobid 'Your job 4091022 ("snakejob.depthOfCoverage.5.sh") has been submitted'.

[Mon Aug 24 03:18:45 2020]
rule depthOfCoverage:
    input: /sandbox/users/mguillout/pipeline/REFERENCES/human_g1k_v37.fasta, Samples/Sample10/BAM/Sample10.final.bam, Samples/Sample10/BAM/Sample10.final.bai, BED/autosomes.bed, /sandbox/users/mguillout/pipeline/REFERENCES/human_g1k_v37.fasta.fai, gatkPresent.txt
    output: Samples/Sample10/QC/Sample10.gatk_doc.autosomes.sample_cumulative_coverage_counts, Samples/Sample10/QC/Sample10.gatk_doc.autosomes.sample_cumulative_coverage_proportions, Samples/Sample10/QC/Sample10.gatk_doc.autosomes.sample_statistics, Samples/Sample10/QC/Sample10.gatk_doc.autosomes.sample_summary
    jobid: 4
    reason: Missing output files: Samples/Sample10/QC/Sample10.gatk_doc.autosomes.sample_statistics, Samples/Sample10/QC/Sample10.gatk_doc.autosomes.sample_summary, Samples/Sample10/QC/Sample10.gatk_doc.autosomes.sample_cumulative_coverage_proportions, Samples/Sample10/QC/Sample10.gatk_doc.autosomes.sample_cumulative_coverage_counts; Input files updated by another job: gatkPresent.txt, Samples/Sample10/BAM/Sample10.final.bai, Samples/Sample10/BAM/Sample10.final.bam
    wildcards: sample=Sample10, capture=autosomes

gatk -Djava.io.tmpdir=Samples/Sample10/QC -XX:ParallelGCThreads=3 -Xmx5g -T DepthOfCoverage 		-R /sandbox/users/mguillout/pipeline/REFERENCES/human_g1k_v37.fasta 		--validation_strictness LENIENT 		-L:capture,BED BED/autosomes.bed 		--minMappingQuality 30 		-ct 1 -ct 5 -ct 10 -ct 15 -ct 20 -ct 25 -ct 30 		-I Samples/Sample10/BAM/Sample10.final.bam 		-o Samples/Sample10/QC/Sample10.gatk_doc.autosomes 		-omitIntervals 		-omitBaseOutput
Submitted job 4 with external jobid 'Your job 4091023 ("snakejob.depthOfCoverage.4.sh") has been submitted'.

[Mon Aug 24 03:18:45 2020]
rule depthOfCoverage:
    input: /sandbox/users/mguillout/pipeline/REFERENCES/human_g1k_v37.fasta, Samples/Sample10/BAM/Sample10.final.bam, Samples/Sample10/BAM/Sample10.final.bai, BED/chrY.bed, /sandbox/users/mguillout/pipeline/REFERENCES/human_g1k_v37.fasta.fai, gatkPresent.txt
    output: Samples/Sample10/QC/Sample10.gatk_doc.chrY.sample_cumulative_coverage_counts, Samples/Sample10/QC/Sample10.gatk_doc.chrY.sample_cumulative_coverage_proportions, Samples/Sample10/QC/Sample10.gatk_doc.chrY.sample_statistics, Samples/Sample10/QC/Sample10.gatk_doc.chrY.sample_summary
    jobid: 6
    reason: Missing output files: Samples/Sample10/QC/Sample10.gatk_doc.chrY.sample_summary, Samples/Sample10/QC/Sample10.gatk_doc.chrY.sample_statistics, Samples/Sample10/QC/Sample10.gatk_doc.chrY.sample_cumulative_coverage_proportions, Samples/Sample10/QC/Sample10.gatk_doc.chrY.sample_cumulative_coverage_counts; Input files updated by another job: gatkPresent.txt, Samples/Sample10/BAM/Sample10.final.bai, Samples/Sample10/BAM/Sample10.final.bam
    wildcards: sample=Sample10, capture=chrY

gatk -Djava.io.tmpdir=Samples/Sample10/QC -XX:ParallelGCThreads=3 -Xmx5g -T DepthOfCoverage 		-R /sandbox/users/mguillout/pipeline/REFERENCES/human_g1k_v37.fasta 		--validation_strictness LENIENT 		-L:capture,BED BED/chrY.bed 		--minMappingQuality 30 		-ct 1 -ct 5 -ct 10 -ct 15 -ct 20 -ct 25 -ct 30 		-I Samples/Sample10/BAM/Sample10.final.bam 		-o Samples/Sample10/QC/Sample10.gatk_doc.chrY 		-omitIntervals 		-omitBaseOutput
Submitted job 6 with external jobid 'Your job 4091024 ("snakejob.depthOfCoverage.6.sh") has been submitted'.

[Mon Aug 24 03:18:45 2020]
rule haplotypeCaller:
    input: /sandbox/users/mguillout/pipeline/REFERENCES/human_g1k_v37.fasta, BED/capture.extended1000.bed, Samples/Sample10/BAM/Sample10.final.bam, Samples/Sample10/BAM/Sample10.final.bai, /sandbox/users/mguillout/pipeline/REFERENCES/dbsnp_138.b37.vcf.gz, /sandbox/users/mguillout/pipeline/REFERENCES/human_g1k_v37.dict, gatkPresent.txt
    output: Samples/Sample10/VCF/Sample10.hapcaller.g.vcf, Samples/Sample10/VCF/Sample10.hapcaller.g.vcf.idx
    jobid: 69
    reason: Missing output files: Samples/Sample10/VCF/Sample10.hapcaller.g.vcf; Input files updated by another job: gatkPresent.txt, Samples/Sample10/BAM/Sample10.final.bai, Samples/Sample10/BAM/Sample10.final.bam
    wildcards: sample=Sample10

gatk -Djava.io.tmpdir=Samples/Sample10/VCF -XX:ParallelGCThreads=5 -Xmx3g -T HaplotypeCaller 		-R /sandbox/users/mguillout/pipeline/REFERENCES/human_g1k_v37.fasta 		--emitRefConfidence GVCF 		-variant_index_type LINEAR 		-variant_index_parameter 128000 		-stand_call_conf 30.0 		-nct 1 		-rf ReadLength 		-minRead 0 		-maxRead 10000 		-S SILENT 		-L:capture,BED BED/capture.extended1000.bed 		-I Samples/Sample10/BAM/Sample10.final.bam 		--dbsnp:dbsnp,VCF /sandbox/users/mguillout/pipeline/REFERENCES/dbsnp_138.b37.vcf.gz 		-o Samples/Sample10/VCF/Sample10.hapcaller.g.vcf
Submitted job 69 with external jobid 'Your job 4091025 ("snakejob.haplotypeCaller.69.sh") has been submitted'.
Write-protecting output file Samples/Sample29/BAM/Sample29.final.bam.
Write-protecting output file Samples/Sample29/BAM/Sample29.final.bai.
Removing temporary output file Samples/Sample29/BAM/Sample29.recal.table.
Removing temporary output file Samples/Sample29/BAM/Sample29.realign.bai.
Removing temporary output file Samples/Sample29/BAM/Sample29.realign.bam.
[Mon Aug 24 03:19:15 2020]
Finished job 26.
25 of 60 steps (42%) done
[Mon Aug 24 03:19:15 2020]
Finished job 5.
26 of 60 steps (43%) done

[Mon Aug 24 03:19:15 2020]
rule depthOfCoverage:
    input: /sandbox/users/mguillout/pipeline/REFERENCES/human_g1k_v37.fasta, Samples/Sample29/BAM/Sample29.final.bam, Samples/Sample29/BAM/Sample29.final.bai, BED/chrY.bed, /sandbox/users/mguillout/pipeline/REFERENCES/human_g1k_v37.fasta.fai, gatkPresent.txt
    output: Samples/Sample29/QC/Sample29.gatk_doc.chrY.sample_cumulative_coverage_counts, Samples/Sample29/QC/Sample29.gatk_doc.chrY.sample_cumulative_coverage_proportions, Samples/Sample29/QC/Sample29.gatk_doc.chrY.sample_statistics, Samples/Sample29/QC/Sample29.gatk_doc.chrY.sample_summary
    jobid: 9
    reason: Missing output files: Samples/Sample29/QC/Sample29.gatk_doc.chrY.sample_statistics, Samples/Sample29/QC/Sample29.gatk_doc.chrY.sample_cumulative_coverage_proportions, Samples/Sample29/QC/Sample29.gatk_doc.chrY.sample_cumulative_coverage_counts, Samples/Sample29/QC/Sample29.gatk_doc.chrY.sample_summary; Input files updated by another job: Samples/Sample29/BAM/Sample29.final.bam, Samples/Sample29/BAM/Sample29.final.bai, gatkPresent.txt
    wildcards: sample=Sample29, capture=chrY

gatk -Djava.io.tmpdir=Samples/Sample29/QC -XX:ParallelGCThreads=3 -Xmx5g -T DepthOfCoverage 		-R /sandbox/users/mguillout/pipeline/REFERENCES/human_g1k_v37.fasta 		--validation_strictness LENIENT 		-L:capture,BED BED/chrY.bed 		--minMappingQuality 30 		-ct 1 -ct 5 -ct 10 -ct 15 -ct 20 -ct 25 -ct 30 		-I Samples/Sample29/BAM/Sample29.final.bam 		-o Samples/Sample29/QC/Sample29.gatk_doc.chrY 		-omitIntervals 		-omitBaseOutput
Submitted job 9 with external jobid 'Your job 4091026 ("snakejob.depthOfCoverage.9.sh") has been submitted'.
[Mon Aug 24 03:19:15 2020]
Finished job 6.
27 of 60 steps (45%) done

[Mon Aug 24 03:19:15 2020]
rule depthOfCoverage:
    input: /sandbox/users/mguillout/pipeline/REFERENCES/human_g1k_v37.fasta, Samples/Sample29/BAM/Sample29.final.bam, Samples/Sample29/BAM/Sample29.final.bai, BED/chrX.bed, /sandbox/users/mguillout/pipeline/REFERENCES/human_g1k_v37.fasta.fai, gatkPresent.txt
    output: Samples/Sample29/QC/Sample29.gatk_doc.chrX.sample_cumulative_coverage_counts, Samples/Sample29/QC/Sample29.gatk_doc.chrX.sample_cumulative_coverage_proportions, Samples/Sample29/QC/Sample29.gatk_doc.chrX.sample_statistics, Samples/Sample29/QC/Sample29.gatk_doc.chrX.sample_summary
    jobid: 8
    reason: Missing output files: Samples/Sample29/QC/Sample29.gatk_doc.chrX.sample_statistics, Samples/Sample29/QC/Sample29.gatk_doc.chrX.sample_cumulative_coverage_counts, Samples/Sample29/QC/Sample29.gatk_doc.chrX.sample_summary, Samples/Sample29/QC/Sample29.gatk_doc.chrX.sample_cumulative_coverage_proportions; Input files updated by another job: Samples/Sample29/BAM/Sample29.final.bam, Samples/Sample29/BAM/Sample29.final.bai, gatkPresent.txt
    wildcards: sample=Sample29, capture=chrX

gatk -Djava.io.tmpdir=Samples/Sample29/QC -XX:ParallelGCThreads=3 -Xmx5g -T DepthOfCoverage 		-R /sandbox/users/mguillout/pipeline/REFERENCES/human_g1k_v37.fasta 		--validation_strictness LENIENT 		-L:capture,BED BED/chrX.bed 		--minMappingQuality 30 		-ct 1 -ct 5 -ct 10 -ct 15 -ct 20 -ct 25 -ct 30 		-I Samples/Sample29/BAM/Sample29.final.bam 		-o Samples/Sample29/QC/Sample29.gatk_doc.chrX 		-omitIntervals 		-omitBaseOutput
Submitted job 8 with external jobid 'Your job 4091027 ("snakejob.depthOfCoverage.8.sh") has been submitted'.

[Mon Aug 24 03:19:15 2020]
rule picardMetrics:
    input: Samples/Sample29/BAM/Sample29.final.bam, Samples/Sample29/BAM/Sample29.final.bai, BED/capture.interval_list, /sandbox/users/mguillout/pipeline/REFERENCES/human_g1k_v37.fasta
    output: Samples/Sample29/QC/Sample29.picard_metrics.alignment_summary_metrics, Samples/Sample29/QC/Sample29.picard_metrics.base_distribution_by_cycle_metrics, Samples/Sample29/QC/Sample29.picard_metrics.base_distribution_by_cycle.pdf, Samples/Sample29/QC/Sample29.picard_metrics.insert_size_histogram.pdf, Samples/Sample29/QC/Sample29.picard_metrics.insert_size_metrics, Samples/Sample29/QC/Sample29.picard_metrics.quality_by_cycle_metrics, Samples/Sample29/QC/Sample29.picard_metrics.quality_by_cycle.pdf, Samples/Sample29/QC/Sample29.picard_metrics.quality_distribution_metrics, Samples/Sample29/QC/Sample29.picard_metrics.quality_distribution.pdf
    jobid: 11
    reason: Missing output files: Samples/Sample29/QC/Sample29.picard_metrics.insert_size_metrics, Samples/Sample29/QC/Sample29.picard_metrics.insert_size_histogram.pdf, Samples/Sample29/QC/Sample29.picard_metrics.alignment_summary_metrics, Samples/Sample29/QC/Sample29.picard_metrics.quality_by_cycle.pdf, Samples/Sample29/QC/Sample29.picard_metrics.quality_by_cycle_metrics, Samples/Sample29/QC/Sample29.picard_metrics.quality_distribution_metrics, Samples/Sample29/QC/Sample29.picard_metrics.base_distribution_by_cycle.pdf, Samples/Sample29/QC/Sample29.picard_metrics.base_distribution_by_cycle_metrics, Samples/Sample29/QC/Sample29.picard_metrics.quality_distribution.pdf; Input files updated by another job: Samples/Sample29/BAM/Sample29.final.bam, Samples/Sample29/BAM/Sample29.final.bai
    wildcards: sample=Sample29

picard -Xmx2g CollectMultipleMetrics 		I=Samples/Sample29/BAM/Sample29.final.bam 		O=Samples/Sample29/QC/Sample29.picard_metrics 		R=/sandbox/users/mguillout/pipeline/REFERENCES/human_g1k_v37.fasta 		INTERVALS=BED/capture.interval_list
Submitted job 11 with external jobid 'Your job 4091028 ("snakejob.picardMetrics.11.sh") has been submitted'.

[Mon Aug 24 03:19:15 2020]
rule haplotypeCaller:
    input: /sandbox/users/mguillout/pipeline/REFERENCES/human_g1k_v37.fasta, BED/capture.extended1000.bed, Samples/Sample29/BAM/Sample29.final.bam, Samples/Sample29/BAM/Sample29.final.bai, /sandbox/users/mguillout/pipeline/REFERENCES/dbsnp_138.b37.vcf.gz, /sandbox/users/mguillout/pipeline/REFERENCES/human_g1k_v37.dict, gatkPresent.txt
    output: Samples/Sample29/VCF/Sample29.hapcaller.g.vcf, Samples/Sample29/VCF/Sample29.hapcaller.g.vcf.idx
    jobid: 70
    reason: Missing output files: Samples/Sample29/VCF/Sample29.hapcaller.g.vcf; Input files updated by another job: Samples/Sample29/BAM/Sample29.final.bam, Samples/Sample29/BAM/Sample29.final.bai, gatkPresent.txt
    wildcards: sample=Sample29

gatk -Djava.io.tmpdir=Samples/Sample29/VCF -XX:ParallelGCThreads=5 -Xmx3g -T HaplotypeCaller 		-R /sandbox/users/mguillout/pipeline/REFERENCES/human_g1k_v37.fasta 		--emitRefConfidence GVCF 		-variant_index_type LINEAR 		-variant_index_parameter 128000 		-stand_call_conf 30.0 		-nct 1 		-rf ReadLength 		-minRead 0 		-maxRead 10000 		-S SILENT 		-L:capture,BED BED/capture.extended1000.bed 		-I Samples/Sample29/BAM/Sample29.final.bam 		--dbsnp:dbsnp,VCF /sandbox/users/mguillout/pipeline/REFERENCES/dbsnp_138.b37.vcf.gz 		-o Samples/Sample29/VCF/Sample29.hapcaller.g.vcf
Submitted job 70 with external jobid 'Your job 4091029 ("snakejob.haplotypeCaller.70.sh") has been submitted'.

[Mon Aug 24 03:19:15 2020]
rule depthOfCoverage:
    input: /sandbox/users/mguillout/pipeline/REFERENCES/human_g1k_v37.fasta, Samples/Sample29/BAM/Sample29.final.bam, Samples/Sample29/BAM/Sample29.final.bai, BED/autosomes.bed, /sandbox/users/mguillout/pipeline/REFERENCES/human_g1k_v37.fasta.fai, gatkPresent.txt
    output: Samples/Sample29/QC/Sample29.gatk_doc.autosomes.sample_cumulative_coverage_counts, Samples/Sample29/QC/Sample29.gatk_doc.autosomes.sample_cumulative_coverage_proportions, Samples/Sample29/QC/Sample29.gatk_doc.autosomes.sample_statistics, Samples/Sample29/QC/Sample29.gatk_doc.autosomes.sample_summary
    jobid: 7
    reason: Missing output files: Samples/Sample29/QC/Sample29.gatk_doc.autosomes.sample_summary, Samples/Sample29/QC/Sample29.gatk_doc.autosomes.sample_cumulative_coverage_proportions, Samples/Sample29/QC/Sample29.gatk_doc.autosomes.sample_statistics, Samples/Sample29/QC/Sample29.gatk_doc.autosomes.sample_cumulative_coverage_counts; Input files updated by another job: Samples/Sample29/BAM/Sample29.final.bam, Samples/Sample29/BAM/Sample29.final.bai, gatkPresent.txt
    wildcards: sample=Sample29, capture=autosomes

gatk -Djava.io.tmpdir=Samples/Sample29/QC -XX:ParallelGCThreads=3 -Xmx5g -T DepthOfCoverage 		-R /sandbox/users/mguillout/pipeline/REFERENCES/human_g1k_v37.fasta 		--validation_strictness LENIENT 		-L:capture,BED BED/autosomes.bed 		--minMappingQuality 30 		-ct 1 -ct 5 -ct 10 -ct 15 -ct 20 -ct 25 -ct 30 		-I Samples/Sample29/BAM/Sample29.final.bam 		-o Samples/Sample29/QC/Sample29.gatk_doc.autosomes 		-omitIntervals 		-omitBaseOutput
Submitted job 7 with external jobid 'Your job 4091030 ("snakejob.depthOfCoverage.7.sh") has been submitted'.
[Mon Aug 24 03:19:35 2020]
Finished job 9.
28 of 60 steps (47%) done
[Mon Aug 24 03:19:55 2020]
Finished job 10.
29 of 60 steps (48%) done
[Mon Aug 24 03:19:55 2020]
Finished job 11.
30 of 60 steps (50%) done
[Mon Aug 24 03:20:05 2020]
Finished job 8.
31 of 60 steps (52%) done
[Mon Aug 24 03:22:36 2020]
Finished job 7.
32 of 60 steps (53%) done
[Mon Aug 24 03:23:26 2020]
Finished job 4.
33 of 60 steps (55%) done
Write-protecting output file Samples/Sample10/VCF/Sample10.hapcaller.g.vcf.
Write-protecting output file Samples/Sample10/VCF/Sample10.hapcaller.g.vcf.idx.
[Mon Aug 24 03:36:48 2020]
Finished job 69.
34 of 60 steps (57%) done
Write-protecting output file Samples/Sample29/VCF/Sample29.hapcaller.g.vcf.
Write-protecting output file Samples/Sample29/VCF/Sample29.hapcaller.g.vcf.idx.
[Mon Aug 24 03:36:48 2020]
Finished job 70.
35 of 60 steps (58%) done

[Mon Aug 24 03:36:48 2020]
rule createGVCFList:
    input: Samples/Sample10/VCF/Sample10.hapcaller.g.vcf, Samples/Sample29/VCF/Sample29.hapcaller.g.vcf
    output: VCF/gvcf.list
    jobid: 68
    reason: Missing output files: VCF/gvcf.list; Input files updated by another job: Samples/Sample29/VCF/Sample29.hapcaller.g.vcf, Samples/Sample10/VCF/Sample10.hapcaller.g.vcf

Submitted job 68 with external jobid 'Your job 4091082 ("snakejob.createGVCFList.68.sh") has been submitted'.
[Mon Aug 24 03:36:58 2020]
Finished job 68.
36 of 60 steps (60%) done

[Mon Aug 24 03:36:58 2020]
rule combineGVCF:
    input: /sandbox/users/mguillout/pipeline/REFERENCES/human_g1k_v37.fasta, VCF/gvcf.list, /sandbox/users/mguillout/pipeline/REFERENCES/human_g1k_v37.dict, gatkPresent.txt
    output: VCF/hapcaller.combined.g.vcf.gz, VCF/hapcaller.combined.g.vcf.gz.tbi
    jobid: 67
    reason: Missing output files: VCF/hapcaller.combined.g.vcf.gz.tbi, VCF/hapcaller.combined.g.vcf.gz; Input files updated by another job: gatkPresent.txt, VCF/gvcf.list

gatk -Djava.io.tmpdir=VCF -XX:ParallelGCThreads=3 -Xmx10g -T CombineGVCFs 		-R /sandbox/users/mguillout/pipeline/REFERENCES/human_g1k_v37.fasta 		--variant VCF/gvcf.list 		-S SILENT 		-o VCF/hapcaller.combined.g.vcf.gz
Submitted job 67 with external jobid 'Your job 4091083 ("snakejob.combineGVCF.67.sh") has been submitted'.
Removing temporary output file VCF/gvcf.list.
[Mon Aug 24 03:42:18 2020]
Finished job 67.
37 of 60 steps (62%) done

[Mon Aug 24 03:42:18 2020]
rule genotypeGVCF:
    input: /sandbox/users/mguillout/pipeline/REFERENCES/human_g1k_v37.fasta, VCF/hapcaller.combined.g.vcf.gz, VCF/hapcaller.combined.g.vcf.gz.tbi, /sandbox/users/mguillout/pipeline/REFERENCES/human_g1k_v37.dict, gatkPresent.txt
    output: VCF/hapcaller.genotyped.vcf.gz, VCF/hapcaller.genotyped.vcf.gz.tbi
    jobid: 66
    reason: Missing output files: VCF/hapcaller.genotyped.vcf.gz.tbi, VCF/hapcaller.genotyped.vcf.gz; Input files updated by another job: gatkPresent.txt, VCF/hapcaller.combined.g.vcf.gz.tbi, VCF/hapcaller.combined.g.vcf.gz

gatk -Djava.io.tmpdir=VCF -XX:ParallelGCThreads=3 -Xmx3g -T GenotypeGVCFs 		-R /sandbox/users/mguillout/pipeline/REFERENCES/human_g1k_v37.fasta 		--variant VCF/hapcaller.combined.g.vcf.gz 		-S SILENT 		-o VCF/hapcaller.genotyped.vcf.gz
Submitted job 66 with external jobid 'Your job 4091097 ("snakejob.genotypeGVCF.66.sh") has been submitted'.
Removing temporary output file VCF/hapcaller.combined.g.vcf.gz.
Removing temporary output file VCF/hapcaller.combined.g.vcf.gz.tbi.
[Mon Aug 24 03:45:39 2020]
Finished job 66.
38 of 60 steps (63%) done

[Mon Aug 24 03:45:39 2020]
rule selectSNVs:
    input: /sandbox/users/mguillout/pipeline/REFERENCES/human_g1k_v37.fasta, VCF/hapcaller.genotyped.vcf.gz, VCF/hapcaller.genotyped.vcf.gz.tbi, /sandbox/users/mguillout/pipeline/REFERENCES/human_g1k_v37.dict, gatkPresent.txt
    output: VCF/hapcaller.snv.recal.select.vcf.gz, VCF/hapcaller.snv.recal.select.vcf.gz.tbi
    jobid: 64
    reason: Missing output files: VCF/hapcaller.snv.recal.select.vcf.gz, VCF/hapcaller.snv.recal.select.vcf.gz.tbi; Input files updated by another job: VCF/hapcaller.genotyped.vcf.gz.tbi, gatkPresent.txt, VCF/hapcaller.genotyped.vcf.gz

gatk -Djava.io.tmpdir=VCF -XX:ParallelGCThreads=3 -Xmx3g -T SelectVariants 		-R /sandbox/users/mguillout/pipeline/REFERENCES/human_g1k_v37.fasta 		--logging_level FATAL 		-selectType SNP 		--variant VCF/hapcaller.genotyped.vcf.gz 		-o VCF/hapcaller.snv.recal.select.vcf.gz
Submitted job 64 with external jobid 'Your job 4091111 ("snakejob.selectSNVs.64.sh") has been submitted'.

[Mon Aug 24 03:45:39 2020]
rule selectIndels:
    input: /sandbox/users/mguillout/pipeline/REFERENCES/human_g1k_v37.fasta, VCF/hapcaller.genotyped.vcf.gz, VCF/hapcaller.genotyped.vcf.gz.tbi, /sandbox/users/mguillout/pipeline/REFERENCES/human_g1k_v37.dict, gatkPresent.txt
    output: VCF/hapcaller.indel.recal.select.vcf.gz, VCF/hapcaller.indel.recal.select.vcf.gz.tbi
    jobid: 65
    reason: Missing output files: VCF/hapcaller.indel.recal.select.vcf.gz, VCF/hapcaller.indel.recal.select.vcf.gz.tbi; Input files updated by another job: VCF/hapcaller.genotyped.vcf.gz.tbi, gatkPresent.txt, VCF/hapcaller.genotyped.vcf.gz

gatk -Djava.io.tmpdir=VCF -XX:ParallelGCThreads=3 -Xmx3g -T SelectVariants 		-R /sandbox/users/mguillout/pipeline/REFERENCES/human_g1k_v37.fasta 		--logging_level FATAL 		-selectType INDEL 		--variant VCF/hapcaller.genotyped.vcf.gz 		-o VCF/hapcaller.indel.recal.select.vcf.gz
Submitted job 65 with external jobid 'Your job 4091112 ("snakejob.selectIndels.65.sh") has been submitted'.
[Mon Aug 24 03:46:09 2020]
Finished job 64.
39 of 60 steps (65%) done
Removing temporary output file VCF/hapcaller.genotyped.vcf.gz.tbi.
Removing temporary output file VCF/hapcaller.genotyped.vcf.gz.
[Mon Aug 24 03:46:09 2020]
Finished job 65.
40 of 60 steps (67%) done

[Mon Aug 24 03:46:09 2020]
rule filterSNVs:
    input: /sandbox/users/mguillout/pipeline/REFERENCES/human_g1k_v37.fasta, VCF/hapcaller.snv.recal.select.vcf.gz, VCF/hapcaller.snv.recal.select.vcf.gz.tbi, /sandbox/users/mguillout/pipeline/REFERENCES/human_g1k_v37.dict, gatkPresent.txt
    output: VCF/hapcaller.snv.recal.filter.vcf.gz, VCF/hapcaller.snv.recal.filter.vcf.gz.tbi
    jobid: 62
    reason: Missing output files: VCF/hapcaller.snv.recal.filter.vcf.gz, VCF/hapcaller.snv.recal.filter.vcf.gz.tbi; Input files updated by another job: gatkPresent.txt, VCF/hapcaller.snv.recal.select.vcf.gz.tbi, VCF/hapcaller.snv.recal.select.vcf.gz

gatk -Djava.io.tmpdir=VCF -XX:ParallelGCThreads=3 -Xmx3g -T VariantFiltration 		-R /sandbox/users/mguillout/pipeline/REFERENCES/human_g1k_v37.fasta 		--logging_level FATAL  		--filterExpression 'QD < 2.0' --filterName 'FAILS_HARD_FILTER_SNP_QD' 		--filterExpression 'FS > 60.0' --filterName 'FAILS_HARD_FILTER_SNP_FS' 		--filterExpression 'MQ < 30.0' --filterName 'FAILS_HARD_FILTER_SNP_MQ' 		--filterExpression 'MQRankSum < -12.5' --filterName 'FAILS_HARD_FILTER_SNP_MQRankSum' 		--filterExpression 'ReadPosRankSum < -8.0' --filterName 'FAILS_HARD_FILTER_SNP_ReadPosRankSum' 		--variant VCF/hapcaller.snv.recal.select.vcf.gz 		-o VCF/hapcaller.snv.recal.filter.vcf.gz
Submitted job 62 with external jobid 'Your job 4091118 ("snakejob.filterSNVs.62.sh") has been submitted'.

[Mon Aug 24 03:46:09 2020]
rule filterIndels:
    input: /sandbox/users/mguillout/pipeline/REFERENCES/human_g1k_v37.fasta, VCF/hapcaller.indel.recal.select.vcf.gz, VCF/hapcaller.indel.recal.select.vcf.gz.tbi, /sandbox/users/mguillout/pipeline/REFERENCES/human_g1k_v37.dict, gatkPresent.txt
    output: VCF/hapcaller.indel.recal.filter.vcf.gz, VCF/hapcaller.indel.recal.filter.vcf.gz.tbi
    jobid: 63
    reason: Missing output files: VCF/hapcaller.indel.recal.filter.vcf.gz, VCF/hapcaller.indel.recal.filter.vcf.gz.tbi; Input files updated by another job: gatkPresent.txt, VCF/hapcaller.indel.recal.select.vcf.gz, VCF/hapcaller.indel.recal.select.vcf.gz.tbi

gatk -Djava.io.tmpdir=VCF -XX:ParallelGCThreads=3 -Xmx3g -T VariantFiltration 		-R /sandbox/users/mguillout/pipeline/REFERENCES/human_g1k_v37.fasta 		--logging_level FATAL  		--filterExpression 'QD < 2.0' --filterName 'FAILS_HARD_FILTER_INDEL_QD' 		--filterExpression 'FS > 200.0' --filterName 'FAILS_HARD_FILTER_INDEL_FS' 		--filterExpression 'ReadPosRankSum < -20.0' --filterName 'FAILS_HARD_FILTER_INDEL_ReadPosRankSum' 		--filterExpression 'SOR > 10.0' --filterName 'FAILS_HARD_FILTER_INDEL_SOR' 		--variant VCF/hapcaller.indel.recal.select.vcf.gz 		-o VCF/hapcaller.indel.recal.filter.vcf.gz
Submitted job 63 with external jobid 'Your job 4091119 ("snakejob.filterIndels.63.sh") has been submitted'.
Removing temporary output file VCF/hapcaller.snv.recal.select.vcf.gz.
Removing temporary output file VCF/hapcaller.snv.recal.select.vcf.gz.tbi.
[Mon Aug 24 03:46:39 2020]
Finished job 62.
41 of 60 steps (68%) done
Removing temporary output file VCF/hapcaller.indel.recal.select.vcf.gz.
Removing temporary output file VCF/hapcaller.indel.recal.select.vcf.gz.tbi.
[Mon Aug 24 03:46:49 2020]
Finished job 63.
42 of 60 steps (70%) done

[Mon Aug 24 03:46:49 2020]
rule combineVCF:
    input: /sandbox/users/mguillout/pipeline/REFERENCES/human_g1k_v37.fasta, VCF/hapcaller.snv.recal.filter.vcf.gz, VCF/hapcaller.snv.recal.filter.vcf.gz.tbi, VCF/hapcaller.indel.recal.filter.vcf.gz, VCF/hapcaller.indel.recal.filter.vcf.gz.tbi, /sandbox/users/mguillout/pipeline/REFERENCES/human_g1k_v37.dict, gatkPresent.txt
    output: VCF/hapcaller.recal.combined.vcf.gz, VCF/hapcaller.recal.combined.vcf.gz.tbi
    jobid: 59
    reason: Missing output files: VCF/hapcaller.recal.combined.vcf.gz, VCF/hapcaller.recal.combined.vcf.gz.tbi; Input files updated by another job: gatkPresent.txt, VCF/hapcaller.snv.recal.filter.vcf.gz, VCF/hapcaller.indel.recal.filter.vcf.gz, VCF/hapcaller.snv.recal.filter.vcf.gz.tbi, VCF/hapcaller.indel.recal.filter.vcf.gz.tbi

gatk -Djava.io.tmpdir=VCF -XX:ParallelGCThreads=3 -Xmx3g -T CombineVariants 		-R /sandbox/users/mguillout/pipeline/REFERENCES/human_g1k_v37.fasta 		--genotypemergeoption PRIORITIZE 		--rod_priority_list SNP,INDEL 		--variant:SNP VCF/hapcaller.snv.recal.filter.vcf.gz 		--variant:INDEL VCF/hapcaller.indel.recal.filter.vcf.gz 		-o VCF/hapcaller.recal.combined.vcf.gz
Submitted job 59 with external jobid 'Your job 4091121 ("snakejob.combineVCF.59.sh") has been submitted'.
Removing temporary output file VCF/hapcaller.snv.recal.filter.vcf.gz.
Removing temporary output file VCF/hapcaller.snv.recal.filter.vcf.gz.tbi.
Removing temporary output file VCF/hapcaller.indel.recal.filter.vcf.gz.
Removing temporary output file VCF/hapcaller.indel.recal.filter.vcf.gz.tbi.
[Mon Aug 24 03:47:19 2020]
Finished job 59.
43 of 60 steps (72%) done

[Mon Aug 24 03:47:19 2020]
rule freqGNOMAD:
    input: /sandbox/users/mguillout/pipeline/REFERENCES/human_g1k_v37.fasta, VCF/hapcaller.recal.combined.vcf.gz, VCF/hapcaller.recal.combined.vcf.gz.tbi, /sandbox/users/mguillout/pipeline/REFERENCES/gnomad.exomes.r2.0.1.sites.vcf.gz, /sandbox/users/mguillout/pipeline/REFERENCES/dbsnp_138.b37.vcf.gz, /sandbox/users/mguillout/pipeline/REFERENCES/human_g1k_v37.dict, gatkPresent.txt
    output: VCF/hapcaller.recal.combined.annot.gnomad.vcf.gz, VCF/hapcaller.recal.combined.annot.gnomad.vcf.gz.tbi
    jobid: 55
    reason: Input files updated by another job: gatkPresent.txt, VCF/hapcaller.recal.combined.vcf.gz, VCF/hapcaller.recal.combined.vcf.gz.tbi

gatk -Djava.io.tmpdir=VCF		-XX:ParallelGCThreads=3 		-Xmx3g 		-T VariantAnnotator 		-R /sandbox/users/mguillout/pipeline/REFERENCES/human_g1k_v37.fasta 		--variant VCF/hapcaller.recal.combined.vcf.gz 		-L VCF/hapcaller.recal.combined.vcf.gz 		--resource:gnomad /sandbox/users/mguillout/pipeline/REFERENCES/gnomad.exomes.r2.0.1.sites.vcf.gz 		--resourceAlleleConcordance 		-E gnomad.AF_AFR 		-E gnomad.AF_ASJ 		-E gnomad.AF_AMR 		-E gnomad.AF_EAS 		-E gnomad.AF_FIN 		-E gnomad.AF_NFE 		-E gnomad.AF_OTH 		-E gnomad.AF_SAS 		--dbsnp /sandbox/users/mguillout/pipeline/REFERENCES/dbsnp_138.b37.vcf.gz 		-o VCF/hapcaller.recal.combined.annot.gnomad.vcf.gz
Submitted job 55 with external jobid 'Your job 4091124 ("snakejob.freqGNOMAD.55.sh") has been submitted'.
Removing temporary output file VCF/hapcaller.recal.combined.vcf.gz.
Removing temporary output file VCF/hapcaller.recal.combined.vcf.gz.tbi.
Removing temporary output file gatkPresent.txt.
[Mon Aug 24 03:48:09 2020]
Finished job 55.
44 of 60 steps (73%) done

[Mon Aug 24 03:48:09 2020]
rule annotVEP:
    input: /sandbox/users/mguillout/pipeline/REFERENCES/human_g1k_v37.fasta, VCF/hapcaller.recal.combined.annot.gnomad.vcf.gz, VCF/hapcaller.recal.combined.annot.gnomad.vcf.gz.tbi, /sandbox/users/mguillout/pipeline/REFERENCES/VEP/CACHE/homo_sapiens_merged_86_GRCh37_cache.done
    output: VCF/hapcaller.recal.combined.annot.gnomad.vep.vcf
    jobid: 52
    reason: Input files updated by another job: VCF/hapcaller.recal.combined.annot.gnomad.vcf.gz.tbi, VCF/hapcaller.recal.combined.annot.gnomad.vcf.gz

variant_effect_predictor.pl 		--pick_order=canonical 		--cache --dir /sandbox/users/mguillout/pipeline/REFERENCES/VEP/CACHE 		--dir_plugins /sandbox/users/mguillout/tools/VEP_plugins 		--species homo_sapiens_merged 		--assembly GRCh37 		--db_version 86 		--fasta /sandbox/users/mguillout/pipeline/REFERENCES/human_g1k_v37.fasta 		--offline 		--symbol 		--format vcf 		--force_overwrite 		--sift=b 		--polyphen=b 		--xref_refseq 		-i VCF/hapcaller.recal.combined.annot.gnomad.vcf.gz 		-o VCF/hapcaller.recal.combined.annot.gnomad.vep.vcf 		--quiet 		--vcf 		--gmaf 		--ccds 		--canonical 		--maf_1kg 		--pubmed 		--hgvs 		--no_stats
Submitted job 52 with external jobid 'Your job 4091127 ("snakejob.annotVEP.52.sh") has been submitted'.
Write-protecting output file VCF/hapcaller.recal.combined.annot.gnomad.vep.vcf.
[Mon Aug 24 04:00:01 2020]
Finished job 52.
45 of 60 steps (75%) done

[Mon Aug 24 04:00:01 2020]
rule bgzip:
    input: VCF/hapcaller.recal.combined.annot.gnomad.vep.vcf
    output: VCF/hapcaller.recal.combined.annot.gnomad.vep.vcf.gz
    jobid: 48
    reason: Missing output files: VCF/hapcaller.recal.combined.annot.gnomad.vep.vcf.gz; Input files updated by another job: VCF/hapcaller.recal.combined.annot.gnomad.vep.vcf
    wildcards: base=VCF/hapcaller.recal.combined.annot.gnomad.vep

bgzip -f VCF/hapcaller.recal.combined.annot.gnomad.vep.vcf
Submitted job 48 with external jobid 'Your job 4091163 ("snakejob.bgzip.48.sh") has been submitted'.
[Mon Aug 24 04:00:11 2020]
Finished job 48.
46 of 60 steps (77%) done

[Mon Aug 24 04:00:11 2020]
rule tabix:
    input: VCF/hapcaller.recal.combined.annot.gnomad.vep.vcf.gz
    output: VCF/hapcaller.recal.combined.annot.gnomad.vep.vcf.gz.tbi
    jobid: 49
    reason: Input files updated by another job: VCF/hapcaller.recal.combined.annot.gnomad.vep.vcf.gz
    wildcards: base=VCF/hapcaller.recal.combined.annot.gnomad.vep.vcf.gz

tabix -f -p vcf VCF/hapcaller.recal.combined.annot.gnomad.vep.vcf.gz
Submitted job 49 with external jobid 'Your job 4091165 ("snakejob.tabix.49.sh") has been submitted'.
[Mon Aug 24 04:00:31 2020]
Finished job 49.
47 of 60 steps (78%) done

[Mon Aug 24 04:00:31 2020]
rule filtration_freq_and_genes:
    input: VCF/hapcaller.recal.combined.annot.gnomad.vep.vcf.gz, VCF/hapcaller.recal.combined.annot.gnomad.vep.vcf.gz.tbi
    output: VCF/hapcaller.recal.combined.annot.gnomad.vep.filtered.vcf
    jobid: 42
    reason: Missing output files: VCF/hapcaller.recal.combined.annot.gnomad.vep.filtered.vcf; Input files updated by another job: VCF/hapcaller.recal.combined.annot.gnomad.vep.vcf.gz, VCF/hapcaller.recal.combined.annot.gnomad.vep.vcf.gz.tbi

filter_vep.pl 			-i VCF/hapcaller.recal.combined.annot.gnomad.vep.vcf.gz 			-o VCF/hapcaller.recal.combined.annot.gnomad.vep.filtered.vcf 			-filter '(Gene in ENSG00000205403,ENSG00000000971,ENSG00000117335,ENSG00000134389,ENSG00000243649) and (gnomad.AF_NFE < 0.45 or not gnomad.AF_NFE)'
Submitted job 42 with external jobid 'Your job 4091166 ("snakejob.filtration_freq_and_genes.42.sh") has been submitted'.
Write-protecting output file VCF/hapcaller.recal.combined.annot.gnomad.vep.filtered.vcf.
[Mon Aug 24 04:00:41 2020]
Finished job 42.
48 of 60 steps (80%) done

[Mon Aug 24 04:00:41 2020]
rule bgzip:
    input: VCF/hapcaller.recal.combined.annot.gnomad.vep.filtered.vcf
    output: VCF/hapcaller.recal.combined.annot.gnomad.vep.filtered.vcf.gz
    jobid: 32
    reason: Input files updated by another job: VCF/hapcaller.recal.combined.annot.gnomad.vep.filtered.vcf
    wildcards: base=VCF/hapcaller.recal.combined.annot.gnomad.vep.filtered

bgzip -f VCF/hapcaller.recal.combined.annot.gnomad.vep.filtered.vcf
Submitted job 32 with external jobid 'Your job 4091168 ("snakejob.bgzip.32.sh") has been submitted'.
[Mon Aug 24 04:01:01 2020]
Finished job 32.
49 of 60 steps (82%) done

[Mon Aug 24 04:01:01 2020]
rule extractGNOMAD:
    input: /sandbox/users/mguillout/pipeline/REFERENCES/human_g1k_v37.fasta, VCF/hapcaller.recal.combined.annot.gnomad.vep.filtered.vcf.gz
    output: CSV/gnomad_freq.tsv
    jobid: 34
    reason: Input files updated by another job: VCF/hapcaller.recal.combined.annot.gnomad.vep.filtered.vcf.gz

gatk -T VariantsToTable 		-R /sandbox/users/mguillout/pipeline/REFERENCES/human_g1k_v37.fasta 		-V VCF/hapcaller.recal.combined.annot.gnomad.vep.filtered.vcf.gz 		-o CSV/gnomad_freq.tsv 		-F CHROM 		-F POS 		-F REF 		-F ALT 		-F END 		-F ID 		-GF DP 		-GF GT 		--allowMissingData 		-F gnomad.AF_AFR 		-F gnomad.AF_ASJ 		-F gnomad.AF_AMR 		-F gnomad.AF_EAS 		-F gnomad.AF_FIN 		-F gnomad.AF_NFE 		-F gnomad.AF_OTH 		-F gnomad.AF_SAS 
Submitted job 34 with external jobid 'Your job 4091170 ("snakejob.extractGNOMAD.34.sh") has been submitted'.

[Mon Aug 24 04:01:01 2020]
rule scoreCADD:
    input: VCF/hapcaller.recal.combined.annot.gnomad.vep.filtered.vcf.gz, /sandbox/users/mguillout/tools/CADD-scripts/CADD.sh
    output: CSV/cadd.tsv.gz
    jobid: 35
    reason: Missing output files: CSV/cadd.tsv.gz; Input files updated by another job: VCF/hapcaller.recal.combined.annot.gnomad.vep.filtered.vcf.gz

 /sandbox/users/mguillout/tools/CADD-scripts/CADD.sh 		-o CSV/cadd.tsv.gz 		-a 		-g GRCh37 		-v v1.6 VCF/hapcaller.recal.combined.annot.gnomad.vep.filtered.vcf.gz
Submitted job 35 with external jobid 'Your job 4091171 ("snakejob.scoreCADD.35.sh") has been submitted'.

[Mon Aug 24 04:01:01 2020]
rule tabix:
    input: VCF/hapcaller.recal.combined.annot.gnomad.vep.filtered.vcf.gz
    output: VCF/hapcaller.recal.combined.annot.gnomad.vep.filtered.vcf.gz.tbi
    jobid: 33
    reason: Input files updated by another job: VCF/hapcaller.recal.combined.annot.gnomad.vep.filtered.vcf.gz
    wildcards: base=VCF/hapcaller.recal.combined.annot.gnomad.vep.filtered.vcf.gz

tabix -f -p vcf VCF/hapcaller.recal.combined.annot.gnomad.vep.filtered.vcf.gz
Submitted job 33 with external jobid 'Your job 4091172 ("snakejob.tabix.33.sh") has been submitted'.
[Mon Aug 24 04:01:11 2020]
Finished job 33.
50 of 60 steps (83%) done

[Mon Aug 24 04:01:11 2020]
rule annotANNOVAR:
    input: VCF/hapcaller.recal.combined.annot.gnomad.vep.filtered.vcf.gz, VCF/hapcaller.recal.combined.annot.gnomad.vep.filtered.vcf.gz.tbi, /sandbox/users/mguillout/tools/annovar, /sandbox/users/mguillout/tools/annovar/humandb
    output: VCF/hapcaller.recal.combined.annot.gnomad.vep.filtered.annovar.vcf.hg19_multianno.vcf, VCF/hapcaller.recal.combined.annot.gnomad.vep.filtered.annovar.vcf.avinput, VCF/hapcaller.recal.combined.annot.gnomad.vep.filtered.annovar.vcf.hg19_multianno.txt
    jobid: 16
    reason: Missing output files: VCF/hapcaller.recal.combined.annot.gnomad.vep.filtered.annovar.vcf.hg19_multianno.vcf; Input files updated by another job: VCF/hapcaller.recal.combined.annot.gnomad.vep.filtered.vcf.gz, VCF/hapcaller.recal.combined.annot.gnomad.vep.filtered.vcf.gz.tbi

perl /sandbox/users/mguillout/tools/annovar/table_annovar.pl VCF/hapcaller.recal.combined.annot.gnomad.vep.filtered.vcf.gz  		/sandbox/users/mguillout/tools/annovar/humandb		-buildver hg19 		-out VCF/hapcaller.recal.combined.annot.gnomad.vep.filtered.annovar.vcf 		-remove 		-protocol refGene,knownGene,cytoBand,dgvMerged,gwasCatalog,dbnsfp35a,gnomad211_exome,clinvar_20190305 		-operation gx,g,r,r,r,f,f,f 		-nastring . 		-polish 		-otherinfo 		-xref /sandbox/users/mguillout/tools/annovar/humandb/hg19_refGene.txt 		-vcfinput
Submitted job 16 with external jobid 'Your job 4091174 ("snakejob.annotANNOVAR.16.sh") has been submitted'.
Write-protecting output file CSV/gnomad_freq.tsv.
[Mon Aug 24 04:01:31 2020]
Finished job 34.
51 of 60 steps (85%) done

[Mon Aug 24 04:01:31 2020]
rule extractGNOMADVEP:
    input: VCF/hapcaller.recal.combined.annot.gnomad.vep.filtered.vcf.gz, CSV/gnomad_freq.tsv
    output: CSV/gnomad_vep.tsv
    jobid: 18
    reason: Input files updated by another job: VCF/hapcaller.recal.combined.annot.gnomad.vep.filtered.vcf.gz, CSV/gnomad_freq.tsv

vep-annotation-reporter  VCF/hapcaller.recal.combined.annot.gnomad.vep.filtered.vcf.gz 	Feature HGVSc HGVSp Protein_position Amino_acids Codons CLIN_SIG PUBMED 		-t CSV/gnomad_freq.tsv 		-o CSV/gnomad_vep.tsv 		
Submitted job 18 with external jobid 'Your job 4091176 ("snakejob.extractGNOMADVEP.18.sh") has been submitted'.
[Mon Aug 24 04:01:51 2020]
Finished job 18.
52 of 60 steps (87%) done
Write-protecting output file VCF/hapcaller.recal.combined.annot.gnomad.vep.filtered.annovar.vcf.hg19_multianno.vcf.
[Mon Aug 24 04:02:41 2020]
Finished job 16.
53 of 60 steps (88%) done

[Mon Aug 24 04:02:41 2020]
rule bgzip:
    input: VCF/hapcaller.recal.combined.annot.gnomad.vep.filtered.annovar.vcf.hg19_multianno.vcf
    output: VCF/hapcaller.recal.combined.annot.gnomad.vep.filtered.annovar.vcf.hg19_multianno.vcf.gz
    jobid: 1
    reason: Input files updated by another job: VCF/hapcaller.recal.combined.annot.gnomad.vep.filtered.annovar.vcf.hg19_multianno.vcf
    wildcards: base=VCF/hapcaller.recal.combined.annot.gnomad.vep.filtered.annovar.vcf.hg19_multianno

bgzip -f VCF/hapcaller.recal.combined.annot.gnomad.vep.filtered.annovar.vcf.hg19_multianno.vcf
Submitted job 1 with external jobid 'Your job 4091179 ("snakejob.bgzip.1.sh") has been submitted'.

[Mon Aug 24 04:02:41 2020]
rule annotINTERVAR:
    input: VCF/hapcaller.recal.combined.annot.gnomad.vep.filtered.annovar.vcf.avinput, /sandbox/users/mguillout/tools/annovar, /sandbox/users/mguillout/tools/annovar/humandb, /sandbox/users/mguillout/tools/InterVar-master
    output: CSV/res_intervar.hg19_multianno.txt.intervar
    jobid: 17
    reason: Input files updated by another job: VCF/hapcaller.recal.combined.annot.gnomad.vep.filtered.annovar.vcf.avinput

python /sandbox/users/mguillout/tools/InterVar-master/Intervar.py 		-i VCF/hapcaller.recal.combined.annot.gnomad.vep.filtered.annovar.vcf.avinput 		-o CSV/res_intervar 		--buildver hg19 		--input_type AVinput 		--database_intervar /sandbox/users/mguillout/tools/InterVar-master/intervardb 		--config=/sandbox/users/mguillout/tools/InterVar-master/config.ini 		--convert2annovar /sandbox/users/mguillout/tools/annovar/convert2annovar.pl 		--table_annovar /sandbox/users/mguillout/tools/annovar/table_annovar.pl 		--annotate_variation /sandbox/users/mguillout/tools/annovar/annotate_variation.pl 		--database_locat /sandbox/users/mguillout/tools/annovar/humandb
Submitted job 17 with external jobid 'Your job 4091180 ("snakejob.annotINTERVAR.17.sh") has been submitted'.
[Mon Aug 24 04:03:01 2020]
Finished job 1.
54 of 60 steps (90%) done

[Mon Aug 24 04:03:01 2020]
rule tabix:
    input: VCF/hapcaller.recal.combined.annot.gnomad.vep.filtered.annovar.vcf.hg19_multianno.vcf.gz
    output: VCF/hapcaller.recal.combined.annot.gnomad.vep.filtered.annovar.vcf.hg19_multianno.vcf.gz.tbi
    jobid: 2
    reason: Input files updated by another job: VCF/hapcaller.recal.combined.annot.gnomad.vep.filtered.annovar.vcf.hg19_multianno.vcf.gz
    wildcards: base=VCF/hapcaller.recal.combined.annot.gnomad.vep.filtered.annovar.vcf.hg19_multianno.vcf.gz

tabix -f -p vcf VCF/hapcaller.recal.combined.annot.gnomad.vep.filtered.annovar.vcf.hg19_multianno.vcf.gz
Submitted job 2 with external jobid 'Your job 4091182 ("snakejob.tabix.2.sh") has been submitted'.
[Mon Aug 24 04:03:12 2020]
Finished job 2.
55 of 60 steps (92%) done
[Mon Aug 24 04:04:02 2020]
Finished job 35.
56 of 60 steps (93%) done

[Mon Aug 24 04:04:02 2020]
rule gunzipCADD:
    input: CSV/cadd.tsv.gz
    output: CSV/cadd.tsv
    jobid: 19
    reason: Input files updated by another job: CSV/cadd.tsv.gz

gunzip CSV/cadd.tsv.gz ;  sed 1d CSV/cadd.tsv -i
Submitted job 19 with external jobid 'Your job 4091184 ("snakejob.gunzipCADD.19.sh") has been submitted'.
[Mon Aug 24 04:04:12 2020]
Finished job 19.
57 of 60 steps (95%) done
[Mon Aug 24 04:07:02 2020]
Finished job 17.
58 of 60 steps (97%) done

[Mon Aug 24 04:07:02 2020]
rule merge_fields:
    input: VCF/hapcaller.recal.combined.annot.gnomad.vep.filtered.annovar.vcf.hg19_multianno.txt, CSV/res_intervar.hg19_multianno.txt.intervar, CSV/gnomad_vep.tsv, CSV/cadd.tsv
    output: CSV/main_results.tsv
    jobid: 3
    reason: Input files updated by another job: CSV/cadd.tsv, CSV/res_intervar.hg19_multianno.txt.intervar, CSV/gnomad_vep.tsv, VCF/hapcaller.recal.combined.annot.gnomad.vep.filtered.annovar.vcf.hg19_multianno.txt

Submitted job 3 with external jobid 'Your job 4091189 ("snakejob.merge_fields.3.sh") has been submitted'.
[Mon Aug 24 04:07:22 2020]
Finished job 3.
59 of 60 steps (98%) done

[Mon Aug 24 04:07:22 2020]
localrule target:
    input: VCF/hapcaller.recal.combined.annot.gnomad.vep.filtered.annovar.vcf.hg19_multianno.vcf.gz, VCF/hapcaller.recal.combined.annot.gnomad.vep.filtered.annovar.vcf.hg19_multianno.vcf.gz.tbi, CSV/main_results.tsv, Samples/Sample10/QC/Sample10.gatk_doc.autosomes.sample_cumulative_coverage_counts, Samples/Sample10/QC/Sample10.gatk_doc.autosomes.sample_cumulative_coverage_proportions, Samples/Sample10/QC/Sample10.gatk_doc.autosomes.sample_statistics, Samples/Sample10/QC/Sample10.gatk_doc.autosomes.sample_summary, Samples/Sample10/QC/Sample10.gatk_doc.chrX.sample_cumulative_coverage_counts, Samples/Sample10/QC/Sample10.gatk_doc.chrX.sample_cumulative_coverage_proportions, Samples/Sample10/QC/Sample10.gatk_doc.chrX.sample_statistics, Samples/Sample10/QC/Sample10.gatk_doc.chrX.sample_summary, Samples/Sample10/QC/Sample10.gatk_doc.chrY.sample_cumulative_coverage_counts, Samples/Sample10/QC/Sample10.gatk_doc.chrY.sample_cumulative_coverage_proportions, Samples/Sample10/QC/Sample10.gatk_doc.chrY.sample_statistics, Samples/Sample10/QC/Sample10.gatk_doc.chrY.sample_summary, Samples/Sample29/QC/Sample29.gatk_doc.autosomes.sample_cumulative_coverage_counts, Samples/Sample29/QC/Sample29.gatk_doc.autosomes.sample_cumulative_coverage_proportions, Samples/Sample29/QC/Sample29.gatk_doc.autosomes.sample_statistics, Samples/Sample29/QC/Sample29.gatk_doc.autosomes.sample_summary, Samples/Sample29/QC/Sample29.gatk_doc.chrX.sample_cumulative_coverage_counts, Samples/Sample29/QC/Sample29.gatk_doc.chrX.sample_cumulative_coverage_proportions, Samples/Sample29/QC/Sample29.gatk_doc.chrX.sample_statistics, Samples/Sample29/QC/Sample29.gatk_doc.chrX.sample_summary, Samples/Sample29/QC/Sample29.gatk_doc.chrY.sample_cumulative_coverage_counts, Samples/Sample29/QC/Sample29.gatk_doc.chrY.sample_cumulative_coverage_proportions, Samples/Sample29/QC/Sample29.gatk_doc.chrY.sample_statistics, Samples/Sample29/QC/Sample29.gatk_doc.chrY.sample_summary, Samples/Sample10/QC/Sample10.picard_metrics.alignment_summary_metrics, Samples/Sample10/QC/Sample10.picard_metrics.base_distribution_by_cycle_metrics, Samples/Sample10/QC/Sample10.picard_metrics.base_distribution_by_cycle.pdf, Samples/Sample10/QC/Sample10.picard_metrics.insert_size_histogram.pdf, Samples/Sample10/QC/Sample10.picard_metrics.insert_size_metrics, Samples/Sample10/QC/Sample10.picard_metrics.quality_by_cycle_metrics, Samples/Sample10/QC/Sample10.picard_metrics.quality_by_cycle.pdf, Samples/Sample10/QC/Sample10.picard_metrics.quality_distribution_metrics, Samples/Sample10/QC/Sample10.picard_metrics.quality_distribution.pdf, Samples/Sample29/QC/Sample29.picard_metrics.alignment_summary_metrics, Samples/Sample29/QC/Sample29.picard_metrics.base_distribution_by_cycle_metrics, Samples/Sample29/QC/Sample29.picard_metrics.base_distribution_by_cycle.pdf, Samples/Sample29/QC/Sample29.picard_metrics.insert_size_histogram.pdf, Samples/Sample29/QC/Sample29.picard_metrics.insert_size_metrics, Samples/Sample29/QC/Sample29.picard_metrics.quality_by_cycle_metrics, Samples/Sample29/QC/Sample29.picard_metrics.quality_by_cycle.pdf, Samples/Sample29/QC/Sample29.picard_metrics.quality_distribution_metrics, Samples/Sample29/QC/Sample29.picard_metrics.quality_distribution.pdf, Samples/Sample10/QC/Sample10.fastqc.forward_fastqc.zip, Samples/Sample10/QC/Sample10.fastqc.reverse_fastqc.zip, Samples/Sample29/QC/Sample29.fastqc.forward_fastqc.zip, Samples/Sample29/QC/Sample29.fastqc.reverse_fastqc.zip
    jobid: 0
    reason: Input files updated by another job: Samples/Sample10/QC/Sample10.fastqc.reverse_fastqc.zip, Samples/Sample10/QC/Sample10.picard_metrics.quality_by_cycle.pdf, Samples/Sample29/QC/Sample29.picard_metrics.quality_by_cycle.pdf, Samples/Sample10/QC/Sample10.gatk_doc.chrX.sample_summary, Samples/Sample29/QC/Sample29.gatk_doc.autosomes.sample_summary, Samples/Sample29/QC/Sample29.picard_metrics.quality_distribution_metrics, Samples/Sample29/QC/Sample29.gatk_doc.chrX.sample_cumulative_coverage_proportions, Samples/Sample10/QC/Sample10.gatk_doc.autosomes.sample_cumulative_coverage_proportions, Samples/Sample29/QC/Sample29.gatk_doc.chrY.sample_cumulative_coverage_proportions, Samples/Sample29/QC/Sample29.gatk_doc.chrY.sample_cumulative_coverage_counts, Samples/Sample10/QC/Sample10.picard_metrics.alignment_summary_metrics, Samples/Sample10/QC/Sample10.gatk_doc.chrY.sample_cumulative_coverage_counts, Samples/Sample29/QC/Sample29.gatk_doc.chrY.sample_summary, Samples/Sample10/QC/Sample10.gatk_doc.chrX.sample_cumulative_coverage_proportions, Samples/Sample10/QC/Sample10.gatk_doc.chrX.sample_cumulative_coverage_counts, CSV/main_results.tsv, Samples/Sample10/QC/Sample10.picard_metrics.base_distribution_by_cycle.pdf, Samples/Sample29/QC/Sample29.gatk_doc.chrY.sample_statistics, VCF/hapcaller.recal.combined.annot.gnomad.vep.filtered.annovar.vcf.hg19_multianno.vcf.gz, Samples/Sample10/QC/Sample10.picard_metrics.base_distribution_by_cycle_metrics, Samples/Sample29/QC/Sample29.picard_metrics.insert_size_metrics, Samples/Sample10/QC/Sample10.gatk_doc.autosomes.sample_statistics, Samples/Sample10/QC/Sample10.gatk_doc.chrY.sample_summary, Samples/Sample29/QC/Sample29.picard_metrics.quality_by_cycle_metrics, Samples/Sample10/QC/Sample10.gatk_doc.autosomes.sample_summary, Samples/Sample10/QC/Sample10.picard_metrics.quality_distribution_metrics, Samples/Sample29/QC/Sample29.picard_metrics.base_distribution_by_cycle_metrics, Samples/Sample29/QC/Sample29.gatk_doc.autosomes.sample_cumulative_coverage_counts, Samples/Sample29/QC/Sample29.picard_metrics.quality_distribution.pdf, Samples/Sample29/QC/Sample29.gatk_doc.chrX.sample_statistics, Samples/Sample29/QC/Sample29.picard_metrics.alignment_summary_metrics, Samples/Sample29/QC/Sample29.gatk_doc.chrX.sample_summary, Samples/Sample29/QC/Sample29.fastqc.reverse_fastqc.zip, Samples/Sample10/QC/Sample10.picard_metrics.quality_distribution.pdf, Samples/Sample10/QC/Sample10.gatk_doc.chrY.sample_statistics, Samples/Sample10/QC/Sample10.picard_metrics.insert_size_histogram.pdf, Samples/Sample10/QC/Sample10.picard_metrics.insert_size_metrics, Samples/Sample10/QC/Sample10.gatk_doc.chrX.sample_statistics, Samples/Sample10/QC/Sample10.fastqc.forward_fastqc.zip, Samples/Sample29/QC/Sample29.gatk_doc.chrX.sample_cumulative_coverage_counts, VCF/hapcaller.recal.combined.annot.gnomad.vep.filtered.annovar.vcf.hg19_multianno.vcf.gz.tbi, Samples/Sample29/QC/Sample29.picard_metrics.insert_size_histogram.pdf, Samples/Sample10/QC/Sample10.picard_metrics.quality_by_cycle_metrics, Samples/Sample29/QC/Sample29.fastqc.forward_fastqc.zip, Samples/Sample29/QC/Sample29.gatk_doc.autosomes.sample_cumulative_coverage_proportions, Samples/Sample10/QC/Sample10.gatk_doc.chrY.sample_cumulative_coverage_proportions, Samples/Sample29/QC/Sample29.picard_metrics.base_distribution_by_cycle.pdf, Samples/Sample10/QC/Sample10.gatk_doc.autosomes.sample_cumulative_coverage_counts, Samples/Sample29/QC/Sample29.gatk_doc.autosomes.sample_statistics

[Mon Aug 24 04:07:22 2020]
Finished job 0.
60 of 60 steps (100%) done
Complete log: /sandbox/shares/nextcloud/mguillout/files/Application/pipeline/.snakemake/log/2020-08-24T023929.385979.snakemake.log
