Building DAG of jobs...
Using shell: /usr/bin/bash
Provided cluster nodes: 12
Job counts:
	count	jobs
	1	annotANNOVAR
	1	annotINTERVAR
	2	bgzip
	1	extractGNOMAD
	1	extractGNOMADVEP
	1	filtration_freq_and_genes
	1	gunzipCADD
	1	scoreCADD
	2	tabix
	1	target
	12

[Fri Aug 21 11:06:30 2020]
rule filtration_freq_and_genes:
    input: VCF/hapcaller.recal.combined.annot.gnomad.vep.vcf.gz, VCF/hapcaller.recal.combined.annot.gnomad.vep.vcf.gz.tbi
    output: VCF/hapcaller.recal.combined.annot.gnomad.vep.filtered.vcf
    jobid: 26
    reason: Missing output files: VCF/hapcaller.recal.combined.annot.gnomad.vep.filtered.vcf

filter_vep.pl 		-i VCF/hapcaller.recal.combined.annot.gnomad.vep.vcf.gz 		-o VCF/hapcaller.recal.combined.annot.gnomad.vep.filtered.vcf 		-filter '(Gene in ENSG00000121904,ENSG00000198883,ENSG00000156500) and (GMAF < 0.05 or not GMAF)'
Submitted job 26 with external jobid 'Your job 4088476 ("snakejob.filtration_freq_and_genes.26.sh") has been submitted'.
Write-protecting output file VCF/hapcaller.recal.combined.annot.gnomad.vep.filtered.vcf.
[Fri Aug 21 11:06:40 2020]
Finished job 26.
1 of 12 steps (8%) done

[Fri Aug 21 11:06:40 2020]
rule bgzip:
    input: VCF/hapcaller.recal.combined.annot.gnomad.vep.filtered.vcf
    output: VCF/hapcaller.recal.combined.annot.gnomad.vep.filtered.vcf.gz
    jobid: 13
    reason: Missing output files: VCF/hapcaller.recal.combined.annot.gnomad.vep.filtered.vcf.gz; Input files updated by another job: VCF/hapcaller.recal.combined.annot.gnomad.vep.filtered.vcf
    wildcards: base=VCF/hapcaller.recal.combined.annot.gnomad.vep.filtered

bgzip -f VCF/hapcaller.recal.combined.annot.gnomad.vep.filtered.vcf
Submitted job 13 with external jobid 'Your job 4088477 ("snakejob.bgzip.13.sh") has been submitted'.
[Fri Aug 21 11:06:50 2020]
Finished job 13.
2 of 12 steps (17%) done

[Fri Aug 21 11:06:50 2020]
rule scoreCADD:
    input: VCF/hapcaller.recal.combined.annot.gnomad.vep.filtered.vcf.gz, /sandbox/users/mguillout/tools/CADD-scripts/CADD.sh
    output: CSV/cadd.tsv.gz
    jobid: 15
    reason: Missing output files: CSV/cadd.tsv.gz; Input files updated by another job: VCF/hapcaller.recal.combined.annot.gnomad.vep.filtered.vcf.gz

 /sandbox/users/mguillout/tools/CADD-scripts/CADD.sh 		-o CSV/cadd.tsv.gz 		-a 		-g GRCh37 		-v v1.6 VCF/hapcaller.recal.combined.annot.gnomad.vep.filtered.vcf.gz
Submitted job 15 with external jobid 'Your job 4088478 ("snakejob.scoreCADD.15.sh") has been submitted'.

[Fri Aug 21 11:06:50 2020]
rule extractGNOMAD:
    input: /sandbox/users/mguillout/pipeline/REFERENCES/human_g1k_v37.fasta, VCF/hapcaller.recal.combined.annot.gnomad.vep.filtered.vcf.gz
    output: CSV/gnomad_freq.tsv
    jobid: 14
    reason: Input files updated by another job: VCF/hapcaller.recal.combined.annot.gnomad.vep.filtered.vcf.gz

gatk -T VariantsToTable 		-R /sandbox/users/mguillout/pipeline/REFERENCES/human_g1k_v37.fasta 		-V VCF/hapcaller.recal.combined.annot.gnomad.vep.filtered.vcf.gz 		-o CSV/gnomad_freq.tsv 		-F CHROM 		-F POS 		-F REF 		-F ALT 		-F END 		-F ID 		-F DP 		--allowMissingData 		-F gnomad.AF_AFR 		-F gnomad.AF_ASJ 		-F gnomad.AF_AMR 		-F gnomad.AF_EAS 		-F gnomad.AF_FIN 		-F gnomad.AF_NFE 		-F gnomad.AF_OTH 		-F gnomad.AF_SAS 
Submitted job 14 with external jobid 'Your job 4088479 ("snakejob.extractGNOMAD.14.sh") has been submitted'.

[Fri Aug 21 11:06:50 2020]
rule tabix:
    input: VCF/hapcaller.recal.combined.annot.gnomad.vep.filtered.vcf.gz
    output: VCF/hapcaller.recal.combined.annot.gnomad.vep.filtered.vcf.gz.tbi
    jobid: 25
    reason: Missing output files: VCF/hapcaller.recal.combined.annot.gnomad.vep.filtered.vcf.gz.tbi; Input files updated by another job: VCF/hapcaller.recal.combined.annot.gnomad.vep.filtered.vcf.gz
    wildcards: base=VCF/hapcaller.recal.combined.annot.gnomad.vep.filtered.vcf.gz

tabix -f -p vcf VCF/hapcaller.recal.combined.annot.gnomad.vep.filtered.vcf.gz
Submitted job 25 with external jobid 'Your job 4088480 ("snakejob.tabix.25.sh") has been submitted'.
[Fri Aug 21 11:07:10 2020]
Finished job 25.
3 of 12 steps (25%) done

[Fri Aug 21 11:07:10 2020]
rule annotANNOVAR:
    input: VCF/hapcaller.recal.combined.annot.gnomad.vep.filtered.vcf.gz, VCF/hapcaller.recal.combined.annot.gnomad.vep.filtered.vcf.gz.tbi, /sandbox/users/mguillout/tools/annovar
    output: VCF/hapcaller.recal.combined.annot.gnomad.vep.filtered.annovar.vcf.hg19_multianno.vcf, VCF/hapcaller.recal.combined.annot.gnomad.vep.filtered.annovar.vcf.avinput
    jobid: 12
    reason: Missing output files: VCF/hapcaller.recal.combined.annot.gnomad.vep.filtered.annovar.vcf.hg19_multianno.vcf, VCF/hapcaller.recal.combined.annot.gnomad.vep.filtered.annovar.vcf.avinput; Input files updated by another job: VCF/hapcaller.recal.combined.annot.gnomad.vep.filtered.vcf.gz, VCF/hapcaller.recal.combined.annot.gnomad.vep.filtered.vcf.gz.tbi

perl /sandbox/users/mguillout/tools/annovar/table_annovar.pl VCF/hapcaller.recal.combined.annot.gnomad.vep.filtered.vcf.gz  		/sandbox/users/mguillout/tools/annovar/humandb		-buildver hg19 		-out VCF/hapcaller.recal.combined.annot.gnomad.vep.filtered.annovar.vcf 		-remove 		-protocol refGene,knownGene,cytoBand,dgvMerged,gwasCatalog,dbnsfp35a,gnomad211_exome,clinvar_20190305 		-operation gx,g,r,r,r,f,f,f 		-nastring . 		-polish 		-otherinfo 		-xref /sandbox/users/mguillout/tools/annovar/humandb/hg19_refGene.txt 		-vcfinput
Submitted job 12 with external jobid 'Your job 4088481 ("snakejob.annotANNOVAR.12.sh") has been submitted'.
Write-protecting output file CSV/gnomad_freq.tsv.
[Fri Aug 21 11:07:20 2020]
Finished job 14.
4 of 12 steps (33%) done

[Fri Aug 21 11:07:20 2020]
rule extractGNOMADVEP:
    input: VCF/hapcaller.recal.combined.annot.gnomad.vep.filtered.vcf.gz, CSV/gnomad_freq.tsv
    output: CSV/gnomad_vep.tsv
    jobid: 4
    reason: Input files updated by another job: CSV/gnomad_freq.tsv, VCF/hapcaller.recal.combined.annot.gnomad.vep.filtered.vcf.gz

vep-annotation-reporter  VCF/hapcaller.recal.combined.annot.gnomad.vep.filtered.vcf.gz 	Feature HGVSc HGVSp Protein_position Amino_acids Codons CLIN_SIG PUBMED 		-t CSV/gnomad_freq.tsv 		-o CSV/gnomad_vep.tsv 		
Submitted job 4 with external jobid 'Your job 4088482 ("snakejob.extractGNOMADVEP.4.sh") has been submitted'.
[Fri Aug 21 11:07:40 2020]
Finished job 4.
5 of 12 steps (42%) done
Write-protecting output file VCF/hapcaller.recal.combined.annot.gnomad.vep.filtered.annovar.vcf.hg19_multianno.vcf.
[Fri Aug 21 11:07:50 2020]
Finished job 12.
6 of 12 steps (50%) done

[Fri Aug 21 11:07:50 2020]
rule annotINTERVAR:
    input: VCF/hapcaller.recal.combined.annot.gnomad.vep.filtered.annovar.vcf.avinput, /sandbox/users/mguillout/tools/annovar, /sandbox/users/mguillout/tools/InterVar-master
    output: CSV/res_intervar.hg19_multianno.txt.intervar
    jobid: 3
    reason: Input files updated by another job: VCF/hapcaller.recal.combined.annot.gnomad.vep.filtered.annovar.vcf.avinput

python /sandbox/users/mguillout/tools/InterVar-master/Intervar.py 		-i VCF/hapcaller.recal.combined.annot.gnomad.vep.filtered.annovar.vcf.avinput 		-o CSV/res_intervar 		--buildver hg19 		--input_type AVinput 		--database_intervar /sandbox/users/mguillout/tools/InterVar-master/intervardb 		--config=/sandbox/users/mguillout/tools/InterVar-master/config.ini 		--convert2annovar /sandbox/users/mguillout/tools/annovar/convert2annovar.pl 		--table_annovar /sandbox/users/mguillout/tools/annovar/table_annovar.pl 		--annotate_variation /sandbox/users/mguillout/tools/annovar/annotate_variation.pl 		--database_locat /sandbox/users/mguillout/tools/annovar/humandb
Submitted job 3 with external jobid 'Your job 4088483 ("snakejob.annotINTERVAR.3.sh") has been submitted'.

[Fri Aug 21 11:07:50 2020]
rule bgzip:
    input: VCF/hapcaller.recal.combined.annot.gnomad.vep.filtered.annovar.vcf.hg19_multianno.vcf
    output: VCF/hapcaller.recal.combined.annot.gnomad.vep.filtered.annovar.vcf.hg19_multianno.vcf.gz
    jobid: 1
    reason: Missing output files: VCF/hapcaller.recal.combined.annot.gnomad.vep.filtered.annovar.vcf.hg19_multianno.vcf.gz; Input files updated by another job: VCF/hapcaller.recal.combined.annot.gnomad.vep.filtered.annovar.vcf.hg19_multianno.vcf
    wildcards: base=VCF/hapcaller.recal.combined.annot.gnomad.vep.filtered.annovar.vcf.hg19_multianno

bgzip -f VCF/hapcaller.recal.combined.annot.gnomad.vep.filtered.annovar.vcf.hg19_multianno.vcf
Submitted job 1 with external jobid 'Your job 4088484 ("snakejob.bgzip.1.sh") has been submitted'.
[Fri Aug 21 11:08:00 2020]
Finished job 15.
7 of 12 steps (58%) done

[Fri Aug 21 11:08:00 2020]
rule gunzipCADD:
    input: CSV/cadd.tsv.gz
    output: CSV/cadd.tsv
    jobid: 5
    reason: Input files updated by another job: CSV/cadd.tsv.gz

gunzip CSV/cadd.tsv.gz ;  sed 1d CSV/cadd.tsv -i
Submitted job 5 with external jobid 'Your job 4088485 ("snakejob.gunzipCADD.5.sh") has been submitted'.
Terminating processes on user request, this might take some time.
Will exit after finishing currently running jobs.
Cancelling snakemake on user request.
