Building DAG of jobs...
Using shell: /usr/bin/bash
Provided cluster nodes: 12
Job counts:
	count	jobs
	1	annotANNOVAR
	1	annotINTERVAR
	1	annotVEP
	1	baseRecalibration
	3	bgzip
	1	combineGVCF
	1	combineVCF
	1	createBaseRecalibrationTable
	1	createGVCFList
	3	depthOfCoverage
	1	extractGNOMAD
	1	extractGNOMADVEP
	1	filterIndels
	1	filterSNVs
	1	filtrationVEP
	1	freqGNOMAD
	1	genotypeGVCF
	1	gunzipCADD
	1	haplotypeCaller
	1	indelRealign
	1	markDuplicates
	1	merge
	1	picardMetrics
	1	realignTargetCreator
	1	scoreCADD
	1	selectIndels
	1	selectSNVs
	1	sort
	3	tabix
	1	target
	36

[Wed Aug 19 13:57:14 2020]
rule sort:
    input: /sandbox/users/mguillout/pipeline/REFERENCES/human_g1k_v37.fasta, Samples/Sample1/BAM/Sample1.p1.sam, /sandbox/users/mguillout/pipeline/REFERENCES/human_g1k_v37.fasta.fai
    output: Samples/Sample1/BAM/Sample1.p1.sorted.bam
    jobid: 40
    reason: Missing output files: Samples/Sample1/BAM/Sample1.p1.sorted.bam; Updated input files: Samples/Sample1/BAM/Sample1.p1.sam
    wildcards: sample=Sample1, pairID=p1

samtools sort --reference /sandbox/users/mguillout/pipeline/REFERENCES/human_g1k_v37.fasta -l 9 -@ 1 -O bam -o Samples/Sample1/BAM/Sample1.p1.sorted.bam -T Samples/Sample1/BAM/Sample1.p1.sorted.bam.tmp Samples/Sample1/BAM/Sample1.p1.sam
Submitted job 40 with external jobid 'Your job 4082186 ("snakejob.sort.40.sh") has been submitted'.
[Wed Aug 19 13:57:34 2020]
Error in rule sort:
    jobid: 40
    output: Samples/Sample1/BAM/Sample1.p1.sorted.bam
    shell:
        samtools sort --reference /sandbox/users/mguillout/pipeline/REFERENCES/human_g1k_v37.fasta -l 9 -@ 1 -O bam -o Samples/Sample1/BAM/Sample1.p1.sorted.bam -T Samples/Sample1/BAM/Sample1.p1.sorted.bam.tmp Samples/Sample1/BAM/Sample1.p1.sam
        (one of the commands exited with non-zero exit code; note that snakemake uses bash strict mode!)
    cluster_jobid: Your job 4082186 ("snakejob.sort.40.sh") has been submitted

Error executing rule sort on cluster (jobid: 40, external: Your job 4082186 ("snakejob.sort.40.sh") has been submitted, jobscript: /sandbox/shares/nextcloud/mguillout/files/Application/pipeline/testPipeline4/.snakemake/tmp.ognmanng/snakejob.sort.40.sh). For error details see the cluster log and the log files of the involved rule(s).
Shutting down, this might take some time.
Exiting because a job execution failed. Look above for error message
Complete log: /sandbox/shares/nextcloud/mguillout/files/Application/pipeline/.snakemake/log/2020-08-19T135714.374113.snakemake.log
