Building DAG of jobs...
Using shell: /usr/bin/bash
Provided cluster nodes: 12
Job counts:
	count	jobs
	5	align
	1	annotANNOVAR
	5	annotINTERVAR
	1	annotVEP
	5	baseRecalibration
	3	bgzip
	1	combineGVCF
	1	combineVCF
	5	createBaseRecalibrationTable
	1	createGVCFList
	15	depthOfCoverage
	1	downloadGATK
	1	extractGNOMAD
	1	extractGNOMADVEP
	1	filterIndels
	1	filterSNVs
	1	filtration_freq_and_genes
	1	freqGNOMAD
	1	genotypeGVCF
	1	gunzipCADD
	5	haplotypeCaller
	5	indelRealign
	5	markDuplicates
	5	merge
	5	merge_fields
	5	picardMetrics
	5	realignTargetCreator
	1	scoreCADD
	1	selectIndels
	1	selectSNVs
	5	sort
	3	tabix
	1	target
	99

[Wed Sep  9 19:48:03 2020]
rule downloadGATK:
    output: gatkPresent.txt
    jobid: 49
    reason: Missing output files: gatkPresent.txt

Submitted job 49 with external jobid 'Your job 4143453 ("snakejob.downloadGATK.49.sh") has been submitted'.

[Wed Sep  9 19:48:03 2020]
rule align:
    input: /sandbox/users/mguillout/pipeline/REFERENCES/human_g1k_v37.fasta, /sandbox/users/mguillout/fastQ-APHP/P33-KMKN_S33_L001_R1_001.fastq.gz, /sandbox/users/mguillout/fastQ-APHP/P33-KMKN_S33_L001_R2_001.fastq.gz, /sandbox/users/mguillout/pipeline/REFERENCES/human_g1k_v37.fasta.bwt
    output: Samples/Sample33/BAM/Sample33.p1.sam
    jobid: 114
    reason: Missing output files: Samples/Sample33/BAM/Sample33.p1.sam
    wildcards: sample=Sample33, pairID=p1

bwa mem -t 1 -M 		-H '@CO\tProject:pipelineTest Sample:Sample33 Date:2020-09-09 CWD:/sandbox/users/mguillout/externalshares/Application/pipeline/APHP Capture:{ name : captureName , description : exome capture 1 , path : /sandbox/users/mguillout/pipeline/REFERENCES/Broad.human.exome.b37.bed}' 		-R '@RG\tID:Sample33\tLB:Sample33\tSM:Sample33\tPL:Illumina\tCN:CENTER' 		/sandbox/users/mguillout/pipeline/REFERENCES/human_g1k_v37.fasta /sandbox/users/mguillout/fastQ-APHP/P33-KMKN_S33_L001_R1_001.fastq.gz /sandbox/users/mguillout/fastQ-APHP/P33-KMKN_S33_L001_R2_001.fastq.gz > Samples/Sample33/BAM/Sample33.p1.sam
Submitted job 114 with external jobid 'Your job 4143454 ("snakejob.align.114.sh") has been submitted'.

[Wed Sep  9 19:48:03 2020]
rule align:
    input: /sandbox/users/mguillout/pipeline/REFERENCES/human_g1k_v37.fasta, /sandbox/users/mguillout/fastQ-APHP/P10-BL_S10_L001_R1_001.fastq.gz, /sandbox/users/mguillout/fastQ-APHP/P10-BL_S10_L001_R2_001.fastq.gz, /sandbox/users/mguillout/pipeline/REFERENCES/human_g1k_v37.fasta.bwt
    output: Samples/Sample10/BAM/Sample10.p1.sam
    jobid: 110
    reason: Missing output files: Samples/Sample10/BAM/Sample10.p1.sam
    wildcards: sample=Sample10, pairID=p1

bwa mem -t 1 -M 		-H '@CO\tProject:pipelineTest Sample:Sample10 Date:2020-09-09 CWD:/sandbox/users/mguillout/externalshares/Application/pipeline/APHP Capture:{ name : captureName , description : exome capture 1 , path : /sandbox/users/mguillout/pipeline/REFERENCES/Broad.human.exome.b37.bed}' 		-R '@RG\tID:Sample10\tLB:Sample10\tSM:Sample10\tPL:Illumina\tCN:CENTER' 		/sandbox/users/mguillout/pipeline/REFERENCES/human_g1k_v37.fasta /sandbox/users/mguillout/fastQ-APHP/P10-BL_S10_L001_R1_001.fastq.gz /sandbox/users/mguillout/fastQ-APHP/P10-BL_S10_L001_R2_001.fastq.gz > Samples/Sample10/BAM/Sample10.p1.sam
Submitted job 110 with external jobid 'Your job 4143455 ("snakejob.align.110.sh") has been submitted'.

[Wed Sep  9 19:48:03 2020]
rule align:
    input: /sandbox/users/mguillout/pipeline/REFERENCES/human_g1k_v37.fasta, /sandbox/users/mguillout/fastQ-APHP/P32-ISH_S32_L001_R1_001.fastq.gz, /sandbox/users/mguillout/fastQ-APHP/P32-ISH_S32_L001_R2_001.fastq.gz, /sandbox/users/mguillout/pipeline/REFERENCES/human_g1k_v37.fasta.bwt
    output: Samples/Sample32/BAM/Sample32.p1.sam
    jobid: 113
    reason: Missing output files: Samples/Sample32/BAM/Sample32.p1.sam
    wildcards: sample=Sample32, pairID=p1

bwa mem -t 1 -M 		-H '@CO\tProject:pipelineTest Sample:Sample32 Date:2020-09-09 CWD:/sandbox/users/mguillout/externalshares/Application/pipeline/APHP Capture:{ name : captureName , description : exome capture 1 , path : /sandbox/users/mguillout/pipeline/REFERENCES/Broad.human.exome.b37.bed}' 		-R '@RG\tID:Sample32\tLB:Sample32\tSM:Sample32\tPL:Illumina\tCN:CENTER' 		/sandbox/users/mguillout/pipeline/REFERENCES/human_g1k_v37.fasta /sandbox/users/mguillout/fastQ-APHP/P32-ISH_S32_L001_R1_001.fastq.gz /sandbox/users/mguillout/fastQ-APHP/P32-ISH_S32_L001_R2_001.fastq.gz > Samples/Sample32/BAM/Sample32.p1.sam
Submitted job 113 with external jobid 'Your job 4143456 ("snakejob.align.113.sh") has been submitted'.

[Wed Sep  9 19:48:03 2020]
rule align:
    input: /sandbox/users/mguillout/pipeline/REFERENCES/human_g1k_v37.fasta, /sandbox/users/mguillout/fastQ-APHP/P29-HC_S29_L001_R1_001.fastq.gz, /sandbox/users/mguillout/fastQ-APHP/P29-HC_S29_L001_R2_001.fastq.gz, /sandbox/users/mguillout/pipeline/REFERENCES/human_g1k_v37.fasta.bwt
    output: Samples/Sample29/BAM/Sample29.p1.sam
    jobid: 111
    reason: Missing output files: Samples/Sample29/BAM/Sample29.p1.sam
    wildcards: sample=Sample29, pairID=p1

bwa mem -t 1 -M 		-H '@CO\tProject:pipelineTest Sample:Sample29 Date:2020-09-09 CWD:/sandbox/users/mguillout/externalshares/Application/pipeline/APHP Capture:{ name : captureName , description : exome capture 1 , path : /sandbox/users/mguillout/pipeline/REFERENCES/Broad.human.exome.b37.bed}' 		-R '@RG\tID:Sample29\tLB:Sample29\tSM:Sample29\tPL:Illumina\tCN:CENTER' 		/sandbox/users/mguillout/pipeline/REFERENCES/human_g1k_v37.fasta /sandbox/users/mguillout/fastQ-APHP/P29-HC_S29_L001_R1_001.fastq.gz /sandbox/users/mguillout/fastQ-APHP/P29-HC_S29_L001_R2_001.fastq.gz > Samples/Sample29/BAM/Sample29.p1.sam
Submitted job 111 with external jobid 'Your job 4143457 ("snakejob.align.111.sh") has been submitted'.

[Wed Sep  9 19:48:03 2020]
rule align:
    input: /sandbox/users/mguillout/pipeline/REFERENCES/human_g1k_v37.fasta, /sandbox/users/mguillout/fastQ-APHP/P01-AW_S1_L001_R1_001.fastq.gz, /sandbox/users/mguillout/fastQ-APHP/P01-AW_S1_L001_R2_001.fastq.gz, /sandbox/users/mguillout/pipeline/REFERENCES/human_g1k_v37.fasta.bwt
    output: Samples/Sample1/BAM/Sample1.p1.sam
    jobid: 112
    reason: Missing output files: Samples/Sample1/BAM/Sample1.p1.sam
    wildcards: sample=Sample1, pairID=p1

bwa mem -t 1 -M 		-H '@CO\tProject:pipelineTest Sample:Sample1 Date:2020-09-09 CWD:/sandbox/users/mguillout/externalshares/Application/pipeline/APHP Capture:{ name : captureName , description : exome capture 1 , path : /sandbox/users/mguillout/pipeline/REFERENCES/Broad.human.exome.b37.bed}' 		-R '@RG\tID:Sample1\tLB:Sample1\tSM:Sample1\tPL:Illumina\tCN:CENTER' 		/sandbox/users/mguillout/pipeline/REFERENCES/human_g1k_v37.fasta /sandbox/users/mguillout/fastQ-APHP/P01-AW_S1_L001_R1_001.fastq.gz /sandbox/users/mguillout/fastQ-APHP/P01-AW_S1_L001_R2_001.fastq.gz > Samples/Sample1/BAM/Sample1.p1.sam
Submitted job 112 with external jobid 'Your job 4143458 ("snakejob.align.112.sh") has been submitted'.
[Wed Sep  9 19:48:23 2020]
Finished job 49.
1 of 99 steps (1%) done
[Wed Sep  9 19:53:03 2020]
Finished job 113.
2 of 99 steps (2%) done

[Wed Sep  9 19:53:03 2020]
rule sort:
    input: /sandbox/users/mguillout/pipeline/REFERENCES/human_g1k_v37.fasta, Samples/Sample32/BAM/Sample32.p1.sam, /sandbox/users/mguillout/pipeline/REFERENCES/human_g1k_v37.fasta.fai
    output: Samples/Sample32/BAM/Sample32.p1.sorted.bam
    jobid: 106
    reason: Missing output files: Samples/Sample32/BAM/Sample32.p1.sorted.bam; Input files updated by another job: Samples/Sample32/BAM/Sample32.p1.sam
    wildcards: sample=Sample32, pairID=p1

samtools sort --reference /sandbox/users/mguillout/pipeline/REFERENCES/human_g1k_v37.fasta -l 9 -@ 1 -O bam -o Samples/Sample32/BAM/Sample32.p1.sorted.bam -T Samples/Sample32/BAM/Sample32.p1.sorted.bam.tmp Samples/Sample32/BAM/Sample32.p1.sam
Submitted job 106 with external jobid 'Your job 4143460 ("snakejob.sort.106.sh") has been submitted'.
[Wed Sep  9 19:53:23 2020]
Error in rule sort:
    jobid: 106
    output: Samples/Sample32/BAM/Sample32.p1.sorted.bam
    shell:
        samtools sort --reference /sandbox/users/mguillout/pipeline/REFERENCES/human_g1k_v37.fasta -l 9 -@ 1 -O bam -o Samples/Sample32/BAM/Sample32.p1.sorted.bam -T Samples/Sample32/BAM/Sample32.p1.sorted.bam.tmp Samples/Sample32/BAM/Sample32.p1.sam
        (one of the commands exited with non-zero exit code; note that snakemake uses bash strict mode!)
    cluster_jobid: Your job 4143460 ("snakejob.sort.106.sh") has been submitted

Error executing rule sort on cluster (jobid: 106, external: Your job 4143460 ("snakejob.sort.106.sh") has been submitted, jobscript: /sandbox/shares/nextcloud/mguillout/files/Application/pipeline/APHP/.snakemake/tmp.n_70rxjn/snakejob.sort.106.sh). For error details see the cluster log and the log files of the involved rule(s).
[Wed Sep  9 19:54:33 2020]
Finished job 111.
3 of 99 steps (3%) done
[Wed Sep  9 19:55:43 2020]
Finished job 112.
4 of 99 steps (4%) done
[Wed Sep  9 19:56:24 2020]
Finished job 114.
5 of 99 steps (5%) done
[Wed Sep  9 19:58:14 2020]
Finished job 110.
6 of 99 steps (6%) done
Shutting down, this might take some time.
Exiting because a job execution failed. Look above for error message
Complete log: /sandbox/shares/nextcloud/mguillout/files/Application/pipeline/.snakemake/log/2020-09-09T194802.616161.snakemake.log
