Building DAG of jobs...
Using shell: /usr/bin/bash
Provided cluster nodes: 12
Job counts:
	count	jobs
	1	gunzipCADD
	1	merge_fields
	1	target
	3

[Fri Aug 21 18:10:47 2020]
rule gunzipCADD:
    input: CSV/cadd.tsv.gz
    output: CSV/cadd.tsv
    jobid: 13
    reason: Missing output files: CSV/cadd.tsv

gunzip CSV/cadd.tsv.gz ;  sed 1d CSV/cadd.tsv -i
Submitted job 13 with external jobid 'Your job 4089857 ("snakejob.gunzipCADD.13.sh") has been submitted'.
[Fri Aug 21 18:11:07 2020]
Finished job 13.
1 of 3 steps (33%) done

[Fri Aug 21 18:11:07 2020]
rule merge_fields:
    input: VCF/hapcaller.recal.combined.annot.gnomad.vep.filtered.annovar.vcf.hg19_multianno.txt, CSV/res_intervar.hg19_multianno.txt.intervar, CSV/gnomad_vep.tsv, CSV/cadd.tsv
    output: CSV/main_results.tsv
    jobid: 3
    reason: Missing output files: CSV/main_results.tsv; Input files updated by another job: CSV/cadd.tsv

Submitted job 3 with external jobid 'Your job 4089858 ("snakejob.merge_fields.3.sh") has been submitted'.
[Fri Aug 21 18:11:47 2020]
Finished job 3.
2 of 3 steps (67%) done

[Fri Aug 21 18:11:47 2020]
localrule target:
    input: VCF/hapcaller.recal.combined.annot.gnomad.vep.filtered.annovar.vcf.hg19_multianno.vcf.gz, VCF/hapcaller.recal.combined.annot.gnomad.vep.filtered.annovar.vcf.hg19_multianno.vcf.gz.tbi, CSV/main_results.tsv, Samples/Sample1/QC/Sample1.gatk_doc.autosomes.sample_cumulative_coverage_counts, Samples/Sample1/QC/Sample1.gatk_doc.autosomes.sample_cumulative_coverage_proportions, Samples/Sample1/QC/Sample1.gatk_doc.autosomes.sample_statistics, Samples/Sample1/QC/Sample1.gatk_doc.autosomes.sample_summary, Samples/Sample1/QC/Sample1.gatk_doc.chrX.sample_cumulative_coverage_counts, Samples/Sample1/QC/Sample1.gatk_doc.chrX.sample_cumulative_coverage_proportions, Samples/Sample1/QC/Sample1.gatk_doc.chrX.sample_statistics, Samples/Sample1/QC/Sample1.gatk_doc.chrX.sample_summary, Samples/Sample1/QC/Sample1.gatk_doc.chrY.sample_cumulative_coverage_counts, Samples/Sample1/QC/Sample1.gatk_doc.chrY.sample_cumulative_coverage_proportions, Samples/Sample1/QC/Sample1.gatk_doc.chrY.sample_statistics, Samples/Sample1/QC/Sample1.gatk_doc.chrY.sample_summary, Samples/Sample1/QC/Sample1.picard_metrics.alignment_summary_metrics, Samples/Sample1/QC/Sample1.picard_metrics.base_distribution_by_cycle_metrics, Samples/Sample1/QC/Sample1.picard_metrics.base_distribution_by_cycle.pdf, Samples/Sample1/QC/Sample1.picard_metrics.insert_size_histogram.pdf, Samples/Sample1/QC/Sample1.picard_metrics.insert_size_metrics, Samples/Sample1/QC/Sample1.picard_metrics.quality_by_cycle_metrics, Samples/Sample1/QC/Sample1.picard_metrics.quality_by_cycle.pdf, Samples/Sample1/QC/Sample1.picard_metrics.quality_distribution_metrics, Samples/Sample1/QC/Sample1.picard_metrics.quality_distribution.pdf, Samples/Sample1/QC/Sample1.fastqc.forward_fastqc.zip, Samples/Sample1/QC/Sample1.fastqc.reverse_fastqc.zip
    jobid: 0
    reason: Input files updated by another job: CSV/main_results.tsv

[Fri Aug 21 18:11:47 2020]
Finished job 0.
3 of 3 steps (100%) done
Complete log: /sandbox/shares/nextcloud/mguillout/files/Application/pipeline/.snakemake/log/2020-08-21T181045.518967.snakemake.log
