Building DAG of jobs...
Using shell: /usr/bin/bash
Provided cluster nodes: 12
Job counts:
	count	jobs
	3	annotINTERVAR
	5	merge_fields
	1	target
	9

[Mon Aug 24 16:03:39 2020]
rule annotINTERVAR:
    input: VCF/hapcaller.recal.combined.annot.gnomad.vep.filtered.annovar.vcf.hg19_multianno.vcf.gz, /sandbox/users/mguillout/tools/annovar, /sandbox/users/mguillout/tools/annovar/humandb, /sandbox/users/mguillout/tools/InterVar-master
    output: CSV/res_intervar.Sample33.hg19_multianno.txt.intervar
    jobid: 45
    reason: Forced execution
    wildcards: sample=Sample33

python /sandbox/users/mguillout/tools/InterVar-master/Intervar.py 		-i VCF/hapcaller.recal.combined.annot.gnomad.vep.filtered.annovar.vcf.hg19_multianno.vcf.gz 		-o CSV/res_intervar 		--buildver hg19 		--input_type VCF_m 		--database_intervar /sandbox/users/mguillout/tools/InterVar-master/intervardb 		--config=/sandbox/users/mguillout/tools/InterVar-master/config.ini 		--convert2annovar /sandbox/users/mguillout/tools/annovar/convert2annovar.pl 		--table_annovar /sandbox/users/mguillout/tools/annovar/table_annovar.pl 		--annotate_variation /sandbox/users/mguillout/tools/annovar/annotate_variation.pl 		--database_locat /sandbox/users/mguillout/tools/annovar/humandb
Submitted job 45 with external jobid 'Your job 4091668 ("snakejob.annotINTERVAR.45.sh") has been submitted'.

[Mon Aug 24 16:03:39 2020]
rule merge_fields:
    input: VCF/hapcaller.recal.combined.annot.gnomad.vep.filtered.annovar.vcf.hg19_multianno.txt, CSV/res_intervar.Sample10.hg19_multianno.txt.intervar, CSV/gnomad_vep.tsv, CSV/cadd.tsv
    output: CSV/individual_results_Sample10.tsv
    jobid: 3
    reason: Missing output files: CSV/individual_results_Sample10.tsv
    wildcards: sample=Sample10

Submitted job 3 with external jobid 'Your job 4091669 ("snakejob.merge_fields.3.sh") has been submitted'.

[Mon Aug 24 16:03:39 2020]
rule annotINTERVAR:
    input: VCF/hapcaller.recal.combined.annot.gnomad.vep.filtered.annovar.vcf.hg19_multianno.vcf.gz, /sandbox/users/mguillout/tools/annovar, /sandbox/users/mguillout/tools/annovar/humandb, /sandbox/users/mguillout/tools/InterVar-master
    output: CSV/res_intervar.Sample32.hg19_multianno.txt.intervar
    jobid: 44
    reason: Forced execution
    wildcards: sample=Sample32

python /sandbox/users/mguillout/tools/InterVar-master/Intervar.py 		-i VCF/hapcaller.recal.combined.annot.gnomad.vep.filtered.annovar.vcf.hg19_multianno.vcf.gz 		-o CSV/res_intervar 		--buildver hg19 		--input_type VCF_m 		--database_intervar /sandbox/users/mguillout/tools/InterVar-master/intervardb 		--config=/sandbox/users/mguillout/tools/InterVar-master/config.ini 		--convert2annovar /sandbox/users/mguillout/tools/annovar/convert2annovar.pl 		--table_annovar /sandbox/users/mguillout/tools/annovar/table_annovar.pl 		--annotate_variation /sandbox/users/mguillout/tools/annovar/annotate_variation.pl 		--database_locat /sandbox/users/mguillout/tools/annovar/humandb
Submitted job 44 with external jobid 'Your job 4091670 ("snakejob.annotINTERVAR.44.sh") has been submitted'.

[Mon Aug 24 16:03:39 2020]
rule merge_fields:
    input: VCF/hapcaller.recal.combined.annot.gnomad.vep.filtered.annovar.vcf.hg19_multianno.txt, CSV/res_intervar.Sample1.hg19_multianno.txt.intervar, CSV/gnomad_vep.tsv, CSV/cadd.tsv
    output: CSV/individual_results_Sample1.tsv
    jobid: 5
    reason: Missing output files: CSV/individual_results_Sample1.tsv
    wildcards: sample=Sample1

Submitted job 5 with external jobid 'Your job 4091671 ("snakejob.merge_fields.5.sh") has been submitted'.

[Mon Aug 24 16:03:39 2020]
rule annotINTERVAR:
    input: VCF/hapcaller.recal.combined.annot.gnomad.vep.filtered.annovar.vcf.hg19_multianno.vcf.gz, /sandbox/users/mguillout/tools/annovar, /sandbox/users/mguillout/tools/annovar/humandb, /sandbox/users/mguillout/tools/InterVar-master
    output: CSV/res_intervar.Sample29.hg19_multianno.txt.intervar
    jobid: 42
    reason: Forced execution
    wildcards: sample=Sample29

python /sandbox/users/mguillout/tools/InterVar-master/Intervar.py 		-i VCF/hapcaller.recal.combined.annot.gnomad.vep.filtered.annovar.vcf.hg19_multianno.vcf.gz 		-o CSV/res_intervar 		--buildver hg19 		--input_type VCF_m 		--database_intervar /sandbox/users/mguillout/tools/InterVar-master/intervardb 		--config=/sandbox/users/mguillout/tools/InterVar-master/config.ini 		--convert2annovar /sandbox/users/mguillout/tools/annovar/convert2annovar.pl 		--table_annovar /sandbox/users/mguillout/tools/annovar/table_annovar.pl 		--annotate_variation /sandbox/users/mguillout/tools/annovar/annotate_variation.pl 		--database_locat /sandbox/users/mguillout/tools/annovar/humandb
Submitted job 42 with external jobid 'Your job 4091672 ("snakejob.annotINTERVAR.42.sh") has been submitted'.
[Mon Aug 24 16:03:49 2020]
Error in rule merge_fields:
    jobid: 3
    output: CSV/individual_results_Sample10.tsv
    cluster_jobid: Your job 4091669 ("snakejob.merge_fields.3.sh") has been submitted

Error executing rule merge_fields on cluster (jobid: 3, external: Your job 4091669 ("snakejob.merge_fields.3.sh") has been submitted, jobscript: /sandbox/shares/nextcloud/mguillout/files/Application/pipeline/APHP/.snakemake/tmp.l1ty6pcf/snakejob.merge_fields.3.sh). For error details see the cluster log and the log files of the involved rule(s).
[Mon Aug 24 16:03:49 2020]
Error in rule merge_fields:
    jobid: 5
    output: CSV/individual_results_Sample1.tsv
    cluster_jobid: Your job 4091671 ("snakejob.merge_fields.5.sh") has been submitted

Error executing rule merge_fields on cluster (jobid: 5, external: Your job 4091671 ("snakejob.merge_fields.5.sh") has been submitted, jobscript: /sandbox/shares/nextcloud/mguillout/files/Application/pipeline/APHP/.snakemake/tmp.l1ty6pcf/snakejob.merge_fields.5.sh). For error details see the cluster log and the log files of the involved rule(s).
Terminating processes on user request, this might take some time.
Will exit after finishing currently running jobs.
Cancelling snakemake on user request.
