Building DAG of jobs...
Using shell: /usr/bin/bash
Provided cluster nodes: 12
Job counts:
	count	jobs
	1	annotANNOVAR
	1	annotINTERVAR
	1	bgzip
	1	extractGNOMAD
	1	extractGNOMADVEP
	1	gunzipCADD
	1	merge_fields
	1	scoreCADD
	1	tabix
	1	target
	10

[Tue Oct 27 19:30:39 2020]
rule scoreCADD:
    input: VCF/hapcaller.recal.combined.annot.gnomad.vep.filtered.vcf.gz, /sandbox/users/mguillout/tools/CADD-scripts/CADD.sh
    output: CSV/cadd.tsv.gz
    jobid: 26
    reason: Missing output files: CSV/cadd.tsv.gz

 /sandbox/users/mguillout/tools/CADD-scripts/CADD.sh 		-o CSV/cadd.tsv.gz 		-a 		-g GRCh37 		-v v1.6 VCF/hapcaller.recal.combined.annot.gnomad.vep.filtered.vcf.gz
Submitted job 26 with external jobid 'Your job 4305505 ("snakejob.scoreCADD.26.sh") has been submitted'.

[Tue Oct 27 19:30:39 2020]
rule annotANNOVAR:
    input: VCF/hapcaller.recal.combined.annot.gnomad.vep.filtered.vcf.gz, VCF/hapcaller.recal.combined.annot.gnomad.vep.filtered.vcf.gz.tbi, /sandbox/users/mguillout/tools/annovar, /sandbox/users/mguillout/tools/annovar/humandb
    output: VCF/hapcaller.recal.combined.annot.gnomad.vep.filtered.annovar.vcf.hg19_multianno.vcf, VCF/hapcaller.recal.combined.annot.gnomad.vep.filtered.annovar.vcf.avinput, VCF/hapcaller.recal.combined.annot.gnomad.vep.filtered.annovar.vcf.hg19_multianno.txt
    jobid: 10
    reason: Missing output files: VCF/hapcaller.recal.combined.annot.gnomad.vep.filtered.annovar.vcf.hg19_multianno.vcf; Updated input files: /sandbox/users/mguillout/tools/annovar/humandb, /sandbox/users/mguillout/tools/annovar

perl /sandbox/users/mguillout/tools/annovar/table_annovar.pl VCF/hapcaller.recal.combined.annot.gnomad.vep.filtered.vcf.gz  		/sandbox/users/mguillout/tools/annovar/humandb		-buildver hg19 		-out VCF/hapcaller.recal.combined.annot.gnomad.vep.filtered.annovar.vcf 		-remove 		-protocol refGene,knownGene,dgvMerged,gwasCatalog,dbnsfp35a,clinvar_20190305 		-operation gx,g,r,r,f,f 		-nastring . 		-polish 		-otherinfo 		-xref /sandbox/users/mguillout/tools/annovar/humandb/hg19_refGene.txt 		-vcfinput
Submitted job 10 with external jobid 'Your job 4305506 ("snakejob.annotANNOVAR.10.sh") has been submitted'.

[Tue Oct 27 19:30:39 2020]
rule extractGNOMAD:
    input: /sandbox/users/mguillout/pipeline/REFERENCES/human_g1k_v37.fasta, VCF/hapcaller.recal.combined.annot.gnomad.vep.filtered.vcf.gz
    output: CSV/gnomad_freq.tsv
    jobid: 25
    reason: Missing output files: CSV/gnomad_freq.tsv

gatk -T VariantsToTable 		-R /sandbox/users/mguillout/pipeline/REFERENCES/human_g1k_v37.fasta 		-V VCF/hapcaller.recal.combined.annot.gnomad.vep.filtered.vcf.gz 		-o CSV/gnomad_freq.tsv 		-F CHROM 		-F POS 		-F REF 		-F ALT 		-F ID 		-GF GT 		--allowMissingData 		-F gnomad.AF_AFR 		-F gnomad.AF_ASJ 		-F gnomad.AF_AMR 		-F gnomad.AF_EAS 		-F gnomad.AF_FIN 		-F gnomad.AF_NFE 		-F gnomad.AF_OTH 		-F gnomad.AF_SAS 
Submitted job 25 with external jobid 'Your job 4305507 ("snakejob.extractGNOMAD.25.sh") has been submitted'.
Write-protecting output file CSV/gnomad_freq.tsv.
[Tue Oct 27 19:30:59 2020]
Finished job 25.
1 of 10 steps (10%) done

[Tue Oct 27 19:30:59 2020]
rule extractGNOMADVEP:
    input: VCF/hapcaller.recal.combined.annot.gnomad.vep.filtered.vcf.gz, CSV/gnomad_freq.tsv
    output: CSV/gnomad_vep.tsv
    jobid: 12
    reason: Missing output files: CSV/gnomad_vep.tsv; Input files updated by another job: CSV/gnomad_freq.tsv

vep-annotation-reporter  VCF/hapcaller.recal.combined.annot.gnomad.vep.filtered.vcf.gz 	Feature HGVSc HGVSp Protein_position Amino_acids Codons CLIN_SIG PUBMED 		-t CSV/gnomad_freq.tsv 		-o CSV/gnomad_vep.tsv 		
Submitted job 12 with external jobid 'Your job 4305508 ("snakejob.extractGNOMADVEP.12.sh") has been submitted'.
[Tue Oct 27 19:31:09 2020]
Finished job 12.
2 of 10 steps (20%) done
Write-protecting output file VCF/hapcaller.recal.combined.annot.gnomad.vep.filtered.annovar.vcf.hg19_multianno.vcf.
[Tue Oct 27 19:31:49 2020]
Finished job 10.
3 of 10 steps (30%) done

[Tue Oct 27 19:31:49 2020]
rule bgzip:
    input: VCF/hapcaller.recal.combined.annot.gnomad.vep.filtered.annovar.vcf.hg19_multianno.vcf
    output: VCF/hapcaller.recal.combined.annot.gnomad.vep.filtered.annovar.vcf.hg19_multianno.vcf.gz
    jobid: 1
    reason: Input files updated by another job: VCF/hapcaller.recal.combined.annot.gnomad.vep.filtered.annovar.vcf.hg19_multianno.vcf
    wildcards: base=VCF/hapcaller.recal.combined.annot.gnomad.vep.filtered.annovar.vcf.hg19_multianno

bgzip -f VCF/hapcaller.recal.combined.annot.gnomad.vep.filtered.annovar.vcf.hg19_multianno.vcf
Submitted job 1 with external jobid 'Your job 4305509 ("snakejob.bgzip.1.sh") has been submitted'.
[Tue Oct 27 19:32:09 2020]
Finished job 1.
4 of 10 steps (40%) done

[Tue Oct 27 19:32:09 2020]
rule tabix:
    input: VCF/hapcaller.recal.combined.annot.gnomad.vep.filtered.annovar.vcf.hg19_multianno.vcf.gz
    output: VCF/hapcaller.recal.combined.annot.gnomad.vep.filtered.annovar.vcf.hg19_multianno.vcf.gz.tbi
    jobid: 2
    reason: Input files updated by another job: VCF/hapcaller.recal.combined.annot.gnomad.vep.filtered.annovar.vcf.hg19_multianno.vcf.gz
    wildcards: base=VCF/hapcaller.recal.combined.annot.gnomad.vep.filtered.annovar.vcf.hg19_multianno.vcf.gz

tabix -f -p vcf VCF/hapcaller.recal.combined.annot.gnomad.vep.filtered.annovar.vcf.hg19_multianno.vcf.gz
Submitted job 2 with external jobid 'Your job 4305510 ("snakejob.tabix.2.sh") has been submitted'.

[Tue Oct 27 19:32:09 2020]
rule annotINTERVAR:
    input: VCF/hapcaller.recal.combined.annot.gnomad.vep.filtered.annovar.vcf.hg19_multianno.vcf.gz, /sandbox/users/mguillout/tools/annovar, /sandbox/users/mguillout/tools/annovar/humandb, /sandbox/users/mguillout/tools/InterVar-master
    output: CSV/res_intervar.Sample1.hg19_multianno.txt.intervar
    jobid: 11
    reason: Missing output files: CSV/res_intervar.Sample1.hg19_multianno.txt.intervar; Input files updated by another job: VCF/hapcaller.recal.combined.annot.gnomad.vep.filtered.annovar.vcf.hg19_multianno.vcf.gz
    wildcards: sample=Sample1

python /sandbox/users/mguillout/tools/InterVar-master/Intervar.py 		-i VCF/hapcaller.recal.combined.annot.gnomad.vep.filtered.annovar.vcf.hg19_multianno.vcf.gz 		-o CSV/res_intervar 		--buildver hg19 		--input_type VCF_m 		--database_intervar /sandbox/users/mguillout/tools/InterVar-master/intervardb 		--config=/sandbox/users/mguillout/tools/InterVar-master/config.ini 		--convert2annovar /sandbox/users/mguillout/tools/annovar/convert2annovar.pl 		--table_annovar /sandbox/users/mguillout/tools/annovar/table_annovar.pl 		--annotate_variation /sandbox/users/mguillout/tools/annovar/annotate_variation.pl 		--database_locat /sandbox/users/mguillout/tools/annovar/humandb
Submitted job 11 with external jobid 'Your job 4305511 ("snakejob.annotINTERVAR.11.sh") has been submitted'.
[Tue Oct 27 19:32:19 2020]
Finished job 2.
5 of 10 steps (50%) done
[Tue Oct 27 19:33:39 2020]
Finished job 26.
6 of 10 steps (60%) done

[Tue Oct 27 19:33:39 2020]
rule gunzipCADD:
    input: CSV/cadd.tsv.gz
    output: CSV/cadd.tsv
    jobid: 13
    reason: Missing output files: CSV/cadd.tsv; Input files updated by another job: CSV/cadd.tsv.gz

gunzip CSV/cadd.tsv.gz ;  sed 1d CSV/cadd.tsv -i
Submitted job 13 with external jobid 'Your job 4305513 ("snakejob.gunzipCADD.13.sh") has been submitted'.
[Tue Oct 27 19:33:49 2020]
Finished job 13.
7 of 10 steps (70%) done
[Tue Oct 27 19:36:19 2020]
Finished job 11.
8 of 10 steps (80%) done

[Tue Oct 27 19:36:19 2020]
rule merge_fields:
    input: VCF/hapcaller.recal.combined.annot.gnomad.vep.filtered.annovar.vcf.hg19_multianno.txt, CSV/res_intervar.Sample1.hg19_multianno.txt.intervar, CSV/gnomad_vep.tsv, CSV/cadd.tsv
    output: CSV/individual_results_Sample1.tsv
    jobid: 3
    reason: Missing output files: CSV/individual_results_Sample1.tsv; Input files updated by another job: VCF/hapcaller.recal.combined.annot.gnomad.vep.filtered.annovar.vcf.hg19_multianno.txt, CSV/gnomad_vep.tsv, CSV/cadd.tsv, CSV/res_intervar.Sample1.hg19_multianno.txt.intervar
    wildcards: sample=Sample1

Submitted job 3 with external jobid 'Your job 4305514 ("snakejob.merge_fields.3.sh") has been submitted'.
[Tue Oct 27 19:37:00 2020]
Error in rule merge_fields:
    jobid: 3
    output: CSV/individual_results_Sample1.tsv
    cluster_jobid: Your job 4305514 ("snakejob.merge_fields.3.sh") has been submitted

Error executing rule merge_fields on cluster (jobid: 3, external: Your job 4305514 ("snakejob.merge_fields.3.sh") has been submitted, jobscript: /sandbox/shares/nextcloud/mguillout/files/Application/pipeline/testVB_10/.snakemake/tmp.11u_ld9z/snakejob.merge_fields.3.sh). For error details see the cluster log and the log files of the involved rule(s).
Shutting down, this might take some time.
Exiting because a job execution failed. Look above for error message
Complete log: /sandbox/shares/nextcloud/mguillout/files/Application/pipeline/.snakemake/log/2020-10-27T193036.976040.snakemake.log
