Building DAG of jobs...
Using shell: /usr/bin/bash
Provided cluster nodes: 12
Job counts:
	count	jobs
	5	align
	1	annotANNOVAR
	5	annotINTERVAR
	1	annotVEP
	5	baseRecalibration
	3	bgzip
	1	combineGVCF
	1	combineVCF
	5	createBaseRecalibrationTable
	1	createGVCFList
	15	depthOfCoverage
	1	downloadGATK
	1	extractGNOMAD
	1	extractGNOMADVEP
	1	filterIndels
	1	filterSNVs
	1	filtration_freq_and_genes
	1	freqGNOMAD
	1	genotypeGVCF
	1	gunzipCADD
	5	haplotypeCaller
	5	indelRealign
	5	markDuplicates
	5	merge
	5	merge_fields
	5	picardMetrics
	5	realignTargetCreator
	1	scoreCADD
	1	selectIndels
	1	selectSNVs
	5	sort
	3	tabix
	1	target
	99

[Tue Sep  8 14:01:04 2020]
rule align:
    input: /sandbox/users/mguillout/pipeline/REFERENCES/human_g1k_v37.fasta, /sandbox/users/mguillout/fastQ-APHP/P10-BL_S10_L001_R1_001.fastq.gz, /sandbox/users/mguillout/fastQ-APHP/P10-BL_S10_L001_R2_001.fastq.gz, /sandbox/users/mguillout/pipeline/REFERENCES/human_g1k_v37.fasta.bwt
    output: Samples/Sample10/BAM/Sample10.p1.sam
    jobid: 110
    reason: Missing output files: Samples/Sample10/BAM/Sample10.p1.sam
    wildcards: sample=Sample10, pairID=p1

bwa mem -t 1 -M 		-H '@CO\tProject:pipelineTest Sample:Sample10 Date:2020-09-08 CWD:/sandbox/users/mguillout/externalshares/Application/pipeline/APHP Capture:{ name : captureName , description : exome capture 1 , path : /sandbox/users/mguillout/pipeline/REFERENCES/Broad.human.exome.b37.bed}' 		-R '@RG\tID:Sample10\tLB:Sample10\tSM:Sample10\tPL:Illumina\tCN:CENTER' 		/sandbox/users/mguillout/pipeline/REFERENCES/human_g1k_v37.fasta /sandbox/users/mguillout/fastQ-APHP/P10-BL_S10_L001_R1_001.fastq.gz /sandbox/users/mguillout/fastQ-APHP/P10-BL_S10_L001_R2_001.fastq.gz > Samples/Sample10/BAM/Sample10.p1.sam
Submitted job 110 with external jobid 'Your job 4141729 ("snakejob.align.110.sh") has been submitted'.

[Tue Sep  8 14:01:05 2020]
rule align:
    input: /sandbox/users/mguillout/pipeline/REFERENCES/human_g1k_v37.fasta, /sandbox/users/mguillout/fastQ-APHP/P01-AW_S1_L001_R1_001.fastq.gz, /sandbox/users/mguillout/fastQ-APHP/P01-AW_S1_L001_R2_001.fastq.gz, /sandbox/users/mguillout/pipeline/REFERENCES/human_g1k_v37.fasta.bwt
    output: Samples/Sample1/BAM/Sample1.p1.sam
    jobid: 112
    reason: Missing output files: Samples/Sample1/BAM/Sample1.p1.sam
    wildcards: sample=Sample1, pairID=p1

bwa mem -t 1 -M 		-H '@CO\tProject:pipelineTest Sample:Sample1 Date:2020-09-08 CWD:/sandbox/users/mguillout/externalshares/Application/pipeline/APHP Capture:{ name : captureName , description : exome capture 1 , path : /sandbox/users/mguillout/pipeline/REFERENCES/Broad.human.exome.b37.bed}' 		-R '@RG\tID:Sample1\tLB:Sample1\tSM:Sample1\tPL:Illumina\tCN:CENTER' 		/sandbox/users/mguillout/pipeline/REFERENCES/human_g1k_v37.fasta /sandbox/users/mguillout/fastQ-APHP/P01-AW_S1_L001_R1_001.fastq.gz /sandbox/users/mguillout/fastQ-APHP/P01-AW_S1_L001_R2_001.fastq.gz > Samples/Sample1/BAM/Sample1.p1.sam
Submitted job 112 with external jobid 'Your job 4141730 ("snakejob.align.112.sh") has been submitted'.

[Tue Sep  8 14:01:05 2020]
rule align:
    input: /sandbox/users/mguillout/pipeline/REFERENCES/human_g1k_v37.fasta, /sandbox/users/mguillout/fastQ-APHP/P29-HC_S29_L001_R1_001.fastq.gz, /sandbox/users/mguillout/fastQ-APHP/P29-HC_S29_L001_R2_001.fastq.gz, /sandbox/users/mguillout/pipeline/REFERENCES/human_g1k_v37.fasta.bwt
    output: Samples/Sample29/BAM/Sample29.p1.sam
    jobid: 111
    reason: Missing output files: Samples/Sample29/BAM/Sample29.p1.sam
    wildcards: sample=Sample29, pairID=p1

bwa mem -t 1 -M 		-H '@CO\tProject:pipelineTest Sample:Sample29 Date:2020-09-08 CWD:/sandbox/users/mguillout/externalshares/Application/pipeline/APHP Capture:{ name : captureName , description : exome capture 1 , path : /sandbox/users/mguillout/pipeline/REFERENCES/Broad.human.exome.b37.bed}' 		-R '@RG\tID:Sample29\tLB:Sample29\tSM:Sample29\tPL:Illumina\tCN:CENTER' 		/sandbox/users/mguillout/pipeline/REFERENCES/human_g1k_v37.fasta /sandbox/users/mguillout/fastQ-APHP/P29-HC_S29_L001_R1_001.fastq.gz /sandbox/users/mguillout/fastQ-APHP/P29-HC_S29_L001_R2_001.fastq.gz > Samples/Sample29/BAM/Sample29.p1.sam
Submitted job 111 with external jobid 'Your job 4141731 ("snakejob.align.111.sh") has been submitted'.

[Tue Sep  8 14:01:05 2020]
rule align:
    input: /sandbox/users/mguillout/pipeline/REFERENCES/human_g1k_v37.fasta, /sandbox/users/mguillout/fastQ-APHP/P32-ISH_S32_L001_R1_001.fastq.gz, /sandbox/users/mguillout/fastQ-APHP/P32-ISH_S32_L001_R2_001.fastq.gz, /sandbox/users/mguillout/pipeline/REFERENCES/human_g1k_v37.fasta.bwt
    output: Samples/Sample32/BAM/Sample32.p1.sam
    jobid: 113
    reason: Missing output files: Samples/Sample32/BAM/Sample32.p1.sam
    wildcards: sample=Sample32, pairID=p1

bwa mem -t 1 -M 		-H '@CO\tProject:pipelineTest Sample:Sample32 Date:2020-09-08 CWD:/sandbox/users/mguillout/externalshares/Application/pipeline/APHP Capture:{ name : captureName , description : exome capture 1 , path : /sandbox/users/mguillout/pipeline/REFERENCES/Broad.human.exome.b37.bed}' 		-R '@RG\tID:Sample32\tLB:Sample32\tSM:Sample32\tPL:Illumina\tCN:CENTER' 		/sandbox/users/mguillout/pipeline/REFERENCES/human_g1k_v37.fasta /sandbox/users/mguillout/fastQ-APHP/P32-ISH_S32_L001_R1_001.fastq.gz /sandbox/users/mguillout/fastQ-APHP/P32-ISH_S32_L001_R2_001.fastq.gz > Samples/Sample32/BAM/Sample32.p1.sam
Submitted job 113 with external jobid 'Your job 4141732 ("snakejob.align.113.sh") has been submitted'.

[Tue Sep  8 14:01:05 2020]
rule downloadGATK:
    output: gatkPresent.txt
    jobid: 49
    reason: Missing output files: gatkPresent.txt

Submitted job 49 with external jobid 'Your job 4141733 ("snakejob.downloadGATK.49.sh") has been submitted'.

[Tue Sep  8 14:01:05 2020]
rule align:
    input: /sandbox/users/mguillout/pipeline/REFERENCES/human_g1k_v37.fasta, /sandbox/users/mguillout/fastQ-APHP/P33-KMKN_S33_L001_R1_001.fastq.gz, /sandbox/users/mguillout/fastQ-APHP/P33-KMKN_S33_L001_R2_001.fastq.gz, /sandbox/users/mguillout/pipeline/REFERENCES/human_g1k_v37.fasta.bwt
    output: Samples/Sample33/BAM/Sample33.p1.sam
    jobid: 114
    reason: Missing output files: Samples/Sample33/BAM/Sample33.p1.sam
    wildcards: sample=Sample33, pairID=p1

bwa mem -t 1 -M 		-H '@CO\tProject:pipelineTest Sample:Sample33 Date:2020-09-08 CWD:/sandbox/users/mguillout/externalshares/Application/pipeline/APHP Capture:{ name : captureName , description : exome capture 1 , path : /sandbox/users/mguillout/pipeline/REFERENCES/Broad.human.exome.b37.bed}' 		-R '@RG\tID:Sample33\tLB:Sample33\tSM:Sample33\tPL:Illumina\tCN:CENTER' 		/sandbox/users/mguillout/pipeline/REFERENCES/human_g1k_v37.fasta /sandbox/users/mguillout/fastQ-APHP/P33-KMKN_S33_L001_R1_001.fastq.gz /sandbox/users/mguillout/fastQ-APHP/P33-KMKN_S33_L001_R2_001.fastq.gz > Samples/Sample33/BAM/Sample33.p1.sam
Submitted job 114 with external jobid 'Your job 4141734 ("snakejob.align.114.sh") has been submitted'.
[Tue Sep  8 14:01:24 2020]
Finished job 49.
1 of 99 steps (1%) done
[Tue Sep  8 14:03:45 2020]
Finished job 111.
2 of 99 steps (2%) done

[Tue Sep  8 14:03:45 2020]
rule sort:
    input: /sandbox/users/mguillout/pipeline/REFERENCES/human_g1k_v37.fasta, Samples/Sample29/BAM/Sample29.p1.sam, /sandbox/users/mguillout/pipeline/REFERENCES/human_g1k_v37.fasta.fai
    output: Samples/Sample29/BAM/Sample29.p1.sorted.bam
    jobid: 104
    reason: Missing output files: Samples/Sample29/BAM/Sample29.p1.sorted.bam; Input files updated by another job: Samples/Sample29/BAM/Sample29.p1.sam
    wildcards: sample=Sample29, pairID=p1

samtools sort --reference /sandbox/users/mguillout/pipeline/REFERENCES/human_g1k_v37.fasta -l 9 -@ 1 -O bam -o Samples/Sample29/BAM/Sample29.p1.sorted.bam -T Samples/Sample29/BAM/Sample29.p1.sorted.bam.tmp Samples/Sample29/BAM/Sample29.p1.sam
Submitted job 104 with external jobid 'Your job 4141737 ("snakejob.sort.104.sh") has been submitted'.
Removing temporary output file Samples/Sample29/BAM/Sample29.p1.sam.
[Tue Sep  8 14:04:25 2020]
Finished job 104.
3 of 99 steps (3%) done

[Tue Sep  8 14:04:25 2020]
rule merge:
    input: Samples/Sample29/BAM/Sample29.p1.sorted.bam
    output: Samples/Sample29/BAM/Sample29.merged.bam, Samples/Sample29/BAM/Sample29.merged.bai
    jobid: 98
    reason: Missing output files: Samples/Sample29/BAM/Sample29.merged.bai, Samples/Sample29/BAM/Sample29.merged.bam; Input files updated by another job: Samples/Sample29/BAM/Sample29.p1.sorted.bam
    wildcards: sample=Sample29

Submitted job 98 with external jobid 'Your job 4141739 ("snakejob.merge.98.sh") has been submitted'.
[Tue Sep  8 14:04:35 2020]
Finished job 112.
4 of 99 steps (4%) done

[Tue Sep  8 14:04:35 2020]
rule sort:
    input: /sandbox/users/mguillout/pipeline/REFERENCES/human_g1k_v37.fasta, Samples/Sample1/BAM/Sample1.p1.sam, /sandbox/users/mguillout/pipeline/REFERENCES/human_g1k_v37.fasta.fai
    output: Samples/Sample1/BAM/Sample1.p1.sorted.bam
    jobid: 105
    reason: Missing output files: Samples/Sample1/BAM/Sample1.p1.sorted.bam; Input files updated by another job: Samples/Sample1/BAM/Sample1.p1.sam
    wildcards: sample=Sample1, pairID=p1

samtools sort --reference /sandbox/users/mguillout/pipeline/REFERENCES/human_g1k_v37.fasta -l 9 -@ 1 -O bam -o Samples/Sample1/BAM/Sample1.p1.sorted.bam -T Samples/Sample1/BAM/Sample1.p1.sorted.bam.tmp Samples/Sample1/BAM/Sample1.p1.sam
Submitted job 105 with external jobid 'Your job 4141740 ("snakejob.sort.105.sh") has been submitted'.
[Tue Sep  8 14:04:45 2020]
Finished job 110.
5 of 99 steps (5%) done

[Tue Sep  8 14:04:45 2020]
rule sort:
    input: /sandbox/users/mguillout/pipeline/REFERENCES/human_g1k_v37.fasta, Samples/Sample10/BAM/Sample10.p1.sam, /sandbox/users/mguillout/pipeline/REFERENCES/human_g1k_v37.fasta.fai
    output: Samples/Sample10/BAM/Sample10.p1.sorted.bam
    jobid: 103
    reason: Missing output files: Samples/Sample10/BAM/Sample10.p1.sorted.bam; Input files updated by another job: Samples/Sample10/BAM/Sample10.p1.sam
    wildcards: sample=Sample10, pairID=p1

samtools sort --reference /sandbox/users/mguillout/pipeline/REFERENCES/human_g1k_v37.fasta -l 9 -@ 1 -O bam -o Samples/Sample10/BAM/Sample10.p1.sorted.bam -T Samples/Sample10/BAM/Sample10.p1.sorted.bam.tmp Samples/Sample10/BAM/Sample10.p1.sam
Submitted job 103 with external jobid 'Your job 4141741 ("snakejob.sort.103.sh") has been submitted'.
[Tue Sep  8 14:04:55 2020]
Finished job 113.
6 of 99 steps (6%) done

[Tue Sep  8 14:04:55 2020]
rule sort:
    input: /sandbox/users/mguillout/pipeline/REFERENCES/human_g1k_v37.fasta, Samples/Sample32/BAM/Sample32.p1.sam, /sandbox/users/mguillout/pipeline/REFERENCES/human_g1k_v37.fasta.fai
    output: Samples/Sample32/BAM/Sample32.p1.sorted.bam
    jobid: 106
    reason: Missing output files: Samples/Sample32/BAM/Sample32.p1.sorted.bam; Input files updated by another job: Samples/Sample32/BAM/Sample32.p1.sam
    wildcards: sample=Sample32, pairID=p1

samtools sort --reference /sandbox/users/mguillout/pipeline/REFERENCES/human_g1k_v37.fasta -l 9 -@ 1 -O bam -o Samples/Sample32/BAM/Sample32.p1.sorted.bam -T Samples/Sample32/BAM/Sample32.p1.sorted.bam.tmp Samples/Sample32/BAM/Sample32.p1.sam
Submitted job 106 with external jobid 'Your job 4141742 ("snakejob.sort.106.sh") has been submitted'.
Removing temporary output file Samples/Sample1/BAM/Sample1.p1.sam.
[Tue Sep  8 14:05:15 2020]
Finished job 105.
7 of 99 steps (7%) done

[Tue Sep  8 14:05:15 2020]
rule merge:
    input: Samples/Sample1/BAM/Sample1.p1.sorted.bam
    output: Samples/Sample1/BAM/Sample1.merged.bam, Samples/Sample1/BAM/Sample1.merged.bai
    jobid: 99
    reason: Missing output files: Samples/Sample1/BAM/Sample1.merged.bai, Samples/Sample1/BAM/Sample1.merged.bam; Input files updated by another job: Samples/Sample1/BAM/Sample1.p1.sorted.bam
    wildcards: sample=Sample1

Submitted job 99 with external jobid 'Your job 4141743 ("snakejob.merge.99.sh") has been submitted'.
Removing temporary output file Samples/Sample10/BAM/Sample10.p1.sam.
[Tue Sep  8 14:05:35 2020]
Finished job 103.
8 of 99 steps (8%) done

[Tue Sep  8 14:05:35 2020]
rule merge:
    input: Samples/Sample10/BAM/Sample10.p1.sorted.bam
    output: Samples/Sample10/BAM/Sample10.merged.bam, Samples/Sample10/BAM/Sample10.merged.bai
    jobid: 97
    reason: Missing output files: Samples/Sample10/BAM/Sample10.merged.bam, Samples/Sample10/BAM/Sample10.merged.bai; Input files updated by another job: Samples/Sample10/BAM/Sample10.p1.sorted.bam
    wildcards: sample=Sample10

Submitted job 97 with external jobid 'Your job 4141745 ("snakejob.merge.97.sh") has been submitted'.
Removing temporary output file Samples/Sample29/BAM/Sample29.p1.sorted.bam.
[Tue Sep  8 14:05:45 2020]
Finished job 98.
9 of 99 steps (9%) done

[Tue Sep  8 14:05:45 2020]
rule markDuplicates:
    input: Samples/Sample29/BAM/Sample29.merged.bam, Samples/Sample29/BAM/Sample29.merged.bai
    output: Samples/Sample29/BAM/Sample29.markdup.bam, Samples/Sample29/BAM/Sample29.markdup.bai, Samples/Sample29/QC/Sample29.markdup.metrics
    jobid: 88
    reason: Missing output files: Samples/Sample29/BAM/Sample29.markdup.bam, Samples/Sample29/BAM/Sample29.markdup.bai; Input files updated by another job: Samples/Sample29/BAM/Sample29.merged.bai, Samples/Sample29/BAM/Sample29.merged.bam
    wildcards: sample=Sample29

picard MarkDuplicates -Xmx5g TMP_DIR=Samples/Sample29/BAM MAX_RECORDS_IN_RAM=1000000 COMPRESSION_LEVEL=9 AS=true PG=PMD  VALIDATION_STRINGENCY=SILENT CREATE_INDEX=true O=Samples/Sample29/BAM/Sample29.markdup.bam I=Samples/Sample29/BAM/Sample29.merged.bam M=Samples/Sample29/QC/Sample29.markdup.metrics
Submitted job 88 with external jobid 'Your job 4141746 ("snakejob.markDuplicates.88.sh") has been submitted'.
Removing temporary output file Samples/Sample1/BAM/Sample1.p1.sorted.bam.
[Tue Sep  8 14:06:35 2020]
Finished job 99.
10 of 99 steps (10%) done

[Tue Sep  8 14:06:35 2020]
rule markDuplicates:
    input: Samples/Sample1/BAM/Sample1.merged.bam, Samples/Sample1/BAM/Sample1.merged.bai
    output: Samples/Sample1/BAM/Sample1.markdup.bam, Samples/Sample1/BAM/Sample1.markdup.bai, Samples/Sample1/QC/Sample1.markdup.metrics
    jobid: 90
    reason: Missing output files: Samples/Sample1/BAM/Sample1.markdup.bam, Samples/Sample1/BAM/Sample1.markdup.bai; Input files updated by another job: Samples/Sample1/BAM/Sample1.merged.bai, Samples/Sample1/BAM/Sample1.merged.bam
    wildcards: sample=Sample1

picard MarkDuplicates -Xmx5g TMP_DIR=Samples/Sample1/BAM MAX_RECORDS_IN_RAM=1000000 COMPRESSION_LEVEL=9 AS=true PG=PMD  VALIDATION_STRINGENCY=SILENT CREATE_INDEX=true O=Samples/Sample1/BAM/Sample1.markdup.bam I=Samples/Sample1/BAM/Sample1.merged.bam M=Samples/Sample1/QC/Sample1.markdup.metrics
Submitted job 90 with external jobid 'Your job 4141748 ("snakejob.markDuplicates.90.sh") has been submitted'.
Removing temporary output file Samples/Sample10/BAM/Sample10.p1.sorted.bam.
[Tue Sep  8 14:06:45 2020]
Finished job 97.
11 of 99 steps (11%) done

[Tue Sep  8 14:06:45 2020]
rule markDuplicates:
    input: Samples/Sample10/BAM/Sample10.merged.bam, Samples/Sample10/BAM/Sample10.merged.bai
    output: Samples/Sample10/BAM/Sample10.markdup.bam, Samples/Sample10/BAM/Sample10.markdup.bai, Samples/Sample10/QC/Sample10.markdup.metrics
    jobid: 86
    reason: Missing output files: Samples/Sample10/BAM/Sample10.markdup.bam, Samples/Sample10/BAM/Sample10.markdup.bai; Input files updated by another job: Samples/Sample10/BAM/Sample10.merged.bam, Samples/Sample10/BAM/Sample10.merged.bai
    wildcards: sample=Sample10

picard MarkDuplicates -Xmx5g TMP_DIR=Samples/Sample10/BAM MAX_RECORDS_IN_RAM=1000000 COMPRESSION_LEVEL=9 AS=true PG=PMD  VALIDATION_STRINGENCY=SILENT CREATE_INDEX=true O=Samples/Sample10/BAM/Sample10.markdup.bam I=Samples/Sample10/BAM/Sample10.merged.bam M=Samples/Sample10/QC/Sample10.markdup.metrics
Submitted job 86 with external jobid 'Your job 4141749 ("snakejob.markDuplicates.86.sh") has been submitted'.
Removing temporary output file Samples/Sample32/BAM/Sample32.p1.sam.
[Tue Sep  8 14:07:15 2020]
Finished job 106.
12 of 99 steps (12%) done

[Tue Sep  8 14:07:15 2020]
rule merge:
    input: Samples/Sample32/BAM/Sample32.p1.sorted.bam
    output: Samples/Sample32/BAM/Sample32.merged.bam, Samples/Sample32/BAM/Sample32.merged.bai
    jobid: 100
    reason: Missing output files: Samples/Sample32/BAM/Sample32.merged.bam, Samples/Sample32/BAM/Sample32.merged.bai; Input files updated by another job: Samples/Sample32/BAM/Sample32.p1.sorted.bam
    wildcards: sample=Sample32

Submitted job 100 with external jobid 'Your job 4141750 ("snakejob.merge.100.sh") has been submitted'.
Removing temporary output file Samples/Sample29/BAM/Sample29.merged.bai.
Removing temporary output file Samples/Sample29/BAM/Sample29.merged.bam.
[Tue Sep  8 14:07:25 2020]
Finished job 88.
13 of 99 steps (13%) done

[Tue Sep  8 14:07:25 2020]
rule realignTargetCreator:
    input: Samples/Sample29/BAM/Sample29.markdup.bam, Samples/Sample29/BAM/Sample29.markdup.bai, BED/capture.extended1000.bed, /sandbox/users/mguillout/pipeline/REFERENCES/human_g1k_v37.fasta, /sandbox/users/mguillout/pipeline/REFERENCES/1000G_phase1.indels.b37.vcf.gz, /sandbox/users/mguillout/pipeline/REFERENCES/Mills_and_1000G_gold_standard.indels.b37.vcf.gz, /sandbox/users/mguillout/pipeline/REFERENCES/human_g1k_v37.dict, gatkPresent.txt
    output: Samples/Sample29/BAM/Sample29.realign.intervals
    jobid: 87
    reason: Missing output files: Samples/Sample29/BAM/Sample29.realign.intervals; Input files updated by another job: gatkPresent.txt, Samples/Sample29/BAM/Sample29.markdup.bam, Samples/Sample29/BAM/Sample29.markdup.bai
    wildcards: sample=Sample29
    threads: 8

gatk -Djava.io.tmpdir=Samples/Sample29/BAM -Xmx5g -T RealignerTargetCreator 		-nt 8 		-R /sandbox/users/mguillout/pipeline/REFERENCES/human_g1k_v37.fasta 		-L:capture,BED BED/capture.extended1000.bed 		-I Samples/Sample29/BAM/Sample29.markdup.bam 		-o Samples/Sample29/BAM/Sample29.realign.intervals 		--known:onekindels,VCF /sandbox/users/mguillout/pipeline/REFERENCES/1000G_phase1.indels.b37.vcf.gz 		--known:millsindels,VCF /sandbox/users/mguillout/pipeline/REFERENCES/Mills_and_1000G_gold_standard.indels.b37.vcf.gz 		-S SILENT
Submitted job 87 with external jobid 'Your job 4141751 ("snakejob.realignTargetCreator.87.sh") has been submitted'.
Removing temporary output file Samples/Sample1/BAM/Sample1.merged.bai.
Removing temporary output file Samples/Sample1/BAM/Sample1.merged.bam.
[Tue Sep  8 14:08:05 2020]
Finished job 90.
14 of 99 steps (14%) done

[Tue Sep  8 14:08:05 2020]
rule realignTargetCreator:
    input: Samples/Sample1/BAM/Sample1.markdup.bam, Samples/Sample1/BAM/Sample1.markdup.bai, BED/capture.extended1000.bed, /sandbox/users/mguillout/pipeline/REFERENCES/human_g1k_v37.fasta, /sandbox/users/mguillout/pipeline/REFERENCES/1000G_phase1.indels.b37.vcf.gz, /sandbox/users/mguillout/pipeline/REFERENCES/Mills_and_1000G_gold_standard.indels.b37.vcf.gz, /sandbox/users/mguillout/pipeline/REFERENCES/human_g1k_v37.dict, gatkPresent.txt
    output: Samples/Sample1/BAM/Sample1.realign.intervals
    jobid: 89
    reason: Missing output files: Samples/Sample1/BAM/Sample1.realign.intervals; Input files updated by another job: gatkPresent.txt, Samples/Sample1/BAM/Sample1.markdup.bam, Samples/Sample1/BAM/Sample1.markdup.bai
    wildcards: sample=Sample1
    threads: 8

gatk -Djava.io.tmpdir=Samples/Sample1/BAM -Xmx5g -T RealignerTargetCreator 		-nt 8 		-R /sandbox/users/mguillout/pipeline/REFERENCES/human_g1k_v37.fasta 		-L:capture,BED BED/capture.extended1000.bed 		-I Samples/Sample1/BAM/Sample1.markdup.bam 		-o Samples/Sample1/BAM/Sample1.realign.intervals 		--known:onekindels,VCF /sandbox/users/mguillout/pipeline/REFERENCES/1000G_phase1.indels.b37.vcf.gz 		--known:millsindels,VCF /sandbox/users/mguillout/pipeline/REFERENCES/Mills_and_1000G_gold_standard.indels.b37.vcf.gz 		-S SILENT
Submitted job 89 with external jobid 'Your job 4141752 ("snakejob.realignTargetCreator.89.sh") has been submitted'.
Removing temporary output file Samples/Sample10/BAM/Sample10.merged.bam.
Removing temporary output file Samples/Sample10/BAM/Sample10.merged.bai.
[Tue Sep  8 14:08:15 2020]
Finished job 86.
15 of 99 steps (15%) done

[Tue Sep  8 14:08:15 2020]
rule realignTargetCreator:
    input: Samples/Sample10/BAM/Sample10.markdup.bam, Samples/Sample10/BAM/Sample10.markdup.bai, BED/capture.extended1000.bed, /sandbox/users/mguillout/pipeline/REFERENCES/human_g1k_v37.fasta, /sandbox/users/mguillout/pipeline/REFERENCES/1000G_phase1.indels.b37.vcf.gz, /sandbox/users/mguillout/pipeline/REFERENCES/Mills_and_1000G_gold_standard.indels.b37.vcf.gz, /sandbox/users/mguillout/pipeline/REFERENCES/human_g1k_v37.dict, gatkPresent.txt
    output: Samples/Sample10/BAM/Sample10.realign.intervals
    jobid: 85
    reason: Missing output files: Samples/Sample10/BAM/Sample10.realign.intervals; Input files updated by another job: gatkPresent.txt, Samples/Sample10/BAM/Sample10.markdup.bam, Samples/Sample10/BAM/Sample10.markdup.bai
    wildcards: sample=Sample10
    threads: 8

gatk -Djava.io.tmpdir=Samples/Sample10/BAM -Xmx5g -T RealignerTargetCreator 		-nt 8 		-R /sandbox/users/mguillout/pipeline/REFERENCES/human_g1k_v37.fasta 		-L:capture,BED BED/capture.extended1000.bed 		-I Samples/Sample10/BAM/Sample10.markdup.bam 		-o Samples/Sample10/BAM/Sample10.realign.intervals 		--known:onekindels,VCF /sandbox/users/mguillout/pipeline/REFERENCES/1000G_phase1.indels.b37.vcf.gz 		--known:millsindels,VCF /sandbox/users/mguillout/pipeline/REFERENCES/Mills_and_1000G_gold_standard.indels.b37.vcf.gz 		-S SILENT
Submitted job 85 with external jobid 'Your job 4141753 ("snakejob.realignTargetCreator.85.sh") has been submitted'.
[Tue Sep  8 14:08:25 2020]
Finished job 114.
16 of 99 steps (16%) done

[Tue Sep  8 14:08:25 2020]
rule sort:
    input: /sandbox/users/mguillout/pipeline/REFERENCES/human_g1k_v37.fasta, Samples/Sample33/BAM/Sample33.p1.sam, /sandbox/users/mguillout/pipeline/REFERENCES/human_g1k_v37.fasta.fai
    output: Samples/Sample33/BAM/Sample33.p1.sorted.bam
    jobid: 107
    reason: Missing output files: Samples/Sample33/BAM/Sample33.p1.sorted.bam; Input files updated by another job: Samples/Sample33/BAM/Sample33.p1.sam
    wildcards: sample=Sample33, pairID=p1

samtools sort --reference /sandbox/users/mguillout/pipeline/REFERENCES/human_g1k_v37.fasta -l 9 -@ 1 -O bam -o Samples/Sample33/BAM/Sample33.p1.sorted.bam -T Samples/Sample33/BAM/Sample33.p1.sorted.bam.tmp Samples/Sample33/BAM/Sample33.p1.sam
Submitted job 107 with external jobid 'Your job 4141754 ("snakejob.sort.107.sh") has been submitted'.
[Tue Sep  8 14:08:55 2020]
Finished job 89.
17 of 99 steps (17%) done

[Tue Sep  8 14:08:55 2020]
rule indelRealign:
    input: Samples/Sample1/BAM/Sample1.realign.intervals, /sandbox/users/mguillout/pipeline/REFERENCES/human_g1k_v37.fasta, Samples/Sample1/BAM/Sample1.markdup.bam, Samples/Sample1/BAM/Sample1.markdup.bai, /sandbox/users/mguillout/pipeline/REFERENCES/1000G_phase1.indels.b37.vcf.gz, /sandbox/users/mguillout/pipeline/REFERENCES/Mills_and_1000G_gold_standard.indels.b37.vcf.gz, /sandbox/users/mguillout/pipeline/REFERENCES/human_g1k_v37.dict, gatkPresent.txt
    output: Samples/Sample1/BAM/Sample1.realign.bam, Samples/Sample1/BAM/Sample1.realign.bai
    jobid: 78
    reason: Missing output files: Samples/Sample1/BAM/Sample1.realign.bam, Samples/Sample1/BAM/Sample1.realign.bai; Input files updated by another job: gatkPresent.txt, Samples/Sample1/BAM/Sample1.markdup.bam, Samples/Sample1/BAM/Sample1.realign.intervals, Samples/Sample1/BAM/Sample1.markdup.bai
    wildcards: sample=Sample1

gatk -Djava.io.tmpdir=Samples/Sample1/BAM -XX:ParallelGCThreads=5 -Xmx2g -T IndelRealigner 		-R /sandbox/users/mguillout/pipeline/REFERENCES/human_g1k_v37.fasta 		--bam_compression 9 		-I Samples/Sample1/BAM/Sample1.markdup.bam 		-o Samples/Sample1/BAM/Sample1.realign.bam 		-targetIntervals Samples/Sample1/BAM/Sample1.realign.intervals 		-known:onekindels,VCF /sandbox/users/mguillout/pipeline/REFERENCES/1000G_phase1.indels.b37.vcf.gz 		-known:millsindels,VCF /sandbox/users/mguillout/pipeline/REFERENCES/Mills_and_1000G_gold_standard.indels.b37.vcf.gz 		-S SILENT
Submitted job 78 with external jobid 'Your job 4141755 ("snakejob.indelRealign.78.sh") has been submitted'.
[Tue Sep  8 14:09:15 2020]
Finished job 85.
18 of 99 steps (18%) done
Removing temporary output file Samples/Sample33/BAM/Sample33.p1.sam.
[Tue Sep  8 14:09:15 2020]
Finished job 107.
19 of 99 steps (19%) done

[Tue Sep  8 14:09:15 2020]
rule indelRealign:
    input: Samples/Sample10/BAM/Sample10.realign.intervals, /sandbox/users/mguillout/pipeline/REFERENCES/human_g1k_v37.fasta, Samples/Sample10/BAM/Sample10.markdup.bam, Samples/Sample10/BAM/Sample10.markdup.bai, /sandbox/users/mguillout/pipeline/REFERENCES/1000G_phase1.indels.b37.vcf.gz, /sandbox/users/mguillout/pipeline/REFERENCES/Mills_and_1000G_gold_standard.indels.b37.vcf.gz, /sandbox/users/mguillout/pipeline/REFERENCES/human_g1k_v37.dict, gatkPresent.txt
    output: Samples/Sample10/BAM/Sample10.realign.bam, Samples/Sample10/BAM/Sample10.realign.bai
    jobid: 72
    reason: Missing output files: Samples/Sample10/BAM/Sample10.realign.bam, Samples/Sample10/BAM/Sample10.realign.bai; Input files updated by another job: gatkPresent.txt, Samples/Sample10/BAM/Sample10.markdup.bam, Samples/Sample10/BAM/Sample10.realign.intervals, Samples/Sample10/BAM/Sample10.markdup.bai
    wildcards: sample=Sample10

gatk -Djava.io.tmpdir=Samples/Sample10/BAM -XX:ParallelGCThreads=5 -Xmx2g -T IndelRealigner 		-R /sandbox/users/mguillout/pipeline/REFERENCES/human_g1k_v37.fasta 		--bam_compression 9 		-I Samples/Sample10/BAM/Sample10.markdup.bam 		-o Samples/Sample10/BAM/Sample10.realign.bam 		-targetIntervals Samples/Sample10/BAM/Sample10.realign.intervals 		-known:onekindels,VCF /sandbox/users/mguillout/pipeline/REFERENCES/1000G_phase1.indels.b37.vcf.gz 		-known:millsindels,VCF /sandbox/users/mguillout/pipeline/REFERENCES/Mills_and_1000G_gold_standard.indels.b37.vcf.gz 		-S SILENT
Submitted job 72 with external jobid 'Your job 4141758 ("snakejob.indelRealign.72.sh") has been submitted'.

[Tue Sep  8 14:09:15 2020]
rule merge:
    input: Samples/Sample33/BAM/Sample33.p1.sorted.bam
    output: Samples/Sample33/BAM/Sample33.merged.bam, Samples/Sample33/BAM/Sample33.merged.bai
    jobid: 101
    reason: Missing output files: Samples/Sample33/BAM/Sample33.merged.bai, Samples/Sample33/BAM/Sample33.merged.bam; Input files updated by another job: Samples/Sample33/BAM/Sample33.p1.sorted.bam
    wildcards: sample=Sample33

Submitted job 101 with external jobid 'Your job 4141759 ("snakejob.merge.101.sh") has been submitted'.
[Tue Sep  8 14:09:45 2020]
Finished job 87.
20 of 99 steps (20%) done

[Tue Sep  8 14:09:45 2020]
rule indelRealign:
    input: Samples/Sample29/BAM/Sample29.realign.intervals, /sandbox/users/mguillout/pipeline/REFERENCES/human_g1k_v37.fasta, Samples/Sample29/BAM/Sample29.markdup.bam, Samples/Sample29/BAM/Sample29.markdup.bai, /sandbox/users/mguillout/pipeline/REFERENCES/1000G_phase1.indels.b37.vcf.gz, /sandbox/users/mguillout/pipeline/REFERENCES/Mills_and_1000G_gold_standard.indels.b37.vcf.gz, /sandbox/users/mguillout/pipeline/REFERENCES/human_g1k_v37.dict, gatkPresent.txt
    output: Samples/Sample29/BAM/Sample29.realign.bam, Samples/Sample29/BAM/Sample29.realign.bai
    jobid: 76
    reason: Missing output files: Samples/Sample29/BAM/Sample29.realign.bam, Samples/Sample29/BAM/Sample29.realign.bai; Input files updated by another job: Samples/Sample29/BAM/Sample29.realign.intervals, gatkPresent.txt, Samples/Sample29/BAM/Sample29.markdup.bam, Samples/Sample29/BAM/Sample29.markdup.bai
    wildcards: sample=Sample29

gatk -Djava.io.tmpdir=Samples/Sample29/BAM -XX:ParallelGCThreads=5 -Xmx2g -T IndelRealigner 		-R /sandbox/users/mguillout/pipeline/REFERENCES/human_g1k_v37.fasta 		--bam_compression 9 		-I Samples/Sample29/BAM/Sample29.markdup.bam 		-o Samples/Sample29/BAM/Sample29.realign.bam 		-targetIntervals Samples/Sample29/BAM/Sample29.realign.intervals 		-known:onekindels,VCF /sandbox/users/mguillout/pipeline/REFERENCES/1000G_phase1.indels.b37.vcf.gz 		-known:millsindels,VCF /sandbox/users/mguillout/pipeline/REFERENCES/Mills_and_1000G_gold_standard.indels.b37.vcf.gz 		-S SILENT
Submitted job 76 with external jobid 'Your job 4141760 ("snakejob.indelRealign.76.sh") has been submitted'.
Removing temporary output file Samples/Sample33/BAM/Sample33.p1.sorted.bam.
[Tue Sep  8 14:10:45 2020]
Finished job 101.
21 of 99 steps (21%) done

[Tue Sep  8 14:10:45 2020]
rule markDuplicates:
    input: Samples/Sample33/BAM/Sample33.merged.bam, Samples/Sample33/BAM/Sample33.merged.bai
    output: Samples/Sample33/BAM/Sample33.markdup.bam, Samples/Sample33/BAM/Sample33.markdup.bai, Samples/Sample33/QC/Sample33.markdup.metrics
    jobid: 94
    reason: Missing output files: Samples/Sample33/BAM/Sample33.markdup.bai, Samples/Sample33/BAM/Sample33.markdup.bam; Input files updated by another job: Samples/Sample33/BAM/Sample33.merged.bai, Samples/Sample33/BAM/Sample33.merged.bam
    wildcards: sample=Sample33

picard MarkDuplicates -Xmx5g TMP_DIR=Samples/Sample33/BAM MAX_RECORDS_IN_RAM=1000000 COMPRESSION_LEVEL=9 AS=true PG=PMD  VALIDATION_STRINGENCY=SILENT CREATE_INDEX=true O=Samples/Sample33/BAM/Sample33.markdup.bam I=Samples/Sample33/BAM/Sample33.merged.bam M=Samples/Sample33/QC/Sample33.markdup.metrics
Submitted job 94 with external jobid 'Your job 4141762 ("snakejob.markDuplicates.94.sh") has been submitted'.
Removing temporary output file Samples/Sample32/BAM/Sample32.p1.sorted.bam.
[Tue Sep  8 14:11:56 2020]
Finished job 100.
22 of 99 steps (22%) done

[Tue Sep  8 14:11:56 2020]
rule markDuplicates:
    input: Samples/Sample32/BAM/Sample32.merged.bam, Samples/Sample32/BAM/Sample32.merged.bai
    output: Samples/Sample32/BAM/Sample32.markdup.bam, Samples/Sample32/BAM/Sample32.markdup.bai, Samples/Sample32/QC/Sample32.markdup.metrics
    jobid: 92
    reason: Missing output files: Samples/Sample32/BAM/Sample32.markdup.bai, Samples/Sample32/BAM/Sample32.markdup.bam; Input files updated by another job: Samples/Sample32/BAM/Sample32.merged.bam, Samples/Sample32/BAM/Sample32.merged.bai
    wildcards: sample=Sample32

picard MarkDuplicates -Xmx5g TMP_DIR=Samples/Sample32/BAM MAX_RECORDS_IN_RAM=1000000 COMPRESSION_LEVEL=9 AS=true PG=PMD  VALIDATION_STRINGENCY=SILENT CREATE_INDEX=true O=Samples/Sample32/BAM/Sample32.markdup.bam I=Samples/Sample32/BAM/Sample32.merged.bam M=Samples/Sample32/QC/Sample32.markdup.metrics
Submitted job 92 with external jobid 'Your job 4141765 ("snakejob.markDuplicates.92.sh") has been submitted'.
Removing temporary output file Samples/Sample33/BAM/Sample33.merged.bai.
Removing temporary output file Samples/Sample33/BAM/Sample33.merged.bam.
[Tue Sep  8 14:12:26 2020]
Finished job 94.
23 of 99 steps (23%) done

[Tue Sep  8 14:12:26 2020]
rule realignTargetCreator:
    input: Samples/Sample33/BAM/Sample33.markdup.bam, Samples/Sample33/BAM/Sample33.markdup.bai, BED/capture.extended1000.bed, /sandbox/users/mguillout/pipeline/REFERENCES/human_g1k_v37.fasta, /sandbox/users/mguillout/pipeline/REFERENCES/1000G_phase1.indels.b37.vcf.gz, /sandbox/users/mguillout/pipeline/REFERENCES/Mills_and_1000G_gold_standard.indels.b37.vcf.gz, /sandbox/users/mguillout/pipeline/REFERENCES/human_g1k_v37.dict, gatkPresent.txt
    output: Samples/Sample33/BAM/Sample33.realign.intervals
    jobid: 93
    reason: Missing output files: Samples/Sample33/BAM/Sample33.realign.intervals; Input files updated by another job: Samples/Sample33/BAM/Sample33.markdup.bai, gatkPresent.txt, Samples/Sample33/BAM/Sample33.markdup.bam
    wildcards: sample=Sample33
    threads: 8

gatk -Djava.io.tmpdir=Samples/Sample33/BAM -Xmx5g -T RealignerTargetCreator 		-nt 8 		-R /sandbox/users/mguillout/pipeline/REFERENCES/human_g1k_v37.fasta 		-L:capture,BED BED/capture.extended1000.bed 		-I Samples/Sample33/BAM/Sample33.markdup.bam 		-o Samples/Sample33/BAM/Sample33.realign.intervals 		--known:onekindels,VCF /sandbox/users/mguillout/pipeline/REFERENCES/1000G_phase1.indels.b37.vcf.gz 		--known:millsindels,VCF /sandbox/users/mguillout/pipeline/REFERENCES/Mills_and_1000G_gold_standard.indels.b37.vcf.gz 		-S SILENT
Submitted job 93 with external jobid 'Your job 4141767 ("snakejob.realignTargetCreator.93.sh") has been submitted'.
[Tue Sep  8 14:13:46 2020]
Finished job 93.
24 of 99 steps (24%) done

[Tue Sep  8 14:13:46 2020]
rule indelRealign:
    input: Samples/Sample33/BAM/Sample33.realign.intervals, /sandbox/users/mguillout/pipeline/REFERENCES/human_g1k_v37.fasta, Samples/Sample33/BAM/Sample33.markdup.bam, Samples/Sample33/BAM/Sample33.markdup.bai, /sandbox/users/mguillout/pipeline/REFERENCES/1000G_phase1.indels.b37.vcf.gz, /sandbox/users/mguillout/pipeline/REFERENCES/Mills_and_1000G_gold_standard.indels.b37.vcf.gz, /sandbox/users/mguillout/pipeline/REFERENCES/human_g1k_v37.dict, gatkPresent.txt
    output: Samples/Sample33/BAM/Sample33.realign.bam, Samples/Sample33/BAM/Sample33.realign.bai
    jobid: 82
    reason: Missing output files: Samples/Sample33/BAM/Sample33.realign.bai, Samples/Sample33/BAM/Sample33.realign.bam; Input files updated by another job: Samples/Sample33/BAM/Sample33.markdup.bai, gatkPresent.txt, Samples/Sample33/BAM/Sample33.realign.intervals, Samples/Sample33/BAM/Sample33.markdup.bam
    wildcards: sample=Sample33

gatk -Djava.io.tmpdir=Samples/Sample33/BAM -XX:ParallelGCThreads=5 -Xmx2g -T IndelRealigner 		-R /sandbox/users/mguillout/pipeline/REFERENCES/human_g1k_v37.fasta 		--bam_compression 9 		-I Samples/Sample33/BAM/Sample33.markdup.bam 		-o Samples/Sample33/BAM/Sample33.realign.bam 		-targetIntervals Samples/Sample33/BAM/Sample33.realign.intervals 		-known:onekindels,VCF /sandbox/users/mguillout/pipeline/REFERENCES/1000G_phase1.indels.b37.vcf.gz 		-known:millsindels,VCF /sandbox/users/mguillout/pipeline/REFERENCES/Mills_and_1000G_gold_standard.indels.b37.vcf.gz 		-S SILENT
Submitted job 82 with external jobid 'Your job 4141768 ("snakejob.indelRealign.82.sh") has been submitted'.
Removing temporary output file Samples/Sample10/BAM/Sample10.realign.intervals.
Removing temporary output file Samples/Sample10/BAM/Sample10.markdup.bam.
Removing temporary output file Samples/Sample10/BAM/Sample10.markdup.bai.
[Tue Sep  8 14:14:56 2020]
Finished job 72.
25 of 99 steps (25%) done

[Tue Sep  8 14:14:56 2020]
rule createBaseRecalibrationTable:
    input: /sandbox/users/mguillout/pipeline/REFERENCES/human_g1k_v37.fasta, Samples/Sample10/BAM/Sample10.realign.bam, Samples/Sample10/BAM/Sample10.realign.bai, /sandbox/users/mguillout/pipeline/REFERENCES/dbsnp_138.b37.vcf.gz, BED/capture.extended1000.bed, /sandbox/users/mguillout/pipeline/REFERENCES/human_g1k_v37.dict, gatkPresent.txt
    output: Samples/Sample10/BAM/Sample10.recal.table
    jobid: 71
    reason: Missing output files: Samples/Sample10/BAM/Sample10.recal.table; Input files updated by another job: gatkPresent.txt, Samples/Sample10/BAM/Sample10.realign.bam, Samples/Sample10/BAM/Sample10.realign.bai
    wildcards: sample=Sample10
    threads: 8

gatk -Djava.io.tmpdir=Samples/Sample10/BAM -XX:ParallelGCThreads=5 -Xmx2g -T BaseRecalibrator 		-nct 8 		-R /sandbox/users/mguillout/pipeline/REFERENCES/human_g1k_v37.fasta 		--validation_strictness LENIENT 		-I Samples/Sample10/BAM/Sample10.realign.bam 		-l INFO 		-o Samples/Sample10/BAM/Sample10.recal.table 		-knownSites:dbsnp,VCF /sandbox/users/mguillout/pipeline/REFERENCES/dbsnp_138.b37.vcf.gz 		-L:capture,BED BED/capture.extended1000.bed 		-cov QualityScoreCovariate 		-cov CycleCovariate 		-cov ContextCovariate
Submitted job 71 with external jobid 'Your job 4141769 ("snakejob.createBaseRecalibrationTable.71.sh") has been submitted'.
Removing temporary output file Samples/Sample32/BAM/Sample32.merged.bam.
Removing temporary output file Samples/Sample32/BAM/Sample32.merged.bai.
[Tue Sep  8 14:17:16 2020]
Finished job 92.
26 of 99 steps (26%) done

[Tue Sep  8 14:17:16 2020]
rule realignTargetCreator:
    input: Samples/Sample32/BAM/Sample32.markdup.bam, Samples/Sample32/BAM/Sample32.markdup.bai, BED/capture.extended1000.bed, /sandbox/users/mguillout/pipeline/REFERENCES/human_g1k_v37.fasta, /sandbox/users/mguillout/pipeline/REFERENCES/1000G_phase1.indels.b37.vcf.gz, /sandbox/users/mguillout/pipeline/REFERENCES/Mills_and_1000G_gold_standard.indels.b37.vcf.gz, /sandbox/users/mguillout/pipeline/REFERENCES/human_g1k_v37.dict, gatkPresent.txt
    output: Samples/Sample32/BAM/Sample32.realign.intervals
    jobid: 91
    reason: Missing output files: Samples/Sample32/BAM/Sample32.realign.intervals; Input files updated by another job: gatkPresent.txt, Samples/Sample32/BAM/Sample32.markdup.bai, Samples/Sample32/BAM/Sample32.markdup.bam
    wildcards: sample=Sample32
    threads: 8

gatk -Djava.io.tmpdir=Samples/Sample32/BAM -Xmx5g -T RealignerTargetCreator 		-nt 8 		-R /sandbox/users/mguillout/pipeline/REFERENCES/human_g1k_v37.fasta 		-L:capture,BED BED/capture.extended1000.bed 		-I Samples/Sample32/BAM/Sample32.markdup.bam 		-o Samples/Sample32/BAM/Sample32.realign.intervals 		--known:onekindels,VCF /sandbox/users/mguillout/pipeline/REFERENCES/1000G_phase1.indels.b37.vcf.gz 		--known:millsindels,VCF /sandbox/users/mguillout/pipeline/REFERENCES/Mills_and_1000G_gold_standard.indels.b37.vcf.gz 		-S SILENT
Submitted job 91 with external jobid 'Your job 4141773 ("snakejob.realignTargetCreator.91.sh") has been submitted'.
[Tue Sep  8 14:18:16 2020]
Finished job 91.
27 of 99 steps (27%) done

[Tue Sep  8 14:18:16 2020]
rule indelRealign:
    input: Samples/Sample32/BAM/Sample32.realign.intervals, /sandbox/users/mguillout/pipeline/REFERENCES/human_g1k_v37.fasta, Samples/Sample32/BAM/Sample32.markdup.bam, Samples/Sample32/BAM/Sample32.markdup.bai, /sandbox/users/mguillout/pipeline/REFERENCES/1000G_phase1.indels.b37.vcf.gz, /sandbox/users/mguillout/pipeline/REFERENCES/Mills_and_1000G_gold_standard.indels.b37.vcf.gz, /sandbox/users/mguillout/pipeline/REFERENCES/human_g1k_v37.dict, gatkPresent.txt
    output: Samples/Sample32/BAM/Sample32.realign.bam, Samples/Sample32/BAM/Sample32.realign.bai
    jobid: 80
    reason: Missing output files: Samples/Sample32/BAM/Sample32.realign.bam, Samples/Sample32/BAM/Sample32.realign.bai; Input files updated by another job: Samples/Sample32/BAM/Sample32.realign.intervals, gatkPresent.txt, Samples/Sample32/BAM/Sample32.markdup.bai, Samples/Sample32/BAM/Sample32.markdup.bam
    wildcards: sample=Sample32

gatk -Djava.io.tmpdir=Samples/Sample32/BAM -XX:ParallelGCThreads=5 -Xmx2g -T IndelRealigner 		-R /sandbox/users/mguillout/pipeline/REFERENCES/human_g1k_v37.fasta 		--bam_compression 9 		-I Samples/Sample32/BAM/Sample32.markdup.bam 		-o Samples/Sample32/BAM/Sample32.realign.bam 		-targetIntervals Samples/Sample32/BAM/Sample32.realign.intervals 		-known:onekindels,VCF /sandbox/users/mguillout/pipeline/REFERENCES/1000G_phase1.indels.b37.vcf.gz 		-known:millsindels,VCF /sandbox/users/mguillout/pipeline/REFERENCES/Mills_and_1000G_gold_standard.indels.b37.vcf.gz 		-S SILENT
Submitted job 80 with external jobid 'Your job 4141774 ("snakejob.indelRealign.80.sh") has been submitted'.
[Tue Sep  8 14:20:06 2020]
Finished job 71.
28 of 99 steps (28%) done

[Tue Sep  8 14:20:06 2020]
rule baseRecalibration:
    input: Samples/Sample10/BAM/Sample10.recal.table, /sandbox/users/mguillout/pipeline/REFERENCES/human_g1k_v37.fasta, Samples/Sample10/BAM/Sample10.realign.bam, Samples/Sample10/BAM/Sample10.realign.bai, /sandbox/users/mguillout/pipeline/REFERENCES/human_g1k_v37.dict, gatkPresent.txt
    output: Samples/Sample10/BAM/Sample10.final.bam, Samples/Sample10/BAM/Sample10.final.bai
    jobid: 46
    reason: Input files updated by another job: gatkPresent.txt, Samples/Sample10/BAM/Sample10.realign.bam, Samples/Sample10/BAM/Sample10.recal.table, Samples/Sample10/BAM/Sample10.realign.bai
    wildcards: sample=Sample10
    threads: 8

gatk -Djava.io.tmpdir=Samples/Sample10/BAM -XX:ParallelGCThreads=5 -Xmx4g -T PrintReads 		-nct 8 		-R /sandbox/users/mguillout/pipeline/REFERENCES/human_g1k_v37.fasta 		--bam_compression 9 		-BQSR Samples/Sample10/BAM/Sample10.recal.table 		--disable_indel_quals 		-I Samples/Sample10/BAM/Sample10.realign.bam 		-o Samples/Sample10/BAM/Sample10.final.bam 		--validation_strictness LENIENT 		-l INFO
Submitted job 46 with external jobid 'Your job 4141777 ("snakejob.baseRecalibration.46.sh") has been submitted'.
Write-protecting output file Samples/Sample10/BAM/Sample10.final.bam.
Write-protecting output file Samples/Sample10/BAM/Sample10.final.bai.
Removing temporary output file Samples/Sample10/BAM/Sample10.recal.table.
Removing temporary output file Samples/Sample10/BAM/Sample10.realign.bam.
Removing temporary output file Samples/Sample10/BAM/Sample10.realign.bai.
[Tue Sep  8 14:21:47 2020]
Finished job 46.
29 of 99 steps (29%) done

[Tue Sep  8 14:21:47 2020]
rule haplotypeCaller:
    input: /sandbox/users/mguillout/pipeline/REFERENCES/human_g1k_v37.fasta, BED/capture.extended1000.bed, Samples/Sample10/BAM/Sample10.final.bam, Samples/Sample10/BAM/Sample10.final.bai, /sandbox/users/mguillout/pipeline/REFERENCES/dbsnp_138.b37.vcf.gz, /sandbox/users/mguillout/pipeline/REFERENCES/human_g1k_v37.dict, gatkPresent.txt
    output: Samples/Sample10/VCF/Sample10.hapcaller.g.vcf, Samples/Sample10/VCF/Sample10.hapcaller.g.vcf.idx
    jobid: 125
    reason: Input files updated by another job: Samples/Sample10/BAM/Sample10.final.bai, gatkPresent.txt, Samples/Sample10/BAM/Sample10.final.bam
    wildcards: sample=Sample10

gatk -Djava.io.tmpdir=Samples/Sample10/VCF -XX:ParallelGCThreads=5 -Xmx3g -T HaplotypeCaller 		-R /sandbox/users/mguillout/pipeline/REFERENCES/human_g1k_v37.fasta 		--emitRefConfidence GVCF 		-variant_index_type LINEAR 		-variant_index_parameter 128000 		-stand_call_conf 30.0 		-nct 1 		-rf ReadLength 		-minRead 0 		-maxRead 10000 		-S SILENT 		-L:capture,BED BED/capture.extended1000.bed 		-I Samples/Sample10/BAM/Sample10.final.bam 		--dbsnp:dbsnp,VCF /sandbox/users/mguillout/pipeline/REFERENCES/dbsnp_138.b37.vcf.gz 		-o Samples/Sample10/VCF/Sample10.hapcaller.g.vcf
Submitted job 125 with external jobid 'Your job 4141778 ("snakejob.haplotypeCaller.125.sh") has been submitted'.

[Tue Sep  8 14:21:47 2020]
rule depthOfCoverage:
    input: /sandbox/users/mguillout/pipeline/REFERENCES/human_g1k_v37.fasta, Samples/Sample10/BAM/Sample10.final.bam, Samples/Sample10/BAM/Sample10.final.bai, BED/chrX.bed, /sandbox/users/mguillout/pipeline/REFERENCES/human_g1k_v37.fasta.fai, gatkPresent.txt
    output: Samples/Sample10/QC/Sample10.gatk_doc.chrX.sample_cumulative_coverage_counts, Samples/Sample10/QC/Sample10.gatk_doc.chrX.sample_cumulative_coverage_proportions, Samples/Sample10/QC/Sample10.gatk_doc.chrX.sample_statistics, Samples/Sample10/QC/Sample10.gatk_doc.chrX.sample_summary
    jobid: 9
    reason: Input files updated by another job: Samples/Sample10/BAM/Sample10.final.bai, gatkPresent.txt, Samples/Sample10/BAM/Sample10.final.bam
    wildcards: sample=Sample10, capture=chrX

gatk -Djava.io.tmpdir=Samples/Sample10/QC -XX:ParallelGCThreads=3 -Xmx5g -T DepthOfCoverage 		-R /sandbox/users/mguillout/pipeline/REFERENCES/human_g1k_v37.fasta 		--validation_strictness LENIENT 		-L:capture,BED BED/chrX.bed 		--minMappingQuality 30 		-ct 1 -ct 5 -ct 10 -ct 15 -ct 20 -ct 25 -ct 30 		-I Samples/Sample10/BAM/Sample10.final.bam 		-o Samples/Sample10/QC/Sample10.gatk_doc.chrX 		-omitIntervals 		-omitBaseOutput
Submitted job 9 with external jobid 'Your job 4141779 ("snakejob.depthOfCoverage.9.sh") has been submitted'.

[Tue Sep  8 14:21:47 2020]
rule picardMetrics:
    input: Samples/Sample10/BAM/Sample10.final.bam, Samples/Sample10/BAM/Sample10.final.bai, BED/capture.interval_list, /sandbox/users/mguillout/pipeline/REFERENCES/human_g1k_v37.fasta
    output: Samples/Sample10/QC/Sample10.picard_metrics.alignment_summary_metrics, Samples/Sample10/QC/Sample10.picard_metrics.base_distribution_by_cycle_metrics, Samples/Sample10/QC/Sample10.picard_metrics.base_distribution_by_cycle.pdf, Samples/Sample10/QC/Sample10.picard_metrics.insert_size_histogram.pdf, Samples/Sample10/QC/Sample10.picard_metrics.insert_size_metrics, Samples/Sample10/QC/Sample10.picard_metrics.quality_by_cycle_metrics, Samples/Sample10/QC/Sample10.picard_metrics.quality_by_cycle.pdf, Samples/Sample10/QC/Sample10.picard_metrics.quality_distribution_metrics, Samples/Sample10/QC/Sample10.picard_metrics.quality_distribution.pdf
    jobid: 23
    reason: Input files updated by another job: Samples/Sample10/BAM/Sample10.final.bam, Samples/Sample10/BAM/Sample10.final.bai
    wildcards: sample=Sample10

picard -Xmx2g CollectMultipleMetrics 		I=Samples/Sample10/BAM/Sample10.final.bam 		O=Samples/Sample10/QC/Sample10.picard_metrics 		R=/sandbox/users/mguillout/pipeline/REFERENCES/human_g1k_v37.fasta 		INTERVALS=BED/capture.interval_list
Submitted job 23 with external jobid 'Your job 4141780 ("snakejob.picardMetrics.23.sh") has been submitted'.

[Tue Sep  8 14:21:47 2020]
rule depthOfCoverage:
    input: /sandbox/users/mguillout/pipeline/REFERENCES/human_g1k_v37.fasta, Samples/Sample10/BAM/Sample10.final.bam, Samples/Sample10/BAM/Sample10.final.bai, BED/autosomes.bed, /sandbox/users/mguillout/pipeline/REFERENCES/human_g1k_v37.fasta.fai, gatkPresent.txt
    output: Samples/Sample10/QC/Sample10.gatk_doc.autosomes.sample_cumulative_coverage_counts, Samples/Sample10/QC/Sample10.gatk_doc.autosomes.sample_cumulative_coverage_proportions, Samples/Sample10/QC/Sample10.gatk_doc.autosomes.sample_statistics, Samples/Sample10/QC/Sample10.gatk_doc.autosomes.sample_summary
    jobid: 8
    reason: Input files updated by another job: Samples/Sample10/BAM/Sample10.final.bai, gatkPresent.txt, Samples/Sample10/BAM/Sample10.final.bam
    wildcards: sample=Sample10, capture=autosomes

gatk -Djava.io.tmpdir=Samples/Sample10/QC -XX:ParallelGCThreads=3 -Xmx5g -T DepthOfCoverage 		-R /sandbox/users/mguillout/pipeline/REFERENCES/human_g1k_v37.fasta 		--validation_strictness LENIENT 		-L:capture,BED BED/autosomes.bed 		--minMappingQuality 30 		-ct 1 -ct 5 -ct 10 -ct 15 -ct 20 -ct 25 -ct 30 		-I Samples/Sample10/BAM/Sample10.final.bam 		-o Samples/Sample10/QC/Sample10.gatk_doc.autosomes 		-omitIntervals 		-omitBaseOutput
Submitted job 8 with external jobid 'Your job 4141781 ("snakejob.depthOfCoverage.8.sh") has been submitted'.

[Tue Sep  8 14:21:47 2020]
rule depthOfCoverage:
    input: /sandbox/users/mguillout/pipeline/REFERENCES/human_g1k_v37.fasta, Samples/Sample10/BAM/Sample10.final.bam, Samples/Sample10/BAM/Sample10.final.bai, BED/chrY.bed, /sandbox/users/mguillout/pipeline/REFERENCES/human_g1k_v37.fasta.fai, gatkPresent.txt
    output: Samples/Sample10/QC/Sample10.gatk_doc.chrY.sample_cumulative_coverage_counts, Samples/Sample10/QC/Sample10.gatk_doc.chrY.sample_cumulative_coverage_proportions, Samples/Sample10/QC/Sample10.gatk_doc.chrY.sample_statistics, Samples/Sample10/QC/Sample10.gatk_doc.chrY.sample_summary
    jobid: 10
    reason: Input files updated by another job: Samples/Sample10/BAM/Sample10.final.bai, gatkPresent.txt, Samples/Sample10/BAM/Sample10.final.bam
    wildcards: sample=Sample10, capture=chrY

gatk -Djava.io.tmpdir=Samples/Sample10/QC -XX:ParallelGCThreads=3 -Xmx5g -T DepthOfCoverage 		-R /sandbox/users/mguillout/pipeline/REFERENCES/human_g1k_v37.fasta 		--validation_strictness LENIENT 		-L:capture,BED BED/chrY.bed 		--minMappingQuality 30 		-ct 1 -ct 5 -ct 10 -ct 15 -ct 20 -ct 25 -ct 30 		-I Samples/Sample10/BAM/Sample10.final.bam 		-o Samples/Sample10/QC/Sample10.gatk_doc.chrY 		-omitIntervals 		-omitBaseOutput
Submitted job 10 with external jobid 'Your job 4141782 ("snakejob.depthOfCoverage.10.sh") has been submitted'.
[Tue Sep  8 14:22:17 2020]
Finished job 9.
30 of 99 steps (30%) done
[Tue Sep  8 14:22:17 2020]
Finished job 10.
31 of 99 steps (31%) done
Removing temporary output file Samples/Sample1/BAM/Sample1.realign.intervals.
Removing temporary output file Samples/Sample1/BAM/Sample1.markdup.bam.
Removing temporary output file Samples/Sample1/BAM/Sample1.markdup.bai.
[Tue Sep  8 14:23:37 2020]
Finished job 78.
32 of 99 steps (32%) done

[Tue Sep  8 14:23:37 2020]
rule createBaseRecalibrationTable:
    input: /sandbox/users/mguillout/pipeline/REFERENCES/human_g1k_v37.fasta, Samples/Sample1/BAM/Sample1.realign.bam, Samples/Sample1/BAM/Sample1.realign.bai, /sandbox/users/mguillout/pipeline/REFERENCES/dbsnp_138.b37.vcf.gz, BED/capture.extended1000.bed, /sandbox/users/mguillout/pipeline/REFERENCES/human_g1k_v37.dict, gatkPresent.txt
    output: Samples/Sample1/BAM/Sample1.recal.table
    jobid: 77
    reason: Missing output files: Samples/Sample1/BAM/Sample1.recal.table; Input files updated by another job: gatkPresent.txt, Samples/Sample1/BAM/Sample1.realign.bai, Samples/Sample1/BAM/Sample1.realign.bam
    wildcards: sample=Sample1
    threads: 8

gatk -Djava.io.tmpdir=Samples/Sample1/BAM -XX:ParallelGCThreads=5 -Xmx2g -T BaseRecalibrator 		-nct 8 		-R /sandbox/users/mguillout/pipeline/REFERENCES/human_g1k_v37.fasta 		--validation_strictness LENIENT 		-I Samples/Sample1/BAM/Sample1.realign.bam 		-l INFO 		-o Samples/Sample1/BAM/Sample1.recal.table 		-knownSites:dbsnp,VCF /sandbox/users/mguillout/pipeline/REFERENCES/dbsnp_138.b37.vcf.gz 		-L:capture,BED BED/capture.extended1000.bed 		-cov QualityScoreCovariate 		-cov CycleCovariate 		-cov ContextCovariate
Submitted job 77 with external jobid 'Your job 4141784 ("snakejob.createBaseRecalibrationTable.77.sh") has been submitted'.
[Tue Sep  8 14:23:47 2020]
Finished job 23.
33 of 99 steps (33%) done
[Tue Sep  8 14:24:07 2020]
Finished job 8.
34 of 99 steps (34%) done
Removing temporary output file Samples/Sample29/BAM/Sample29.realign.intervals.
Removing temporary output file Samples/Sample29/BAM/Sample29.markdup.bam.
Removing temporary output file Samples/Sample29/BAM/Sample29.markdup.bai.
[Tue Sep  8 14:26:17 2020]
Finished job 76.
35 of 99 steps (35%) done

[Tue Sep  8 14:26:17 2020]
rule createBaseRecalibrationTable:
    input: /sandbox/users/mguillout/pipeline/REFERENCES/human_g1k_v37.fasta, Samples/Sample29/BAM/Sample29.realign.bam, Samples/Sample29/BAM/Sample29.realign.bai, /sandbox/users/mguillout/pipeline/REFERENCES/dbsnp_138.b37.vcf.gz, BED/capture.extended1000.bed, /sandbox/users/mguillout/pipeline/REFERENCES/human_g1k_v37.dict, gatkPresent.txt
    output: Samples/Sample29/BAM/Sample29.recal.table
    jobid: 75
    reason: Missing output files: Samples/Sample29/BAM/Sample29.recal.table; Input files updated by another job: gatkPresent.txt, Samples/Sample29/BAM/Sample29.realign.bai, Samples/Sample29/BAM/Sample29.realign.bam
    wildcards: sample=Sample29
    threads: 8

gatk -Djava.io.tmpdir=Samples/Sample29/BAM -XX:ParallelGCThreads=5 -Xmx2g -T BaseRecalibrator 		-nct 8 		-R /sandbox/users/mguillout/pipeline/REFERENCES/human_g1k_v37.fasta 		--validation_strictness LENIENT 		-I Samples/Sample29/BAM/Sample29.realign.bam 		-l INFO 		-o Samples/Sample29/BAM/Sample29.recal.table 		-knownSites:dbsnp,VCF /sandbox/users/mguillout/pipeline/REFERENCES/dbsnp_138.b37.vcf.gz 		-L:capture,BED BED/capture.extended1000.bed 		-cov QualityScoreCovariate 		-cov CycleCovariate 		-cov ContextCovariate
Submitted job 75 with external jobid 'Your job 4141788 ("snakejob.createBaseRecalibrationTable.75.sh") has been submitted'.
[Tue Sep  8 14:28:58 2020]
Finished job 77.
36 of 99 steps (36%) done

[Tue Sep  8 14:28:58 2020]
rule baseRecalibration:
    input: Samples/Sample1/BAM/Sample1.recal.table, /sandbox/users/mguillout/pipeline/REFERENCES/human_g1k_v37.fasta, Samples/Sample1/BAM/Sample1.realign.bam, Samples/Sample1/BAM/Sample1.realign.bai, /sandbox/users/mguillout/pipeline/REFERENCES/human_g1k_v37.dict, gatkPresent.txt
    output: Samples/Sample1/BAM/Sample1.final.bam, Samples/Sample1/BAM/Sample1.final.bai
    jobid: 53
    reason: Input files updated by another job: gatkPresent.txt, Samples/Sample1/BAM/Sample1.realign.bai, Samples/Sample1/BAM/Sample1.recal.table, Samples/Sample1/BAM/Sample1.realign.bam
    wildcards: sample=Sample1
    threads: 8

gatk -Djava.io.tmpdir=Samples/Sample1/BAM -XX:ParallelGCThreads=5 -Xmx4g -T PrintReads 		-nct 8 		-R /sandbox/users/mguillout/pipeline/REFERENCES/human_g1k_v37.fasta 		--bam_compression 9 		-BQSR Samples/Sample1/BAM/Sample1.recal.table 		--disable_indel_quals 		-I Samples/Sample1/BAM/Sample1.realign.bam 		-o Samples/Sample1/BAM/Sample1.final.bam 		--validation_strictness LENIENT 		-l INFO
Submitted job 53 with external jobid 'Your job 4141790 ("snakejob.baseRecalibration.53.sh") has been submitted'.
Removing temporary output file Samples/Sample33/BAM/Sample33.realign.intervals.
Removing temporary output file Samples/Sample33/BAM/Sample33.markdup.bai.
Removing temporary output file Samples/Sample33/BAM/Sample33.markdup.bam.
[Tue Sep  8 14:30:18 2020]
Finished job 82.
37 of 99 steps (37%) done

[Tue Sep  8 14:30:18 2020]
rule createBaseRecalibrationTable:
    input: /sandbox/users/mguillout/pipeline/REFERENCES/human_g1k_v37.fasta, Samples/Sample33/BAM/Sample33.realign.bam, Samples/Sample33/BAM/Sample33.realign.bai, /sandbox/users/mguillout/pipeline/REFERENCES/dbsnp_138.b37.vcf.gz, BED/capture.extended1000.bed, /sandbox/users/mguillout/pipeline/REFERENCES/human_g1k_v37.dict, gatkPresent.txt
    output: Samples/Sample33/BAM/Sample33.recal.table
    jobid: 81
    reason: Missing output files: Samples/Sample33/BAM/Sample33.recal.table; Input files updated by another job: Samples/Sample33/BAM/Sample33.realign.bai, gatkPresent.txt, Samples/Sample33/BAM/Sample33.realign.bam
    wildcards: sample=Sample33
    threads: 8

gatk -Djava.io.tmpdir=Samples/Sample33/BAM -XX:ParallelGCThreads=5 -Xmx2g -T BaseRecalibrator 		-nct 8 		-R /sandbox/users/mguillout/pipeline/REFERENCES/human_g1k_v37.fasta 		--validation_strictness LENIENT 		-I Samples/Sample33/BAM/Sample33.realign.bam 		-l INFO 		-o Samples/Sample33/BAM/Sample33.recal.table 		-knownSites:dbsnp,VCF /sandbox/users/mguillout/pipeline/REFERENCES/dbsnp_138.b37.vcf.gz 		-L:capture,BED BED/capture.extended1000.bed 		-cov QualityScoreCovariate 		-cov CycleCovariate 		-cov ContextCovariate
Submitted job 81 with external jobid 'Your job 4141792 ("snakejob.createBaseRecalibrationTable.81.sh") has been submitted'.
[Tue Sep  8 14:30:58 2020]
Finished job 75.
38 of 99 steps (38%) done

[Tue Sep  8 14:30:58 2020]
rule baseRecalibration:
    input: Samples/Sample29/BAM/Sample29.recal.table, /sandbox/users/mguillout/pipeline/REFERENCES/human_g1k_v37.fasta, Samples/Sample29/BAM/Sample29.realign.bam, Samples/Sample29/BAM/Sample29.realign.bai, /sandbox/users/mguillout/pipeline/REFERENCES/human_g1k_v37.dict, gatkPresent.txt
    output: Samples/Sample29/BAM/Sample29.final.bam, Samples/Sample29/BAM/Sample29.final.bai
    jobid: 52
    reason: Input files updated by another job: gatkPresent.txt, Samples/Sample29/BAM/Sample29.realign.bai, Samples/Sample29/BAM/Sample29.realign.bam, Samples/Sample29/BAM/Sample29.recal.table
    wildcards: sample=Sample29
    threads: 8

gatk -Djava.io.tmpdir=Samples/Sample29/BAM -XX:ParallelGCThreads=5 -Xmx4g -T PrintReads 		-nct 8 		-R /sandbox/users/mguillout/pipeline/REFERENCES/human_g1k_v37.fasta 		--bam_compression 9 		-BQSR Samples/Sample29/BAM/Sample29.recal.table 		--disable_indel_quals 		-I Samples/Sample29/BAM/Sample29.realign.bam 		-o Samples/Sample29/BAM/Sample29.final.bam 		--validation_strictness LENIENT 		-l INFO
Submitted job 52 with external jobid 'Your job 4141794 ("snakejob.baseRecalibration.52.sh") has been submitted'.
Write-protecting output file Samples/Sample1/BAM/Sample1.final.bam.
Write-protecting output file Samples/Sample1/BAM/Sample1.final.bai.
Removing temporary output file Samples/Sample1/BAM/Sample1.recal.table.
Removing temporary output file Samples/Sample1/BAM/Sample1.realign.bam.
Removing temporary output file Samples/Sample1/BAM/Sample1.realign.bai.
[Tue Sep  8 14:32:08 2020]
Finished job 53.
39 of 99 steps (39%) done

[Tue Sep  8 14:32:08 2020]
rule depthOfCoverage:
    input: /sandbox/users/mguillout/pipeline/REFERENCES/human_g1k_v37.fasta, Samples/Sample1/BAM/Sample1.final.bam, Samples/Sample1/BAM/Sample1.final.bai, BED/chrX.bed, /sandbox/users/mguillout/pipeline/REFERENCES/human_g1k_v37.fasta.fai, gatkPresent.txt
    output: Samples/Sample1/QC/Sample1.gatk_doc.chrX.sample_cumulative_coverage_counts, Samples/Sample1/QC/Sample1.gatk_doc.chrX.sample_cumulative_coverage_proportions, Samples/Sample1/QC/Sample1.gatk_doc.chrX.sample_statistics, Samples/Sample1/QC/Sample1.gatk_doc.chrX.sample_summary
    jobid: 15
    reason: Input files updated by another job: gatkPresent.txt, Samples/Sample1/BAM/Sample1.final.bai, Samples/Sample1/BAM/Sample1.final.bam
    wildcards: sample=Sample1, capture=chrX

gatk -Djava.io.tmpdir=Samples/Sample1/QC -XX:ParallelGCThreads=3 -Xmx5g -T DepthOfCoverage 		-R /sandbox/users/mguillout/pipeline/REFERENCES/human_g1k_v37.fasta 		--validation_strictness LENIENT 		-L:capture,BED BED/chrX.bed 		--minMappingQuality 30 		-ct 1 -ct 5 -ct 10 -ct 15 -ct 20 -ct 25 -ct 30 		-I Samples/Sample1/BAM/Sample1.final.bam 		-o Samples/Sample1/QC/Sample1.gatk_doc.chrX 		-omitIntervals 		-omitBaseOutput
Submitted job 15 with external jobid 'Your job 4141796 ("snakejob.depthOfCoverage.15.sh") has been submitted'.

[Tue Sep  8 14:32:08 2020]
rule picardMetrics:
    input: Samples/Sample1/BAM/Sample1.final.bam, Samples/Sample1/BAM/Sample1.final.bai, BED/capture.interval_list, /sandbox/users/mguillout/pipeline/REFERENCES/human_g1k_v37.fasta
    output: Samples/Sample1/QC/Sample1.picard_metrics.alignment_summary_metrics, Samples/Sample1/QC/Sample1.picard_metrics.base_distribution_by_cycle_metrics, Samples/Sample1/QC/Sample1.picard_metrics.base_distribution_by_cycle.pdf, Samples/Sample1/QC/Sample1.picard_metrics.insert_size_histogram.pdf, Samples/Sample1/QC/Sample1.picard_metrics.insert_size_metrics, Samples/Sample1/QC/Sample1.picard_metrics.quality_by_cycle_metrics, Samples/Sample1/QC/Sample1.picard_metrics.quality_by_cycle.pdf, Samples/Sample1/QC/Sample1.picard_metrics.quality_distribution_metrics, Samples/Sample1/QC/Sample1.picard_metrics.quality_distribution.pdf
    jobid: 25
    reason: Input files updated by another job: Samples/Sample1/BAM/Sample1.final.bai, Samples/Sample1/BAM/Sample1.final.bam
    wildcards: sample=Sample1

picard -Xmx2g CollectMultipleMetrics 		I=Samples/Sample1/BAM/Sample1.final.bam 		O=Samples/Sample1/QC/Sample1.picard_metrics 		R=/sandbox/users/mguillout/pipeline/REFERENCES/human_g1k_v37.fasta 		INTERVALS=BED/capture.interval_list
Submitted job 25 with external jobid 'Your job 4141797 ("snakejob.picardMetrics.25.sh") has been submitted'.

[Tue Sep  8 14:32:08 2020]
rule haplotypeCaller:
    input: /sandbox/users/mguillout/pipeline/REFERENCES/human_g1k_v37.fasta, BED/capture.extended1000.bed, Samples/Sample1/BAM/Sample1.final.bam, Samples/Sample1/BAM/Sample1.final.bai, /sandbox/users/mguillout/pipeline/REFERENCES/dbsnp_138.b37.vcf.gz, /sandbox/users/mguillout/pipeline/REFERENCES/human_g1k_v37.dict, gatkPresent.txt
    output: Samples/Sample1/VCF/Sample1.hapcaller.g.vcf, Samples/Sample1/VCF/Sample1.hapcaller.g.vcf.idx
    jobid: 127
    reason: Input files updated by another job: gatkPresent.txt, Samples/Sample1/BAM/Sample1.final.bai, Samples/Sample1/BAM/Sample1.final.bam
    wildcards: sample=Sample1

gatk -Djava.io.tmpdir=Samples/Sample1/VCF -XX:ParallelGCThreads=5 -Xmx3g -T HaplotypeCaller 		-R /sandbox/users/mguillout/pipeline/REFERENCES/human_g1k_v37.fasta 		--emitRefConfidence GVCF 		-variant_index_type LINEAR 		-variant_index_parameter 128000 		-stand_call_conf 30.0 		-nct 1 		-rf ReadLength 		-minRead 0 		-maxRead 10000 		-S SILENT 		-L:capture,BED BED/capture.extended1000.bed 		-I Samples/Sample1/BAM/Sample1.final.bam 		--dbsnp:dbsnp,VCF /sandbox/users/mguillout/pipeline/REFERENCES/dbsnp_138.b37.vcf.gz 		-o Samples/Sample1/VCF/Sample1.hapcaller.g.vcf
Submitted job 127 with external jobid 'Your job 4141798 ("snakejob.haplotypeCaller.127.sh") has been submitted'.

[Tue Sep  8 14:32:08 2020]
rule depthOfCoverage:
    input: /sandbox/users/mguillout/pipeline/REFERENCES/human_g1k_v37.fasta, Samples/Sample1/BAM/Sample1.final.bam, Samples/Sample1/BAM/Sample1.final.bai, BED/autosomes.bed, /sandbox/users/mguillout/pipeline/REFERENCES/human_g1k_v37.fasta.fai, gatkPresent.txt
    output: Samples/Sample1/QC/Sample1.gatk_doc.autosomes.sample_cumulative_coverage_counts, Samples/Sample1/QC/Sample1.gatk_doc.autosomes.sample_cumulative_coverage_proportions, Samples/Sample1/QC/Sample1.gatk_doc.autosomes.sample_statistics, Samples/Sample1/QC/Sample1.gatk_doc.autosomes.sample_summary
    jobid: 14
    reason: Input files updated by another job: gatkPresent.txt, Samples/Sample1/BAM/Sample1.final.bai, Samples/Sample1/BAM/Sample1.final.bam
    wildcards: sample=Sample1, capture=autosomes

gatk -Djava.io.tmpdir=Samples/Sample1/QC -XX:ParallelGCThreads=3 -Xmx5g -T DepthOfCoverage 		-R /sandbox/users/mguillout/pipeline/REFERENCES/human_g1k_v37.fasta 		--validation_strictness LENIENT 		-L:capture,BED BED/autosomes.bed 		--minMappingQuality 30 		-ct 1 -ct 5 -ct 10 -ct 15 -ct 20 -ct 25 -ct 30 		-I Samples/Sample1/BAM/Sample1.final.bam 		-o Samples/Sample1/QC/Sample1.gatk_doc.autosomes 		-omitIntervals 		-omitBaseOutput
Submitted job 14 with external jobid 'Your job 4141799 ("snakejob.depthOfCoverage.14.sh") has been submitted'.

[Tue Sep  8 14:32:08 2020]
rule depthOfCoverage:
    input: /sandbox/users/mguillout/pipeline/REFERENCES/human_g1k_v37.fasta, Samples/Sample1/BAM/Sample1.final.bam, Samples/Sample1/BAM/Sample1.final.bai, BED/chrY.bed, /sandbox/users/mguillout/pipeline/REFERENCES/human_g1k_v37.fasta.fai, gatkPresent.txt
    output: Samples/Sample1/QC/Sample1.gatk_doc.chrY.sample_cumulative_coverage_counts, Samples/Sample1/QC/Sample1.gatk_doc.chrY.sample_cumulative_coverage_proportions, Samples/Sample1/QC/Sample1.gatk_doc.chrY.sample_statistics, Samples/Sample1/QC/Sample1.gatk_doc.chrY.sample_summary
    jobid: 16
    reason: Input files updated by another job: gatkPresent.txt, Samples/Sample1/BAM/Sample1.final.bai, Samples/Sample1/BAM/Sample1.final.bam
    wildcards: sample=Sample1, capture=chrY

gatk -Djava.io.tmpdir=Samples/Sample1/QC -XX:ParallelGCThreads=3 -Xmx5g -T DepthOfCoverage 		-R /sandbox/users/mguillout/pipeline/REFERENCES/human_g1k_v37.fasta 		--validation_strictness LENIENT 		-L:capture,BED BED/chrY.bed 		--minMappingQuality 30 		-ct 1 -ct 5 -ct 10 -ct 15 -ct 20 -ct 25 -ct 30 		-I Samples/Sample1/BAM/Sample1.final.bam 		-o Samples/Sample1/QC/Sample1.gatk_doc.chrY 		-omitIntervals 		-omitBaseOutput
Submitted job 16 with external jobid 'Your job 4141800 ("snakejob.depthOfCoverage.16.sh") has been submitted'.
[Tue Sep  8 14:32:28 2020]
Finished job 16.
40 of 99 steps (40%) done
[Tue Sep  8 14:32:48 2020]
Finished job 15.
41 of 99 steps (41%) done
[Tue Sep  8 14:32:48 2020]
Finished job 25.
42 of 99 steps (42%) done
Write-protecting output file Samples/Sample29/BAM/Sample29.final.bam.
Write-protecting output file Samples/Sample29/BAM/Sample29.final.bai.
Removing temporary output file Samples/Sample29/BAM/Sample29.recal.table.
Removing temporary output file Samples/Sample29/BAM/Sample29.realign.bam.
Removing temporary output file Samples/Sample29/BAM/Sample29.realign.bai.
[Tue Sep  8 14:33:08 2020]
Finished job 52.
43 of 99 steps (43%) done

[Tue Sep  8 14:33:08 2020]
rule depthOfCoverage:
    input: /sandbox/users/mguillout/pipeline/REFERENCES/human_g1k_v37.fasta, Samples/Sample29/BAM/Sample29.final.bam, Samples/Sample29/BAM/Sample29.final.bai, BED/chrX.bed, /sandbox/users/mguillout/pipeline/REFERENCES/human_g1k_v37.fasta.fai, gatkPresent.txt
    output: Samples/Sample29/QC/Sample29.gatk_doc.chrX.sample_cumulative_coverage_counts, Samples/Sample29/QC/Sample29.gatk_doc.chrX.sample_cumulative_coverage_proportions, Samples/Sample29/QC/Sample29.gatk_doc.chrX.sample_statistics, Samples/Sample29/QC/Sample29.gatk_doc.chrX.sample_summary
    jobid: 12
    reason: Input files updated by another job: Samples/Sample29/BAM/Sample29.final.bai, gatkPresent.txt, Samples/Sample29/BAM/Sample29.final.bam
    wildcards: sample=Sample29, capture=chrX

gatk -Djava.io.tmpdir=Samples/Sample29/QC -XX:ParallelGCThreads=3 -Xmx5g -T DepthOfCoverage 		-R /sandbox/users/mguillout/pipeline/REFERENCES/human_g1k_v37.fasta 		--validation_strictness LENIENT 		-L:capture,BED BED/chrX.bed 		--minMappingQuality 30 		-ct 1 -ct 5 -ct 10 -ct 15 -ct 20 -ct 25 -ct 30 		-I Samples/Sample29/BAM/Sample29.final.bam 		-o Samples/Sample29/QC/Sample29.gatk_doc.chrX 		-omitIntervals 		-omitBaseOutput
Submitted job 12 with external jobid 'Your job 4141801 ("snakejob.depthOfCoverage.12.sh") has been submitted'.

[Tue Sep  8 14:33:08 2020]
rule picardMetrics:
    input: Samples/Sample29/BAM/Sample29.final.bam, Samples/Sample29/BAM/Sample29.final.bai, BED/capture.interval_list, /sandbox/users/mguillout/pipeline/REFERENCES/human_g1k_v37.fasta
    output: Samples/Sample29/QC/Sample29.picard_metrics.alignment_summary_metrics, Samples/Sample29/QC/Sample29.picard_metrics.base_distribution_by_cycle_metrics, Samples/Sample29/QC/Sample29.picard_metrics.base_distribution_by_cycle.pdf, Samples/Sample29/QC/Sample29.picard_metrics.insert_size_histogram.pdf, Samples/Sample29/QC/Sample29.picard_metrics.insert_size_metrics, Samples/Sample29/QC/Sample29.picard_metrics.quality_by_cycle_metrics, Samples/Sample29/QC/Sample29.picard_metrics.quality_by_cycle.pdf, Samples/Sample29/QC/Sample29.picard_metrics.quality_distribution_metrics, Samples/Sample29/QC/Sample29.picard_metrics.quality_distribution.pdf
    jobid: 24
    reason: Input files updated by another job: Samples/Sample29/BAM/Sample29.final.bai, Samples/Sample29/BAM/Sample29.final.bam
    wildcards: sample=Sample29

picard -Xmx2g CollectMultipleMetrics 		I=Samples/Sample29/BAM/Sample29.final.bam 		O=Samples/Sample29/QC/Sample29.picard_metrics 		R=/sandbox/users/mguillout/pipeline/REFERENCES/human_g1k_v37.fasta 		INTERVALS=BED/capture.interval_list
Submitted job 24 with external jobid 'Your job 4141802 ("snakejob.picardMetrics.24.sh") has been submitted'.

[Tue Sep  8 14:33:08 2020]
rule haplotypeCaller:
    input: /sandbox/users/mguillout/pipeline/REFERENCES/human_g1k_v37.fasta, BED/capture.extended1000.bed, Samples/Sample29/BAM/Sample29.final.bam, Samples/Sample29/BAM/Sample29.final.bai, /sandbox/users/mguillout/pipeline/REFERENCES/dbsnp_138.b37.vcf.gz, /sandbox/users/mguillout/pipeline/REFERENCES/human_g1k_v37.dict, gatkPresent.txt
    output: Samples/Sample29/VCF/Sample29.hapcaller.g.vcf, Samples/Sample29/VCF/Sample29.hapcaller.g.vcf.idx
    jobid: 126
    reason: Input files updated by another job: Samples/Sample29/BAM/Sample29.final.bai, gatkPresent.txt, Samples/Sample29/BAM/Sample29.final.bam
    wildcards: sample=Sample29

gatk -Djava.io.tmpdir=Samples/Sample29/VCF -XX:ParallelGCThreads=5 -Xmx3g -T HaplotypeCaller 		-R /sandbox/users/mguillout/pipeline/REFERENCES/human_g1k_v37.fasta 		--emitRefConfidence GVCF 		-variant_index_type LINEAR 		-variant_index_parameter 128000 		-stand_call_conf 30.0 		-nct 1 		-rf ReadLength 		-minRead 0 		-maxRead 10000 		-S SILENT 		-L:capture,BED BED/capture.extended1000.bed 		-I Samples/Sample29/BAM/Sample29.final.bam 		--dbsnp:dbsnp,VCF /sandbox/users/mguillout/pipeline/REFERENCES/dbsnp_138.b37.vcf.gz 		-o Samples/Sample29/VCF/Sample29.hapcaller.g.vcf
Submitted job 126 with external jobid 'Your job 4141803 ("snakejob.haplotypeCaller.126.sh") has been submitted'.

[Tue Sep  8 14:33:08 2020]
rule depthOfCoverage:
    input: /sandbox/users/mguillout/pipeline/REFERENCES/human_g1k_v37.fasta, Samples/Sample29/BAM/Sample29.final.bam, Samples/Sample29/BAM/Sample29.final.bai, BED/autosomes.bed, /sandbox/users/mguillout/pipeline/REFERENCES/human_g1k_v37.fasta.fai, gatkPresent.txt
    output: Samples/Sample29/QC/Sample29.gatk_doc.autosomes.sample_cumulative_coverage_counts, Samples/Sample29/QC/Sample29.gatk_doc.autosomes.sample_cumulative_coverage_proportions, Samples/Sample29/QC/Sample29.gatk_doc.autosomes.sample_statistics, Samples/Sample29/QC/Sample29.gatk_doc.autosomes.sample_summary
    jobid: 11
    reason: Input files updated by another job: Samples/Sample29/BAM/Sample29.final.bai, gatkPresent.txt, Samples/Sample29/BAM/Sample29.final.bam
    wildcards: sample=Sample29, capture=autosomes

gatk -Djava.io.tmpdir=Samples/Sample29/QC -XX:ParallelGCThreads=3 -Xmx5g -T DepthOfCoverage 		-R /sandbox/users/mguillout/pipeline/REFERENCES/human_g1k_v37.fasta 		--validation_strictness LENIENT 		-L:capture,BED BED/autosomes.bed 		--minMappingQuality 30 		-ct 1 -ct 5 -ct 10 -ct 15 -ct 20 -ct 25 -ct 30 		-I Samples/Sample29/BAM/Sample29.final.bam 		-o Samples/Sample29/QC/Sample29.gatk_doc.autosomes 		-omitIntervals 		-omitBaseOutput
Submitted job 11 with external jobid 'Your job 4141804 ("snakejob.depthOfCoverage.11.sh") has been submitted'.

[Tue Sep  8 14:33:08 2020]
rule depthOfCoverage:
    input: /sandbox/users/mguillout/pipeline/REFERENCES/human_g1k_v37.fasta, Samples/Sample29/BAM/Sample29.final.bam, Samples/Sample29/BAM/Sample29.final.bai, BED/chrY.bed, /sandbox/users/mguillout/pipeline/REFERENCES/human_g1k_v37.fasta.fai, gatkPresent.txt
    output: Samples/Sample29/QC/Sample29.gatk_doc.chrY.sample_cumulative_coverage_counts, Samples/Sample29/QC/Sample29.gatk_doc.chrY.sample_cumulative_coverage_proportions, Samples/Sample29/QC/Sample29.gatk_doc.chrY.sample_statistics, Samples/Sample29/QC/Sample29.gatk_doc.chrY.sample_summary
    jobid: 13
    reason: Input files updated by another job: Samples/Sample29/BAM/Sample29.final.bai, gatkPresent.txt, Samples/Sample29/BAM/Sample29.final.bam
    wildcards: sample=Sample29, capture=chrY

gatk -Djava.io.tmpdir=Samples/Sample29/QC -XX:ParallelGCThreads=3 -Xmx5g -T DepthOfCoverage 		-R /sandbox/users/mguillout/pipeline/REFERENCES/human_g1k_v37.fasta 		--validation_strictness LENIENT 		-L:capture,BED BED/chrY.bed 		--minMappingQuality 30 		-ct 1 -ct 5 -ct 10 -ct 15 -ct 20 -ct 25 -ct 30 		-I Samples/Sample29/BAM/Sample29.final.bam 		-o Samples/Sample29/QC/Sample29.gatk_doc.chrY 		-omitIntervals 		-omitBaseOutput
Submitted job 13 with external jobid 'Your job 4141805 ("snakejob.depthOfCoverage.13.sh") has been submitted'.
[Tue Sep  8 14:33:29 2020]
Finished job 13.
44 of 99 steps (44%) done
[Tue Sep  8 14:33:40 2020]
Finished job 12.
45 of 99 steps (45%) done
[Tue Sep  8 14:34:30 2020]
Finished job 24.
46 of 99 steps (46%) done
Write-protecting output file Samples/Sample10/VCF/Sample10.hapcaller.g.vcf.
Write-protecting output file Samples/Sample10/VCF/Sample10.hapcaller.g.vcf.idx.
[Tue Sep  8 14:35:01 2020]
Finished job 125.
47 of 99 steps (47%) done
[Tue Sep  8 14:35:31 2020]
Finished job 81.
48 of 99 steps (48%) done

[Tue Sep  8 14:35:31 2020]
rule baseRecalibration:
    input: Samples/Sample33/BAM/Sample33.recal.table, /sandbox/users/mguillout/pipeline/REFERENCES/human_g1k_v37.fasta, Samples/Sample33/BAM/Sample33.realign.bam, Samples/Sample33/BAM/Sample33.realign.bai, /sandbox/users/mguillout/pipeline/REFERENCES/human_g1k_v37.dict, gatkPresent.txt
    output: Samples/Sample33/BAM/Sample33.final.bam, Samples/Sample33/BAM/Sample33.final.bai
    jobid: 55
    reason: Input files updated by another job: Samples/Sample33/BAM/Sample33.realign.bai, gatkPresent.txt, Samples/Sample33/BAM/Sample33.realign.bam, Samples/Sample33/BAM/Sample33.recal.table
    wildcards: sample=Sample33
    threads: 8

gatk -Djava.io.tmpdir=Samples/Sample33/BAM -XX:ParallelGCThreads=5 -Xmx4g -T PrintReads 		-nct 8 		-R /sandbox/users/mguillout/pipeline/REFERENCES/human_g1k_v37.fasta 		--bam_compression 9 		-BQSR Samples/Sample33/BAM/Sample33.recal.table 		--disable_indel_quals 		-I Samples/Sample33/BAM/Sample33.realign.bam 		-o Samples/Sample33/BAM/Sample33.final.bam 		--validation_strictness LENIENT 		-l INFO
Submitted job 55 with external jobid 'Your job 4141808 ("snakejob.baseRecalibration.55.sh") has been submitted'.
Removing temporary output file Samples/Sample32/BAM/Sample32.realign.intervals.
Removing temporary output file Samples/Sample32/BAM/Sample32.markdup.bai.
Removing temporary output file Samples/Sample32/BAM/Sample32.markdup.bam.
[Tue Sep  8 14:36:21 2020]
Finished job 80.
49 of 99 steps (49%) done

[Tue Sep  8 14:36:21 2020]
rule createBaseRecalibrationTable:
    input: /sandbox/users/mguillout/pipeline/REFERENCES/human_g1k_v37.fasta, Samples/Sample32/BAM/Sample32.realign.bam, Samples/Sample32/BAM/Sample32.realign.bai, /sandbox/users/mguillout/pipeline/REFERENCES/dbsnp_138.b37.vcf.gz, BED/capture.extended1000.bed, /sandbox/users/mguillout/pipeline/REFERENCES/human_g1k_v37.dict, gatkPresent.txt
    output: Samples/Sample32/BAM/Sample32.recal.table
    jobid: 79
    reason: Missing output files: Samples/Sample32/BAM/Sample32.recal.table; Input files updated by another job: Samples/Sample32/BAM/Sample32.realign.bam, gatkPresent.txt, Samples/Sample32/BAM/Sample32.realign.bai
    wildcards: sample=Sample32
    threads: 8

gatk -Djava.io.tmpdir=Samples/Sample32/BAM -XX:ParallelGCThreads=5 -Xmx2g -T BaseRecalibrator 		-nct 8 		-R /sandbox/users/mguillout/pipeline/REFERENCES/human_g1k_v37.fasta 		--validation_strictness LENIENT 		-I Samples/Sample32/BAM/Sample32.realign.bam 		-l INFO 		-o Samples/Sample32/BAM/Sample32.recal.table 		-knownSites:dbsnp,VCF /sandbox/users/mguillout/pipeline/REFERENCES/dbsnp_138.b37.vcf.gz 		-L:capture,BED BED/capture.extended1000.bed 		-cov QualityScoreCovariate 		-cov CycleCovariate 		-cov ContextCovariate
Submitted job 79 with external jobid 'Your job 4141809 ("snakejob.createBaseRecalibrationTable.79.sh") has been submitted'.
[Tue Sep  8 14:37:21 2020]
Finished job 14.
50 of 99 steps (51%) done
Write-protecting output file Samples/Sample33/BAM/Sample33.final.bam.
Write-protecting output file Samples/Sample33/BAM/Sample33.final.bai.
Removing temporary output file Samples/Sample33/BAM/Sample33.recal.table.
Removing temporary output file Samples/Sample33/BAM/Sample33.realign.bai.
Removing temporary output file Samples/Sample33/BAM/Sample33.realign.bam.
[Tue Sep  8 14:37:21 2020]
Finished job 55.
51 of 99 steps (52%) done

[Tue Sep  8 14:37:21 2020]
rule depthOfCoverage:
    input: /sandbox/users/mguillout/pipeline/REFERENCES/human_g1k_v37.fasta, Samples/Sample33/BAM/Sample33.final.bam, Samples/Sample33/BAM/Sample33.final.bai, BED/chrY.bed, /sandbox/users/mguillout/pipeline/REFERENCES/human_g1k_v37.fasta.fai, gatkPresent.txt
    output: Samples/Sample33/QC/Sample33.gatk_doc.chrY.sample_cumulative_coverage_counts, Samples/Sample33/QC/Sample33.gatk_doc.chrY.sample_cumulative_coverage_proportions, Samples/Sample33/QC/Sample33.gatk_doc.chrY.sample_statistics, Samples/Sample33/QC/Sample33.gatk_doc.chrY.sample_summary
    jobid: 22
    reason: Input files updated by another job: gatkPresent.txt, Samples/Sample33/BAM/Sample33.final.bam, Samples/Sample33/BAM/Sample33.final.bai
    wildcards: sample=Sample33, capture=chrY

gatk -Djava.io.tmpdir=Samples/Sample33/QC -XX:ParallelGCThreads=3 -Xmx5g -T DepthOfCoverage 		-R /sandbox/users/mguillout/pipeline/REFERENCES/human_g1k_v37.fasta 		--validation_strictness LENIENT 		-L:capture,BED BED/chrY.bed 		--minMappingQuality 30 		-ct 1 -ct 5 -ct 10 -ct 15 -ct 20 -ct 25 -ct 30 		-I Samples/Sample33/BAM/Sample33.final.bam 		-o Samples/Sample33/QC/Sample33.gatk_doc.chrY 		-omitIntervals 		-omitBaseOutput
Submitted job 22 with external jobid 'Your job 4141812 ("snakejob.depthOfCoverage.22.sh") has been submitted'.

[Tue Sep  8 14:37:21 2020]
rule depthOfCoverage:
    input: /sandbox/users/mguillout/pipeline/REFERENCES/human_g1k_v37.fasta, Samples/Sample33/BAM/Sample33.final.bam, Samples/Sample33/BAM/Sample33.final.bai, BED/chrX.bed, /sandbox/users/mguillout/pipeline/REFERENCES/human_g1k_v37.fasta.fai, gatkPresent.txt
    output: Samples/Sample33/QC/Sample33.gatk_doc.chrX.sample_cumulative_coverage_counts, Samples/Sample33/QC/Sample33.gatk_doc.chrX.sample_cumulative_coverage_proportions, Samples/Sample33/QC/Sample33.gatk_doc.chrX.sample_statistics, Samples/Sample33/QC/Sample33.gatk_doc.chrX.sample_summary
    jobid: 21
    reason: Input files updated by another job: gatkPresent.txt, Samples/Sample33/BAM/Sample33.final.bam, Samples/Sample33/BAM/Sample33.final.bai
    wildcards: sample=Sample33, capture=chrX

gatk -Djava.io.tmpdir=Samples/Sample33/QC -XX:ParallelGCThreads=3 -Xmx5g -T DepthOfCoverage 		-R /sandbox/users/mguillout/pipeline/REFERENCES/human_g1k_v37.fasta 		--validation_strictness LENIENT 		-L:capture,BED BED/chrX.bed 		--minMappingQuality 30 		-ct 1 -ct 5 -ct 10 -ct 15 -ct 20 -ct 25 -ct 30 		-I Samples/Sample33/BAM/Sample33.final.bam 		-o Samples/Sample33/QC/Sample33.gatk_doc.chrX 		-omitIntervals 		-omitBaseOutput
Submitted job 21 with external jobid 'Your job 4141813 ("snakejob.depthOfCoverage.21.sh") has been submitted'.

[Tue Sep  8 14:37:21 2020]
rule haplotypeCaller:
    input: /sandbox/users/mguillout/pipeline/REFERENCES/human_g1k_v37.fasta, BED/capture.extended1000.bed, Samples/Sample33/BAM/Sample33.final.bam, Samples/Sample33/BAM/Sample33.final.bai, /sandbox/users/mguillout/pipeline/REFERENCES/dbsnp_138.b37.vcf.gz, /sandbox/users/mguillout/pipeline/REFERENCES/human_g1k_v37.dict, gatkPresent.txt
    output: Samples/Sample33/VCF/Sample33.hapcaller.g.vcf, Samples/Sample33/VCF/Sample33.hapcaller.g.vcf.idx
    jobid: 129
    reason: Input files updated by another job: gatkPresent.txt, Samples/Sample33/BAM/Sample33.final.bam, Samples/Sample33/BAM/Sample33.final.bai
    wildcards: sample=Sample33

gatk -Djava.io.tmpdir=Samples/Sample33/VCF -XX:ParallelGCThreads=5 -Xmx3g -T HaplotypeCaller 		-R /sandbox/users/mguillout/pipeline/REFERENCES/human_g1k_v37.fasta 		--emitRefConfidence GVCF 		-variant_index_type LINEAR 		-variant_index_parameter 128000 		-stand_call_conf 30.0 		-nct 1 		-rf ReadLength 		-minRead 0 		-maxRead 10000 		-S SILENT 		-L:capture,BED BED/capture.extended1000.bed 		-I Samples/Sample33/BAM/Sample33.final.bam 		--dbsnp:dbsnp,VCF /sandbox/users/mguillout/pipeline/REFERENCES/dbsnp_138.b37.vcf.gz 		-o Samples/Sample33/VCF/Sample33.hapcaller.g.vcf
Submitted job 129 with external jobid 'Your job 4141814 ("snakejob.haplotypeCaller.129.sh") has been submitted'.

[Tue Sep  8 14:37:21 2020]
rule picardMetrics:
    input: Samples/Sample33/BAM/Sample33.final.bam, Samples/Sample33/BAM/Sample33.final.bai, BED/capture.interval_list, /sandbox/users/mguillout/pipeline/REFERENCES/human_g1k_v37.fasta
    output: Samples/Sample33/QC/Sample33.picard_metrics.alignment_summary_metrics, Samples/Sample33/QC/Sample33.picard_metrics.base_distribution_by_cycle_metrics, Samples/Sample33/QC/Sample33.picard_metrics.base_distribution_by_cycle.pdf, Samples/Sample33/QC/Sample33.picard_metrics.insert_size_histogram.pdf, Samples/Sample33/QC/Sample33.picard_metrics.insert_size_metrics, Samples/Sample33/QC/Sample33.picard_metrics.quality_by_cycle_metrics, Samples/Sample33/QC/Sample33.picard_metrics.quality_by_cycle.pdf, Samples/Sample33/QC/Sample33.picard_metrics.quality_distribution_metrics, Samples/Sample33/QC/Sample33.picard_metrics.quality_distribution.pdf
    jobid: 27
    reason: Input files updated by another job: Samples/Sample33/BAM/Sample33.final.bam, Samples/Sample33/BAM/Sample33.final.bai
    wildcards: sample=Sample33

picard -Xmx2g CollectMultipleMetrics 		I=Samples/Sample33/BAM/Sample33.final.bam 		O=Samples/Sample33/QC/Sample33.picard_metrics 		R=/sandbox/users/mguillout/pipeline/REFERENCES/human_g1k_v37.fasta 		INTERVALS=BED/capture.interval_list
Submitted job 27 with external jobid 'Your job 4141815 ("snakejob.picardMetrics.27.sh") has been submitted'.

[Tue Sep  8 14:37:21 2020]
rule depthOfCoverage:
    input: /sandbox/users/mguillout/pipeline/REFERENCES/human_g1k_v37.fasta, Samples/Sample33/BAM/Sample33.final.bam, Samples/Sample33/BAM/Sample33.final.bai, BED/autosomes.bed, /sandbox/users/mguillout/pipeline/REFERENCES/human_g1k_v37.fasta.fai, gatkPresent.txt
    output: Samples/Sample33/QC/Sample33.gatk_doc.autosomes.sample_cumulative_coverage_counts, Samples/Sample33/QC/Sample33.gatk_doc.autosomes.sample_cumulative_coverage_proportions, Samples/Sample33/QC/Sample33.gatk_doc.autosomes.sample_statistics, Samples/Sample33/QC/Sample33.gatk_doc.autosomes.sample_summary
    jobid: 20
    reason: Input files updated by another job: gatkPresent.txt, Samples/Sample33/BAM/Sample33.final.bam, Samples/Sample33/BAM/Sample33.final.bai
    wildcards: sample=Sample33, capture=autosomes

gatk -Djava.io.tmpdir=Samples/Sample33/QC -XX:ParallelGCThreads=3 -Xmx5g -T DepthOfCoverage 		-R /sandbox/users/mguillout/pipeline/REFERENCES/human_g1k_v37.fasta 		--validation_strictness LENIENT 		-L:capture,BED BED/autosomes.bed 		--minMappingQuality 30 		-ct 1 -ct 5 -ct 10 -ct 15 -ct 20 -ct 25 -ct 30 		-I Samples/Sample33/BAM/Sample33.final.bam 		-o Samples/Sample33/QC/Sample33.gatk_doc.autosomes 		-omitIntervals 		-omitBaseOutput
Submitted job 20 with external jobid 'Your job 4141816 ("snakejob.depthOfCoverage.20.sh") has been submitted'.
[Tue Sep  8 14:37:51 2020]
Finished job 22.
52 of 99 steps (53%) done
[Tue Sep  8 14:37:51 2020]
Finished job 21.
53 of 99 steps (54%) done
[Tue Sep  8 14:38:01 2020]
Finished job 27.
54 of 99 steps (55%) done
[Tue Sep  8 14:38:41 2020]
Finished job 11.
55 of 99 steps (56%) done
[Tue Sep  8 14:39:11 2020]
Finished job 20.
56 of 99 steps (57%) done
[Tue Sep  8 14:41:31 2020]
Finished job 79.
57 of 99 steps (58%) done

[Tue Sep  8 14:41:31 2020]
rule baseRecalibration:
    input: Samples/Sample32/BAM/Sample32.recal.table, /sandbox/users/mguillout/pipeline/REFERENCES/human_g1k_v37.fasta, Samples/Sample32/BAM/Sample32.realign.bam, Samples/Sample32/BAM/Sample32.realign.bai, /sandbox/users/mguillout/pipeline/REFERENCES/human_g1k_v37.dict, gatkPresent.txt
    output: Samples/Sample32/BAM/Sample32.final.bam, Samples/Sample32/BAM/Sample32.final.bai
    jobid: 54
    reason: Input files updated by another job: Samples/Sample32/BAM/Sample32.realign.bam, gatkPresent.txt, Samples/Sample32/BAM/Sample32.recal.table, Samples/Sample32/BAM/Sample32.realign.bai
    wildcards: sample=Sample32
    threads: 8

gatk -Djava.io.tmpdir=Samples/Sample32/BAM -XX:ParallelGCThreads=5 -Xmx4g -T PrintReads 		-nct 8 		-R /sandbox/users/mguillout/pipeline/REFERENCES/human_g1k_v37.fasta 		--bam_compression 9 		-BQSR Samples/Sample32/BAM/Sample32.recal.table 		--disable_indel_quals 		-I Samples/Sample32/BAM/Sample32.realign.bam 		-o Samples/Sample32/BAM/Sample32.final.bam 		--validation_strictness LENIENT 		-l INFO
Submitted job 54 with external jobid 'Your job 4141819 ("snakejob.baseRecalibration.54.sh") has been submitted'.
Write-protecting output file Samples/Sample1/VCF/Sample1.hapcaller.g.vcf.
Write-protecting output file Samples/Sample1/VCF/Sample1.hapcaller.g.vcf.idx.
[Tue Sep  8 14:44:02 2020]
Finished job 127.
58 of 99 steps (59%) done
Write-protecting output file Samples/Sample32/BAM/Sample32.final.bam.
Write-protecting output file Samples/Sample32/BAM/Sample32.final.bai.
Removing temporary output file Samples/Sample32/BAM/Sample32.recal.table.
Removing temporary output file Samples/Sample32/BAM/Sample32.realign.bam.
Removing temporary output file Samples/Sample32/BAM/Sample32.realign.bai.
[Tue Sep  8 14:45:35 2020]
Finished job 54.
59 of 99 steps (60%) done

[Tue Sep  8 14:45:35 2020]
rule depthOfCoverage:
    input: /sandbox/users/mguillout/pipeline/REFERENCES/human_g1k_v37.fasta, Samples/Sample32/BAM/Sample32.final.bam, Samples/Sample32/BAM/Sample32.final.bai, BED/autosomes.bed, /sandbox/users/mguillout/pipeline/REFERENCES/human_g1k_v37.fasta.fai, gatkPresent.txt
    output: Samples/Sample32/QC/Sample32.gatk_doc.autosomes.sample_cumulative_coverage_counts, Samples/Sample32/QC/Sample32.gatk_doc.autosomes.sample_cumulative_coverage_proportions, Samples/Sample32/QC/Sample32.gatk_doc.autosomes.sample_statistics, Samples/Sample32/QC/Sample32.gatk_doc.autosomes.sample_summary
    jobid: 17
    reason: Input files updated by another job: gatkPresent.txt, Samples/Sample32/BAM/Sample32.final.bam, Samples/Sample32/BAM/Sample32.final.bai
    wildcards: sample=Sample32, capture=autosomes

gatk -Djava.io.tmpdir=Samples/Sample32/QC -XX:ParallelGCThreads=3 -Xmx5g -T DepthOfCoverage 		-R /sandbox/users/mguillout/pipeline/REFERENCES/human_g1k_v37.fasta 		--validation_strictness LENIENT 		-L:capture,BED BED/autosomes.bed 		--minMappingQuality 30 		-ct 1 -ct 5 -ct 10 -ct 15 -ct 20 -ct 25 -ct 30 		-I Samples/Sample32/BAM/Sample32.final.bam 		-o Samples/Sample32/QC/Sample32.gatk_doc.autosomes 		-omitIntervals 		-omitBaseOutput
Submitted job 17 with external jobid 'Your job 4141822 ("snakejob.depthOfCoverage.17.sh") has been submitted'.

[Tue Sep  8 14:45:35 2020]
rule depthOfCoverage:
    input: /sandbox/users/mguillout/pipeline/REFERENCES/human_g1k_v37.fasta, Samples/Sample32/BAM/Sample32.final.bam, Samples/Sample32/BAM/Sample32.final.bai, BED/chrX.bed, /sandbox/users/mguillout/pipeline/REFERENCES/human_g1k_v37.fasta.fai, gatkPresent.txt
    output: Samples/Sample32/QC/Sample32.gatk_doc.chrX.sample_cumulative_coverage_counts, Samples/Sample32/QC/Sample32.gatk_doc.chrX.sample_cumulative_coverage_proportions, Samples/Sample32/QC/Sample32.gatk_doc.chrX.sample_statistics, Samples/Sample32/QC/Sample32.gatk_doc.chrX.sample_summary
    jobid: 18
    reason: Input files updated by another job: gatkPresent.txt, Samples/Sample32/BAM/Sample32.final.bam, Samples/Sample32/BAM/Sample32.final.bai
    wildcards: sample=Sample32, capture=chrX

gatk -Djava.io.tmpdir=Samples/Sample32/QC -XX:ParallelGCThreads=3 -Xmx5g -T DepthOfCoverage 		-R /sandbox/users/mguillout/pipeline/REFERENCES/human_g1k_v37.fasta 		--validation_strictness LENIENT 		-L:capture,BED BED/chrX.bed 		--minMappingQuality 30 		-ct 1 -ct 5 -ct 10 -ct 15 -ct 20 -ct 25 -ct 30 		-I Samples/Sample32/BAM/Sample32.final.bam 		-o Samples/Sample32/QC/Sample32.gatk_doc.chrX 		-omitIntervals 		-omitBaseOutput
Submitted job 18 with external jobid 'Your job 4141823 ("snakejob.depthOfCoverage.18.sh") has been submitted'.

[Tue Sep  8 14:45:35 2020]
rule picardMetrics:
    input: Samples/Sample32/BAM/Sample32.final.bam, Samples/Sample32/BAM/Sample32.final.bai, BED/capture.interval_list, /sandbox/users/mguillout/pipeline/REFERENCES/human_g1k_v37.fasta
    output: Samples/Sample32/QC/Sample32.picard_metrics.alignment_summary_metrics, Samples/Sample32/QC/Sample32.picard_metrics.base_distribution_by_cycle_metrics, Samples/Sample32/QC/Sample32.picard_metrics.base_distribution_by_cycle.pdf, Samples/Sample32/QC/Sample32.picard_metrics.insert_size_histogram.pdf, Samples/Sample32/QC/Sample32.picard_metrics.insert_size_metrics, Samples/Sample32/QC/Sample32.picard_metrics.quality_by_cycle_metrics, Samples/Sample32/QC/Sample32.picard_metrics.quality_by_cycle.pdf, Samples/Sample32/QC/Sample32.picard_metrics.quality_distribution_metrics, Samples/Sample32/QC/Sample32.picard_metrics.quality_distribution.pdf
    jobid: 26
    reason: Input files updated by another job: Samples/Sample32/BAM/Sample32.final.bam, Samples/Sample32/BAM/Sample32.final.bai
    wildcards: sample=Sample32

picard -Xmx2g CollectMultipleMetrics 		I=Samples/Sample32/BAM/Sample32.final.bam 		O=Samples/Sample32/QC/Sample32.picard_metrics 		R=/sandbox/users/mguillout/pipeline/REFERENCES/human_g1k_v37.fasta 		INTERVALS=BED/capture.interval_list
Submitted job 26 with external jobid 'Your job 4141824 ("snakejob.picardMetrics.26.sh") has been submitted'.

[Tue Sep  8 14:45:36 2020]
rule haplotypeCaller:
    input: /sandbox/users/mguillout/pipeline/REFERENCES/human_g1k_v37.fasta, BED/capture.extended1000.bed, Samples/Sample32/BAM/Sample32.final.bam, Samples/Sample32/BAM/Sample32.final.bai, /sandbox/users/mguillout/pipeline/REFERENCES/dbsnp_138.b37.vcf.gz, /sandbox/users/mguillout/pipeline/REFERENCES/human_g1k_v37.dict, gatkPresent.txt
    output: Samples/Sample32/VCF/Sample32.hapcaller.g.vcf, Samples/Sample32/VCF/Sample32.hapcaller.g.vcf.idx
    jobid: 128
    reason: Input files updated by another job: gatkPresent.txt, Samples/Sample32/BAM/Sample32.final.bam, Samples/Sample32/BAM/Sample32.final.bai
    wildcards: sample=Sample32

gatk -Djava.io.tmpdir=Samples/Sample32/VCF -XX:ParallelGCThreads=5 -Xmx3g -T HaplotypeCaller 		-R /sandbox/users/mguillout/pipeline/REFERENCES/human_g1k_v37.fasta 		--emitRefConfidence GVCF 		-variant_index_type LINEAR 		-variant_index_parameter 128000 		-stand_call_conf 30.0 		-nct 1 		-rf ReadLength 		-minRead 0 		-maxRead 10000 		-S SILENT 		-L:capture,BED BED/capture.extended1000.bed 		-I Samples/Sample32/BAM/Sample32.final.bam 		--dbsnp:dbsnp,VCF /sandbox/users/mguillout/pipeline/REFERENCES/dbsnp_138.b37.vcf.gz 		-o Samples/Sample32/VCF/Sample32.hapcaller.g.vcf
Submitted job 128 with external jobid 'Your job 4141825 ("snakejob.haplotypeCaller.128.sh") has been submitted'.

[Tue Sep  8 14:45:36 2020]
rule depthOfCoverage:
    input: /sandbox/users/mguillout/pipeline/REFERENCES/human_g1k_v37.fasta, Samples/Sample32/BAM/Sample32.final.bam, Samples/Sample32/BAM/Sample32.final.bai, BED/chrY.bed, /sandbox/users/mguillout/pipeline/REFERENCES/human_g1k_v37.fasta.fai, gatkPresent.txt
    output: Samples/Sample32/QC/Sample32.gatk_doc.chrY.sample_cumulative_coverage_counts, Samples/Sample32/QC/Sample32.gatk_doc.chrY.sample_cumulative_coverage_proportions, Samples/Sample32/QC/Sample32.gatk_doc.chrY.sample_statistics, Samples/Sample32/QC/Sample32.gatk_doc.chrY.sample_summary
    jobid: 19
    reason: Input files updated by another job: gatkPresent.txt, Samples/Sample32/BAM/Sample32.final.bam, Samples/Sample32/BAM/Sample32.final.bai
    wildcards: sample=Sample32, capture=chrY

gatk -Djava.io.tmpdir=Samples/Sample32/QC -XX:ParallelGCThreads=3 -Xmx5g -T DepthOfCoverage 		-R /sandbox/users/mguillout/pipeline/REFERENCES/human_g1k_v37.fasta 		--validation_strictness LENIENT 		-L:capture,BED BED/chrY.bed 		--minMappingQuality 30 		-ct 1 -ct 5 -ct 10 -ct 15 -ct 20 -ct 25 -ct 30 		-I Samples/Sample32/BAM/Sample32.final.bam 		-o Samples/Sample32/QC/Sample32.gatk_doc.chrY 		-omitIntervals 		-omitBaseOutput
Submitted job 19 with external jobid 'Your job 4141826 ("snakejob.depthOfCoverage.19.sh") has been submitted'.
Write-protecting output file Samples/Sample29/VCF/Sample29.hapcaller.g.vcf.
Write-protecting output file Samples/Sample29/VCF/Sample29.hapcaller.g.vcf.idx.
[Tue Sep  8 14:45:45 2020]
Finished job 126.
60 of 99 steps (61%) done
[Tue Sep  8 14:45:55 2020]
Finished job 18.
61 of 99 steps (62%) done
[Tue Sep  8 14:45:55 2020]
Finished job 19.
62 of 99 steps (63%) done
[Tue Sep  8 14:46:16 2020]
Finished job 26.
63 of 99 steps (64%) done
Write-protecting output file Samples/Sample33/VCF/Sample33.hapcaller.g.vcf.
Write-protecting output file Samples/Sample33/VCF/Sample33.hapcaller.g.vcf.idx.
[Tue Sep  8 14:49:37 2020]
Finished job 129.
64 of 99 steps (65%) done
[Tue Sep  8 14:51:37 2020]
Finished job 17.
65 of 99 steps (66%) done
Write-protecting output file Samples/Sample32/VCF/Sample32.hapcaller.g.vcf.
Write-protecting output file Samples/Sample32/VCF/Sample32.hapcaller.g.vcf.idx.
[Tue Sep  8 15:31:20 2020]
Finished job 128.
66 of 99 steps (67%) done

[Tue Sep  8 15:31:20 2020]
rule createGVCFList:
    input: Samples/Sample10/VCF/Sample10.hapcaller.g.vcf, Samples/Sample29/VCF/Sample29.hapcaller.g.vcf, Samples/Sample1/VCF/Sample1.hapcaller.g.vcf, Samples/Sample32/VCF/Sample32.hapcaller.g.vcf, Samples/Sample33/VCF/Sample33.hapcaller.g.vcf
    output: VCF/gvcf.list
    jobid: 124
    reason: Missing output files: VCF/gvcf.list; Input files updated by another job: Samples/Sample33/VCF/Sample33.hapcaller.g.vcf, Samples/Sample1/VCF/Sample1.hapcaller.g.vcf, Samples/Sample29/VCF/Sample29.hapcaller.g.vcf, Samples/Sample10/VCF/Sample10.hapcaller.g.vcf, Samples/Sample32/VCF/Sample32.hapcaller.g.vcf

Submitted job 124 with external jobid 'Your job 4141841 ("snakejob.createGVCFList.124.sh") has been submitted'.
[Tue Sep  8 15:31:30 2020]
Finished job 124.
67 of 99 steps (68%) done

[Tue Sep  8 15:31:30 2020]
rule combineGVCF:
    input: /sandbox/users/mguillout/pipeline/REFERENCES/human_g1k_v37.fasta, VCF/gvcf.list, /sandbox/users/mguillout/pipeline/REFERENCES/human_g1k_v37.dict, gatkPresent.txt
    output: VCF/hapcaller.combined.g.vcf.gz, VCF/hapcaller.combined.g.vcf.gz.tbi
    jobid: 123
    reason: Missing output files: VCF/hapcaller.combined.g.vcf.gz, VCF/hapcaller.combined.g.vcf.gz.tbi; Input files updated by another job: gatkPresent.txt, VCF/gvcf.list

gatk -Djava.io.tmpdir=VCF -XX:ParallelGCThreads=3 -Xmx10g -T CombineGVCFs 		-R /sandbox/users/mguillout/pipeline/REFERENCES/human_g1k_v37.fasta 		--variant VCF/gvcf.list 		-S SILENT 		-o VCF/hapcaller.combined.g.vcf.gz
Submitted job 123 with external jobid 'Your job 4141842 ("snakejob.combineGVCF.123.sh") has been submitted'.
