Building DAG of jobs...
Using shell: /usr/bin/bash
Provided cluster nodes: 12
Job counts:
	count	jobs
	2	align
	1	annotANNOVAR
	1	annotINTERVAR
	1	annotVEP
	2	baseRecalibration
	1	bedToPicardInterval
	3	bgzip
	1	combineGVCF
	1	combineVCF
	4	concatFastq
	1	copyBed
	2	createBaseRecalibrationTable
	1	createGVCFList
	6	depthOfCoverage
	1	downloadGATK
	1	extendBed
	1	extractGNOMAD
	1	extractGNOMADVEP
	4	fastQC
	1	filterIndels
	1	filterSNVs
	1	filtration_freq_and_genes
	1	freqGNOMAD
	1	genotypeGVCF
	1	gunzipCADD
	2	haplotypeCaller
	2	indelRealign
	1	makeAutosomesBed
	1	makeChrXBed
	1	makeChrYBed
	2	markDuplicates
	2	merge
	1	merge_fields
	2	picardMetrics
	2	realignTargetCreator
	1	scoreCADD
	1	selectIndels
	1	selectSNVs
	2	sort
	3	tabix
	1	target
	66

[Mon Aug 24 05:17:06 2020]
rule align:
    input: /sandbox/users/mguillout/pipeline/REFERENCES/human_g1k_v37.fasta, /sandbox/shares/EGA_GWAS_data/ATIP_Avenir_SLimou/exome-pipeline/PKAN_pipeline/samples/pkdp30_R1.fastq.gz, /sandbox/shares/EGA_GWAS_data/ATIP_Avenir_SLimou/exome-pipeline/PKAN_pipeline/samples/pkdp30_R2.fastq.gz, /sandbox/users/mguillout/pipeline/REFERENCES/human_g1k_v37.fasta.bwt
    output: Samples/Sample30/BAM/Sample30.p1.sam
    jobid: 58
    reason: Missing output files: Samples/Sample30/BAM/Sample30.p1.sam
    wildcards: sample=Sample30, pairID=p1

bwa mem -t 1 -M 		-H '@CO\tProject:pipelineTest Sample:Sample30 Date:2020-08-24 CWD:/sandbox/users/mguillout/externalshares/Application/pipeline/testPKD Capture:{ name : captureName , description : exome capture 1 , path : /sandbox/users/mguillout/pipeline/REFERENCES/Broad.human.exome.b37.bed}' 		-R '@RG\tID:Sample30\tLB:Sample30\tSM:Sample30\tPL:Illumina\tCN:CENTER' 		/sandbox/users/mguillout/pipeline/REFERENCES/human_g1k_v37.fasta /sandbox/shares/EGA_GWAS_data/ATIP_Avenir_SLimou/exome-pipeline/PKAN_pipeline/samples/pkdp30_R1.fastq.gz /sandbox/shares/EGA_GWAS_data/ATIP_Avenir_SLimou/exome-pipeline/PKAN_pipeline/samples/pkdp30_R2.fastq.gz > Samples/Sample30/BAM/Sample30.p1.sam
Submitted job 58 with external jobid 'Your job 4091324 ("snakejob.align.58.sh") has been submitted'.

[Mon Aug 24 05:17:07 2020]
rule concatFastq:
    input: /sandbox/shares/EGA_GWAS_data/ATIP_Avenir_SLimou/exome-pipeline/PKAN_pipeline/samples/pkdp22_R1.fastq.gz
    output: Samples/Sample22/QC/Sample22.fastqc.forward.gz
    jobid: 28
    reason: Missing output files: Samples/Sample22/QC/Sample22.fastqc.forward.gz
    wildcards: sample=Sample22, strand=forward

cat /sandbox/shares/EGA_GWAS_data/ATIP_Avenir_SLimou/exome-pipeline/PKAN_pipeline/samples/pkdp22_R1.fastq.gz > Samples/Sample22/QC/Sample22.fastqc.forward.gz
Submitted job 28 with external jobid 'Your job 4091325 ("snakejob.concatFastq.28.sh") has been submitted'.

[Mon Aug 24 05:17:07 2020]
rule concatFastq:
    input: /sandbox/shares/EGA_GWAS_data/ATIP_Avenir_SLimou/exome-pipeline/PKAN_pipeline/samples/pkdp30_R2.fastq.gz
    output: Samples/Sample30/QC/Sample30.fastqc.reverse.gz
    jobid: 31
    reason: Missing output files: Samples/Sample30/QC/Sample30.fastqc.reverse.gz
    wildcards: sample=Sample30, strand=reverse

cat /sandbox/shares/EGA_GWAS_data/ATIP_Avenir_SLimou/exome-pipeline/PKAN_pipeline/samples/pkdp30_R2.fastq.gz > Samples/Sample30/QC/Sample30.fastqc.reverse.gz
Submitted job 31 with external jobid 'Your job 4091326 ("snakejob.concatFastq.31.sh") has been submitted'.

[Mon Aug 24 05:17:07 2020]
rule downloadGATK:
    output: gatkPresent.txt
    jobid: 23
    reason: Missing output files: gatkPresent.txt

Submitted job 23 with external jobid 'Your job 4091327 ("snakejob.downloadGATK.23.sh") has been submitted'.

[Mon Aug 24 05:17:07 2020]
rule copyBed:
    input: /sandbox/users/mguillout/pipeline/REFERENCES/Broad.human.exome.b37.bed, /sandbox/users/mguillout/pipeline/REFERENCES/human_g1k_v37.fasta.fai
    output: BED/capture.bed
    jobid: 39
    reason: Missing output files: BED/capture.bed

tr -d '\r' < /sandbox/users/mguillout/pipeline/REFERENCES/Broad.human.exome.b37.bed | grep -v '^browser'  | grep -v '^track' | cut -f1,2,3 | sed 's/^chr//' | LC_ALL=C sort -t '	' -k1,1 -k2,2n -k3,3n | bedtools merge | bedtools sort -faidx /sandbox/users/mguillout/pipeline/REFERENCES/human_g1k_v37.fasta.fai > BED/capture.bed
Submitted job 39 with external jobid 'Your job 4091328 ("snakejob.copyBed.39.sh") has been submitted'.

[Mon Aug 24 05:17:07 2020]
rule align:
    input: /sandbox/users/mguillout/pipeline/REFERENCES/human_g1k_v37.fasta, /sandbox/shares/EGA_GWAS_data/ATIP_Avenir_SLimou/exome-pipeline/PKAN_pipeline/samples/pkdp22_R1.fastq.gz, /sandbox/shares/EGA_GWAS_data/ATIP_Avenir_SLimou/exome-pipeline/PKAN_pipeline/samples/pkdp22_R2.fastq.gz, /sandbox/users/mguillout/pipeline/REFERENCES/human_g1k_v37.fasta.bwt
    output: Samples/Sample22/BAM/Sample22.p1.sam
    jobid: 57
    reason: Missing output files: Samples/Sample22/BAM/Sample22.p1.sam
    wildcards: sample=Sample22, pairID=p1

bwa mem -t 1 -M 		-H '@CO\tProject:pipelineTest Sample:Sample22 Date:2020-08-24 CWD:/sandbox/users/mguillout/externalshares/Application/pipeline/testPKD Capture:{ name : captureName , description : exome capture 1 , path : /sandbox/users/mguillout/pipeline/REFERENCES/Broad.human.exome.b37.bed}' 		-R '@RG\tID:Sample22\tLB:Sample22\tSM:Sample22\tPL:Illumina\tCN:CENTER' 		/sandbox/users/mguillout/pipeline/REFERENCES/human_g1k_v37.fasta /sandbox/shares/EGA_GWAS_data/ATIP_Avenir_SLimou/exome-pipeline/PKAN_pipeline/samples/pkdp22_R1.fastq.gz /sandbox/shares/EGA_GWAS_data/ATIP_Avenir_SLimou/exome-pipeline/PKAN_pipeline/samples/pkdp22_R2.fastq.gz > Samples/Sample22/BAM/Sample22.p1.sam
Submitted job 57 with external jobid 'Your job 4091329 ("snakejob.align.57.sh") has been submitted'.

[Mon Aug 24 05:17:07 2020]
rule concatFastq:
    input: /sandbox/shares/EGA_GWAS_data/ATIP_Avenir_SLimou/exome-pipeline/PKAN_pipeline/samples/pkdp22_R2.fastq.gz
    output: Samples/Sample22/QC/Sample22.fastqc.reverse.gz
    jobid: 29
    reason: Missing output files: Samples/Sample22/QC/Sample22.fastqc.reverse.gz
    wildcards: sample=Sample22, strand=reverse

cat /sandbox/shares/EGA_GWAS_data/ATIP_Avenir_SLimou/exome-pipeline/PKAN_pipeline/samples/pkdp22_R2.fastq.gz > Samples/Sample22/QC/Sample22.fastqc.reverse.gz
Submitted job 29 with external jobid 'Your job 4091330 ("snakejob.concatFastq.29.sh") has been submitted'.

[Mon Aug 24 05:17:07 2020]
rule concatFastq:
    input: /sandbox/shares/EGA_GWAS_data/ATIP_Avenir_SLimou/exome-pipeline/PKAN_pipeline/samples/pkdp30_R1.fastq.gz
    output: Samples/Sample30/QC/Sample30.fastqc.forward.gz
    jobid: 30
    reason: Missing output files: Samples/Sample30/QC/Sample30.fastqc.forward.gz
    wildcards: sample=Sample30, strand=forward

cat /sandbox/shares/EGA_GWAS_data/ATIP_Avenir_SLimou/exome-pipeline/PKAN_pipeline/samples/pkdp30_R1.fastq.gz > Samples/Sample30/QC/Sample30.fastqc.forward.gz
Submitted job 30 with external jobid 'Your job 4091331 ("snakejob.concatFastq.30.sh") has been submitted'.
[Mon Aug 24 05:17:26 2020]
Finished job 39.
1 of 66 steps (2%) done

[Mon Aug 24 05:17:26 2020]
rule makeChrXBed:
    input: BED/capture.bed
    output: BED/chrX.bed
    jobid: 24
    reason: Missing output files: BED/chrX.bed; Input files updated by another job: BED/capture.bed

awk -F '	' '($1=="X")' BED/capture.bed > BED/chrX.bed
Submitted job 24 with external jobid 'Your job 4091332 ("snakejob.makeChrXBed.24.sh") has been submitted'.

[Mon Aug 24 05:17:27 2020]
rule makeChrYBed:
    input: BED/capture.bed
    output: BED/chrY.bed
    jobid: 25
    reason: Missing output files: BED/chrY.bed; Input files updated by another job: BED/capture.bed

awk -F '	' '($1=="Y")' BED/capture.bed > BED/chrY.bed
Submitted job 25 with external jobid 'Your job 4091333 ("snakejob.makeChrYBed.25.sh") has been submitted'.

[Mon Aug 24 05:17:27 2020]
rule bedToPicardInterval:
    input: BED/capture.bed, /sandbox/users/mguillout/pipeline/REFERENCES/human_g1k_v37.dict
    output: BED/capture.interval_list
    jobid: 27
    reason: Missing output files: BED/capture.interval_list; Input files updated by another job: BED/capture.bed
    wildcards: base=BED/capture

picard BedToIntervalList I=BED/capture.bed O=BED/capture.interval_list SD=/sandbox/users/mguillout/pipeline/REFERENCES/human_g1k_v37.dict
Submitted job 27 with external jobid 'Your job 4091334 ("snakejob.bedToPicardInterval.27.sh") has been submitted'.

[Mon Aug 24 05:17:27 2020]
rule makeAutosomesBed:
    input: BED/capture.bed
    output: BED/autosomes.bed
    jobid: 21
    reason: Missing output files: BED/autosomes.bed; Input files updated by another job: BED/capture.bed

awk -F '	' '(int($1)>0)' BED/capture.bed > BED/autosomes.bed
Submitted job 21 with external jobid 'Your job 4091335 ("snakejob.makeAutosomesBed.21.sh") has been submitted'.

[Mon Aug 24 05:17:27 2020]
rule extendBed:
    input: BED/capture.bed, /sandbox/users/mguillout/pipeline/REFERENCES/human_g1k_v37.fasta.fai
    output: BED/capture.extended1000.bed
    jobid: 43
    reason: Missing output files: BED/capture.extended1000.bed; Input files updated by another job: BED/capture.bed

bedtools slop -b 1000 -g /sandbox/users/mguillout/pipeline/REFERENCES/human_g1k_v37.fasta.fai -i BED/capture.bed | LC_ALL=C sort -t '	' -k1,1 -k2,2n -k3,3n | bedtools merge -d 1000 | bedtools sort -faidx /sandbox/users/mguillout/pipeline/REFERENCES/human_g1k_v37.fasta.fai > BED/capture.extended1000.bed
Submitted job 43 with external jobid 'Your job 4091336 ("snakejob.extendBed.43.sh") has been submitted'.
[Mon Aug 24 05:17:48 2020]
Finished job 23.
2 of 66 steps (3%) done
[Mon Aug 24 05:17:48 2020]
Finished job 24.
3 of 66 steps (5%) done
[Mon Aug 24 05:17:48 2020]
Finished job 25.
4 of 66 steps (6%) done
[Mon Aug 24 05:17:48 2020]
Finished job 27.
5 of 66 steps (8%) done
[Mon Aug 24 05:17:49 2020]
Finished job 21.
6 of 66 steps (9%) done
[Mon Aug 24 05:17:49 2020]
Finished job 43.
7 of 66 steps (11%) done
[Mon Aug 24 05:18:19 2020]
Finished job 28.
8 of 66 steps (12%) done

[Mon Aug 24 05:18:19 2020]
rule fastQC:
    input: Samples/Sample22/QC/Sample22.fastqc.forward.gz
    output: Samples/Sample22/QC/Sample22.fastqc.forward_fastqc.zip
    jobid: 12
    reason: Missing output files: Samples/Sample22/QC/Sample22.fastqc.forward_fastqc.zip; Input files updated by another job: Samples/Sample22/QC/Sample22.fastqc.forward.gz
    wildcards: sample=Sample22, strand=forward

fastqc -o Samples/Sample22/QC --format fastq --noextract Samples/Sample22/QC/Sample22.fastqc.forward.gz
Submitted job 12 with external jobid 'Your job 4091341 ("snakejob.fastQC.12.sh") has been submitted'.
[Mon Aug 24 05:18:29 2020]
Finished job 31.
9 of 66 steps (14%) done

[Mon Aug 24 05:18:29 2020]
rule fastQC:
    input: Samples/Sample30/QC/Sample30.fastqc.reverse.gz
    output: Samples/Sample30/QC/Sample30.fastqc.reverse_fastqc.zip
    jobid: 15
    reason: Missing output files: Samples/Sample30/QC/Sample30.fastqc.reverse_fastqc.zip; Input files updated by another job: Samples/Sample30/QC/Sample30.fastqc.reverse.gz
    wildcards: sample=Sample30, strand=reverse

fastqc -o Samples/Sample30/QC --format fastq --noextract Samples/Sample30/QC/Sample30.fastqc.reverse.gz
[Mon Aug 24 05:18:29 2020]
Finished job 29.
10 of 66 steps (15%) done
Submitted job 15 with external jobid 'Your job 4091342 ("snakejob.fastQC.15.sh") has been submitted'.
[Mon Aug 24 05:18:29 2020]
Finished job 30.
11 of 66 steps (17%) done

[Mon Aug 24 05:18:29 2020]
rule fastQC:
    input: Samples/Sample22/QC/Sample22.fastqc.reverse.gz
    output: Samples/Sample22/QC/Sample22.fastqc.reverse_fastqc.zip
    jobid: 13
    reason: Missing output files: Samples/Sample22/QC/Sample22.fastqc.reverse_fastqc.zip; Input files updated by another job: Samples/Sample22/QC/Sample22.fastqc.reverse.gz
    wildcards: sample=Sample22, strand=reverse

fastqc -o Samples/Sample22/QC --format fastq --noextract Samples/Sample22/QC/Sample22.fastqc.reverse.gz
Submitted job 13 with external jobid 'Your job 4091343 ("snakejob.fastQC.13.sh") has been submitted'.

[Mon Aug 24 05:18:29 2020]
rule fastQC:
    input: Samples/Sample30/QC/Sample30.fastqc.forward.gz
    output: Samples/Sample30/QC/Sample30.fastqc.forward_fastqc.zip
    jobid: 14
    reason: Missing output files: Samples/Sample30/QC/Sample30.fastqc.forward_fastqc.zip; Input files updated by another job: Samples/Sample30/QC/Sample30.fastqc.forward.gz
    wildcards: sample=Sample30, strand=forward

fastqc -o Samples/Sample30/QC --format fastq --noextract Samples/Sample30/QC/Sample30.fastqc.forward.gz
Submitted job 14 with external jobid 'Your job 4091344 ("snakejob.fastQC.14.sh") has been submitted'.
[Mon Aug 24 05:31:22 2020]
Finished job 12.
12 of 66 steps (18%) done
[Mon Aug 24 05:32:53 2020]
Finished job 14.
13 of 66 steps (20%) done
[Mon Aug 24 05:33:03 2020]
Finished job 15.
14 of 66 steps (21%) done
[Mon Aug 24 05:50:05 2020]
Finished job 13.
15 of 66 steps (23%) done
[Mon Aug 24 18:08:41 2020]
Finished job 57.
16 of 66 steps (24%) done

[Mon Aug 24 18:08:41 2020]
rule sort:
    input: /sandbox/users/mguillout/pipeline/REFERENCES/human_g1k_v37.fasta, Samples/Sample22/BAM/Sample22.p1.sam, /sandbox/users/mguillout/pipeline/REFERENCES/human_g1k_v37.fasta.fai
    output: Samples/Sample22/BAM/Sample22.p1.sorted.bam
    jobid: 53
    reason: Missing output files: Samples/Sample22/BAM/Sample22.p1.sorted.bam; Input files updated by another job: Samples/Sample22/BAM/Sample22.p1.sam
    wildcards: sample=Sample22, pairID=p1

samtools sort --reference /sandbox/users/mguillout/pipeline/REFERENCES/human_g1k_v37.fasta -l 9 -@ 1 -O bam -o Samples/Sample22/BAM/Sample22.p1.sorted.bam -T Samples/Sample22/BAM/Sample22.p1.sorted.bam.tmp Samples/Sample22/BAM/Sample22.p1.sam
Submitted job 53 with external jobid 'Your job 4091759 ("snakejob.sort.53.sh") has been submitted'.
Removing temporary output file Samples/Sample22/BAM/Sample22.p1.sam.
[Mon Aug 24 20:40:42 2020]
Finished job 53.
17 of 66 steps (26%) done

[Mon Aug 24 20:40:42 2020]
rule merge:
    input: Samples/Sample22/BAM/Sample22.p1.sorted.bam
    output: Samples/Sample22/BAM/Sample22.merged.bam, Samples/Sample22/BAM/Sample22.merged.bai
    jobid: 50
    reason: Missing output files: Samples/Sample22/BAM/Sample22.merged.bai, Samples/Sample22/BAM/Sample22.merged.bam; Input files updated by another job: Samples/Sample22/BAM/Sample22.p1.sorted.bam
    wildcards: sample=Sample22

Submitted job 50 with external jobid 'Your job 4092322 ("snakejob.merge.50.sh") has been submitted'.
Removing temporary output file Samples/Sample22/BAM/Sample22.p1.sorted.bam.
[Mon Aug 24 23:36:19 2020]
Finished job 50.
18 of 66 steps (27%) done

[Mon Aug 24 23:36:19 2020]
rule markDuplicates:
    input: Samples/Sample22/BAM/Sample22.merged.bam, Samples/Sample22/BAM/Sample22.merged.bai
    output: Samples/Sample22/BAM/Sample22.markdup.bam, Samples/Sample22/BAM/Sample22.markdup.bai, Samples/Sample22/QC/Sample22.markdup.metrics
    jobid: 45
    reason: Missing output files: Samples/Sample22/BAM/Sample22.markdup.bai, Samples/Sample22/BAM/Sample22.markdup.bam; Input files updated by another job: Samples/Sample22/BAM/Sample22.merged.bai, Samples/Sample22/BAM/Sample22.merged.bam
    wildcards: sample=Sample22

picard MarkDuplicates -Xmx5g TMP_DIR=Samples/Sample22/BAM MAX_RECORDS_IN_RAM=1000000 COMPRESSION_LEVEL=9 AS=true PG=PMD  VALIDATION_STRINGENCY=SILENT CREATE_INDEX=true O=Samples/Sample22/BAM/Sample22.markdup.bam I=Samples/Sample22/BAM/Sample22.merged.bam M=Samples/Sample22/QC/Sample22.markdup.metrics
Submitted job 45 with external jobid 'Your job 4092334 ("snakejob.markDuplicates.45.sh") has been submitted'.
Removing temporary output file Samples/Sample22/BAM/Sample22.merged.bai.
Removing temporary output file Samples/Sample22/BAM/Sample22.merged.bam.
[Tue Aug 25 01:50:59 2020]
Finished job 45.
19 of 66 steps (29%) done

[Tue Aug 25 01:50:59 2020]
rule realignTargetCreator:
    input: Samples/Sample22/BAM/Sample22.markdup.bam, Samples/Sample22/BAM/Sample22.markdup.bai, BED/capture.extended1000.bed, /sandbox/users/mguillout/pipeline/REFERENCES/human_g1k_v37.fasta, /sandbox/users/mguillout/pipeline/REFERENCES/1000G_phase1.indels.b37.vcf.gz, /sandbox/users/mguillout/pipeline/REFERENCES/Mills_and_1000G_gold_standard.indels.b37.vcf.gz, /sandbox/users/mguillout/pipeline/REFERENCES/human_g1k_v37.dict, gatkPresent.txt
    output: Samples/Sample22/BAM/Sample22.realign.intervals
    jobid: 44
    reason: Missing output files: Samples/Sample22/BAM/Sample22.realign.intervals; Input files updated by another job: gatkPresent.txt, Samples/Sample22/BAM/Sample22.markdup.bai, BED/capture.extended1000.bed, Samples/Sample22/BAM/Sample22.markdup.bam
    wildcards: sample=Sample22
    threads: 8

gatk -Djava.io.tmpdir=Samples/Sample22/BAM -Xmx5g -T RealignerTargetCreator 		-nt 8 		-R /sandbox/users/mguillout/pipeline/REFERENCES/human_g1k_v37.fasta 		-L:capture,BED BED/capture.extended1000.bed 		-I Samples/Sample22/BAM/Sample22.markdup.bam 		-o Samples/Sample22/BAM/Sample22.realign.intervals 		--known:onekindels,VCF /sandbox/users/mguillout/pipeline/REFERENCES/1000G_phase1.indels.b37.vcf.gz 		--known:millsindels,VCF /sandbox/users/mguillout/pipeline/REFERENCES/Mills_and_1000G_gold_standard.indels.b37.vcf.gz 		-S SILENT
Submitted job 44 with external jobid 'Your job 4092335 ("snakejob.realignTargetCreator.44.sh") has been submitted'.
[Tue Aug 25 01:55:10 2020]
Finished job 44.
20 of 66 steps (30%) done

[Tue Aug 25 01:55:10 2020]
rule indelRealign:
    input: Samples/Sample22/BAM/Sample22.realign.intervals, /sandbox/users/mguillout/pipeline/REFERENCES/human_g1k_v37.fasta, Samples/Sample22/BAM/Sample22.markdup.bam, Samples/Sample22/BAM/Sample22.markdup.bai, /sandbox/users/mguillout/pipeline/REFERENCES/1000G_phase1.indels.b37.vcf.gz, /sandbox/users/mguillout/pipeline/REFERENCES/Mills_and_1000G_gold_standard.indels.b37.vcf.gz, /sandbox/users/mguillout/pipeline/REFERENCES/human_g1k_v37.dict, gatkPresent.txt
    output: Samples/Sample22/BAM/Sample22.realign.bam, Samples/Sample22/BAM/Sample22.realign.bai
    jobid: 37
    reason: Missing output files: Samples/Sample22/BAM/Sample22.realign.bam, Samples/Sample22/BAM/Sample22.realign.bai; Input files updated by another job: gatkPresent.txt, Samples/Sample22/BAM/Sample22.markdup.bai, Samples/Sample22/BAM/Sample22.realign.intervals, Samples/Sample22/BAM/Sample22.markdup.bam
    wildcards: sample=Sample22

gatk -Djava.io.tmpdir=Samples/Sample22/BAM -XX:ParallelGCThreads=5 -Xmx2g -T IndelRealigner 		-R /sandbox/users/mguillout/pipeline/REFERENCES/human_g1k_v37.fasta 		--bam_compression 9 		-I Samples/Sample22/BAM/Sample22.markdup.bam 		-o Samples/Sample22/BAM/Sample22.realign.bam 		-targetIntervals Samples/Sample22/BAM/Sample22.realign.intervals 		-known:onekindels,VCF /sandbox/users/mguillout/pipeline/REFERENCES/1000G_phase1.indels.b37.vcf.gz 		-known:millsindels,VCF /sandbox/users/mguillout/pipeline/REFERENCES/Mills_and_1000G_gold_standard.indels.b37.vcf.gz 		-S SILENT
Submitted job 37 with external jobid 'Your job 4092336 ("snakejob.indelRealign.37.sh") has been submitted'.
[Tue Aug 25 03:07:05 2020]
Finished job 58.
21 of 66 steps (32%) done

[Tue Aug 25 03:07:05 2020]
rule sort:
    input: /sandbox/users/mguillout/pipeline/REFERENCES/human_g1k_v37.fasta, Samples/Sample30/BAM/Sample30.p1.sam, /sandbox/users/mguillout/pipeline/REFERENCES/human_g1k_v37.fasta.fai
    output: Samples/Sample30/BAM/Sample30.p1.sorted.bam
    jobid: 54
    reason: Missing output files: Samples/Sample30/BAM/Sample30.p1.sorted.bam; Input files updated by another job: Samples/Sample30/BAM/Sample30.p1.sam
    wildcards: sample=Sample30, pairID=p1

samtools sort --reference /sandbox/users/mguillout/pipeline/REFERENCES/human_g1k_v37.fasta -l 9 -@ 1 -O bam -o Samples/Sample30/BAM/Sample30.p1.sorted.bam -T Samples/Sample30/BAM/Sample30.p1.sorted.bam.tmp Samples/Sample30/BAM/Sample30.p1.sam
Submitted job 54 with external jobid 'Your job 4092337 ("snakejob.sort.54.sh") has been submitted'.
Removing temporary output file Samples/Sample30/BAM/Sample30.p1.sam.
[Tue Aug 25 04:22:01 2020]
Finished job 54.
22 of 66 steps (33%) done

[Tue Aug 25 04:22:01 2020]
rule merge:
    input: Samples/Sample30/BAM/Sample30.p1.sorted.bam
    output: Samples/Sample30/BAM/Sample30.merged.bam, Samples/Sample30/BAM/Sample30.merged.bai
    jobid: 51
    reason: Missing output files: Samples/Sample30/BAM/Sample30.merged.bai, Samples/Sample30/BAM/Sample30.merged.bam; Input files updated by another job: Samples/Sample30/BAM/Sample30.p1.sorted.bam
    wildcards: sample=Sample30

Submitted job 51 with external jobid 'Your job 4092338 ("snakejob.merge.51.sh") has been submitted'.
